<?xml version="1.0" encoding="UTF-8"?>
<!-- Generated by org.testng.reporters.JUnitReportReporter -->
<testsuite skipped="0" hostname="TESTING-54" name="receivable.payable.scenario.LMS_Receivable_04" tests="8" failures="0" timestamp="2020-02-11T18:04:19 IST" time="492.415" errors="0">
  <testcase name="TC001_LaunchBrowser" time="3.524" classname="receivable.payable.scenario.LMS_Receivable_04"/>
  <testcase name="TC001_PaymentVerification_BeforePayment" time="65.963" classname="receivable.payable.scenario.LMS_Receivable_04"/>
  <testcase name="chargesimplement" time="99.214" classname="receivable.payable.scenario.LMS_Receivable_04"/>
  <testcase name="TC005_verifying2" time="64.625" classname="receivable.payable.scenario.LMS_Receivable_04"/>
  <testcase name="TC003_ReceiptMaker" time="76.194" classname="receivable.payable.scenario.LMS_Receivable_04"/>
  <testcase name="TC005_DepositApprover" time="63.114" classname="receivable.payable.scenario.LMS_Receivable_04"/>
  <testcase name="TC005_verifying3" time="85.898" classname="receivable.payable.scenario.LMS_Receivable_04"/>
  <testcase name="TC005_verifyingInManualAdviceEnquiry" time="33.883" classname="receivable.payable.scenario.LMS_Receivable_04"/>
</testsuite> <!-- receivable.payable.scenario.LMS_Receivable_04 -->
