<?xml version="1.0" encoding="UTF-8"?>
<!-- Generated by org.testng.reporters.JUnitReportReporter -->
<testsuite skipped="0" hostname="TESTING-029" name="BL_main.BL_End2End_35_main" tests="12" failures="0" timestamp="09 Oct 2019 05:54:55 GMT" time="1130.263" errors="0">
  <testcase name="BrowserLaunch" time="6.451" classname="BL_main.BL_End2End_35_main"/>
  <testcase name="LoginApplication" time="322.505" classname="BL_main.BL_End2End_35_main"/>
  <testcase name="TC_QC" time="69.615" classname="BL_main.BL_End2End_35_main"/>
  <testcase name="TC_CRA_1" time="131.862" classname="BL_main.BL_End2End_35_main"/>
  <testcase name="TC_CreditLevels" time="65.598" classname="BL_main.BL_End2End_35_main"/>
  <testcase name="TC_SalesManager" time="38.591" classname="BL_main.BL_End2End_35_main"/>
  <testcase name="TC_PSV" time="91.403" classname="BL_main.BL_End2End_35_main"/>
  <testcase name="TC_PSC" time="47.238" classname="BL_main.BL_End2End_35_main"/>
  <testcase name="TC_Admin" time="84.630" classname="BL_main.BL_End2End_35_main"/>
  <testcase name="TC_PSC2" time="98.688" classname="BL_main.BL_End2End_35_main"/>
  <testcase name="TC_CRAtoQC" time="114.366" classname="BL_main.BL_End2End_35_main"/>
  <testcase name="TC_QC_Fraud" time="59.316" classname="BL_main.BL_End2End_35_main"/>
</testsuite> <!-- BL_main.BL_End2End_35_main -->
