<?xml version="1.0" encoding="UTF-8"?>
<!-- Generated by org.testng.reporters.JUnitReportReporter -->
<testsuite skipped="0" hostname="TESTING-29" name="Demo.LAEP_AutoDev_gtr_50L_main" tests="6" failures="0" timestamp="12 Jul 2019 11:18:28 GMT" time="381.770" errors="0">
  <testcase name="BrowserLaunch" time="3.854" classname="Demo.LAEP_AutoDev_gtr_50L_main"/>
  <testcase name="TC_BL_DDE" time="177.274" classname="Demo.LAEP_AutoDev_gtr_50L_main"/>
  <testcase name="TC_QCstage" time="52.144" classname="Demo.LAEP_AutoDev_gtr_50L_main"/>
  <testcase name="TC_CRA1st" time="51.654" classname="Demo.LAEP_AutoDev_gtr_50L_main"/>
  <testcase name="TC_CRA2" time="38.298" classname="Demo.LAEP_AutoDev_gtr_50L_main"/>
  <testcase name="TC_L5" time="58.546" classname="Demo.LAEP_AutoDev_gtr_50L_main"/>
</testsuite> <!-- Demo.LAEP_AutoDev_gtr_50L_main -->
