<?xml version="1.0" encoding="UTF-8"?>
<!-- Generated by org.testng.reporters.JUnitReportReporter -->
<testsuite skipped="0" hostname="TESTING-029" name="BL_main.BL_End2End_04_main" tests="5" failures="0" timestamp="06 Sep 2019 05:25:40 GMT" time="751.405" errors="0">
  <testcase name="BrowserLaunch" time="9.162" classname="BL_main.BL_End2End_04_main"/>
  <testcase name="LoginApplication" time="423.475" classname="BL_main.BL_End2End_04_main"/>
  <testcase name="TC_QC" time="111.862" classname="BL_main.BL_End2End_04_main"/>
  <testcase name="TC_CRA1st" time="141.464" classname="BL_main.BL_End2End_04_main"/>
  <testcase name="TC_L2" time="65.442" classname="BL_main.BL_End2End_04_main"/>
</testsuite> <!-- BL_main.BL_End2End_04_main -->
