<?xml version="1.0" encoding="UTF-8"?>
<!-- Generated by org.testng.reporters.JUnitReportReporter -->
<testsuite skipped="0" hostname="TESTING-029" name="Demo.LAEP_End2End_49_1_main" tests="6" failures="0" timestamp="21 Sep 2019 07:19:28 GMT" time="963.577" errors="0">
  <testcase name="BrowserLaunch" time="13.628" classname="Demo.LAEP_End2End_49_1_main"/>
  <testcase name="LoginApplication" time="437.408" classname="Demo.LAEP_End2End_49_1_main"/>
  <testcase name="TC_QC" time="185.062" classname="Demo.LAEP_End2End_49_1_main"/>
  <testcase name="TC_CRA_1" time="173.823" classname="Demo.LAEP_End2End_49_1_main"/>
  <testcase name="TC_CreditLevels" time="94.384" classname="Demo.LAEP_End2End_49_1_main"/>
  <testcase name="TC_SalesManager" time="59.272" classname="Demo.LAEP_End2End_49_1_main"/>
</testsuite> <!-- Demo.LAEP_End2End_49_1_main -->
