<?xml version="1.0" encoding="UTF-8"?>
<!-- Generated by org.testng.reporters.JUnitReportReporter -->
<testsuite skipped="0" hostname="TESTING-29" name="Demo.CLICX_Execute" tests="1" failures="0" timestamp="28 Jun 2019 09:07:22 GMT" time="3.295" errors="0">
  <testcase name="TC001_LaunchBrowser" time="3.295" classname="Demo.CLICX_Execute"/>
</testsuite> <!-- Demo.CLICX_Execute -->
