<?xml version="1.0" encoding="UTF-8"?>
<!-- Generated by org.testng.reporters.JUnitReportReporter -->
<testsuite skipped="0" hostname="TESTING-nasr-PC" name="LMS_Scenarios.LMS_Online_Excesspay_Cancel24" tests="8" failures="0" timestamp="08 May 2020 14:04:57 GMT" time="531.961" errors="0">
  <testcase name="TC001_LaunchBrowser" time="4.764" classname="LMS_Scenarios.LMS_Online_Excesspay_Cancel24"/>
  <testcase name="TC001_PaymentVerification_BeforePayment" time="102.811" classname="LMS_Scenarios.LMS_Online_Excesspay_Cancel24"/>
  <testcase name="TC002_ReceiptMaker" time="100.422" classname="LMS_Scenarios.LMS_Online_Excesspay_Cancel24"/>
  <testcase name="TC003_ReceiptApprover" time="57.499" classname="LMS_Scenarios.LMS_Online_Excesspay_Cancel24"/>
  <testcase name="TC004_PaymentVerification" time="70.460" classname="LMS_Scenarios.LMS_Online_Excesspay_Cancel24"/>
  <testcase name="TC005_ReceiptCancel" time="55.738" classname="LMS_Scenarios.LMS_Online_Excesspay_Cancel24"/>
  <testcase name="TC006_ApproveCancelledReceipt" time="52.300" classname="LMS_Scenarios.LMS_Online_Excesspay_Cancel24"/>
  <testcase name="TC007_PaymentVerificatiion" time="87.967" classname="LMS_Scenarios.LMS_Online_Excesspay_Cancel24"/>
</testsuite> <!-- LMS_Scenarios.LMS_Online_Excesspay_Cancel24 -->
