<?xml version="1.0" encoding="UTF-8"?>
<!-- Generated by org.testng.reporters.JUnitReportReporter -->
<testsuite skipped="0" hostname="TESTING-029" name="BL_main.BL_End2End_36_main" tests="13" failures="0" timestamp="20 Sep 2019 07:24:59 GMT" time="1559.114" errors="0">
  <testcase name="BrowserLaunch" time="6.797" classname="BL_main.BL_End2End_36_main"/>
  <testcase name="LoginApplication" time="367.982" classname="BL_main.BL_End2End_36_main"/>
  <testcase name="TC_QCstage" time="183.003" classname="BL_main.BL_End2End_36_main"/>
  <testcase name="TC_CRA_1" time="126.868" classname="BL_main.BL_End2End_36_main"/>
  <testcase name="TC_CreditLevels" time="69.766" classname="BL_main.BL_End2End_36_main"/>
  <testcase name="TC_SalesManager" time="39.945" classname="BL_main.BL_End2End_36_main"/>
  <testcase name="TC_PSV" time="90.344" classname="BL_main.BL_End2End_36_main"/>
  <testcase name="TC_PSC" time="53.622" classname="BL_main.BL_End2End_36_main"/>
  <testcase name="TC_Admin" time="111.020" classname="BL_main.BL_End2End_36_main"/>
  <testcase name="TC_PSC2" time="69.187" classname="BL_main.BL_End2End_36_main"/>
  <testcase name="TC_OPRMAKER" time="199.401" classname="BL_main.BL_End2End_36_main"/>
  <testcase name="TC_OPRAPPROVER" time="152.208" classname="BL_main.BL_End2End_36_main"/>
  <testcase name="TC_AUTHOR1" time="88.971" classname="BL_main.BL_End2End_36_main"/>
</testsuite> <!-- BL_main.BL_End2End_36_main -->
