<?xml version="1.0" encoding="UTF-8"?>
<!-- Generated by org.testng.reporters.JUnitReportReporter -->
<testsuite skipped="0" hostname="TESTING-029" name="BL_main.BL_End2End_49_main" tests="6" failures="0" timestamp="10 Oct 2019 10:48:04 GMT" time="633.814" errors="0">
  <testcase name="BrowserLaunch" time="1.809" classname="BL_main.BL_End2End_49_main"/>
  <testcase name="LoginApplication" time="356.145" classname="BL_main.BL_End2End_49_main"/>
  <testcase name="TC_QC" time="51.845" classname="BL_main.BL_End2End_49_main"/>
  <testcase name="TC_CRA_1" time="114.153" classname="BL_main.BL_End2End_49_main"/>
  <testcase name="TC_CreditLevels" time="66.238" classname="BL_main.BL_End2End_49_main"/>
  <testcase name="TC_SalesManager" time="43.624" classname="BL_main.BL_End2End_49_main"/>
</testsuite> <!-- BL_main.BL_End2End_49_main -->
