<?xml version="1.0" encoding="UTF-8"?>
<!-- Generated by org.testng.reporters.JUnitReportReporter -->
<testsuite skipped="0" hostname="TESTING-nasr-PC" name="LMS_Scenarios.LMS_Online_Resubmit02" tests="7" failures="0" timestamp="08 May 2020 07:33:50 GMT" time="479.551" errors="0">
  <testcase name="TC001_LaunchBrowser" time="5.926" classname="LMS_Scenarios.LMS_Online_Resubmit02"/>
  <testcase name="TC001_PaymentVerification_BeforePayment" time="86.708" classname="LMS_Scenarios.LMS_Online_Resubmit02"/>
  <testcase name="TC002_ReceiptMaker" time="118.097" classname="LMS_Scenarios.LMS_Online_Resubmit02"/>
  <testcase name="TC003_ReceiptApprover" time="58.217" classname="LMS_Scenarios.LMS_Online_Resubmit02"/>
  <testcase name="TC004_ReceiptMaker" time="54.328" classname="LMS_Scenarios.LMS_Online_Resubmit02"/>
  <testcase name="TC005_ApproveReciept" time="56.060" classname="LMS_Scenarios.LMS_Online_Resubmit02"/>
  <testcase name="TC006_PaymentVerificatiion" time="100.215" classname="LMS_Scenarios.LMS_Online_Resubmit02"/>
</testsuite> <!-- LMS_Scenarios.LMS_Online_Resubmit02 -->
