<?xml version="1.0" encoding="UTF-8"?>
<!-- Generated by org.testng.reporters.JUnitReportReporter -->
<testsuite skipped="0" hostname="TESTING-nasr-PC" name="LMS_Scenarios.LMS_Cheque_CancelPayment20" tests="9" failures="0" timestamp="08 May 2020 13:18:00 GMT" time="592.608" errors="0">
  <testcase name="TC001_LaunchBrowser" time="4.961" classname="LMS_Scenarios.LMS_Cheque_CancelPayment20"/>
  <testcase name="TC001_PaymentVerification_BeforePayment" time="87.599" classname="LMS_Scenarios.LMS_Cheque_CancelPayment20"/>
  <testcase name="TC002_ReceiptMaker" time="93.790" classname="LMS_Scenarios.LMS_Cheque_CancelPayment20"/>
  <testcase name="TC003_DepositMaker" time="62.927" classname="LMS_Scenarios.LMS_Cheque_CancelPayment20"/>
  <testcase name="TC004_RealizationMaker" time="54.818" classname="LMS_Scenarios.LMS_Cheque_CancelPayment20"/>
  <testcase name="TC005_PaymentVerificatiion" time="101.766" classname="LMS_Scenarios.LMS_Cheque_CancelPayment20"/>
  <testcase name="TC006_RealizationMaker" time="51.966" classname="LMS_Scenarios.LMS_Cheque_CancelPayment20"/>
  <testcase name="TC007_RealizationApprover" time="46.524" classname="LMS_Scenarios.LMS_Cheque_CancelPayment20"/>
  <testcase name="TC008_PaymentVerificatiion" time="88.257" classname="LMS_Scenarios.LMS_Cheque_CancelPayment20"/>
</testsuite> <!-- LMS_Scenarios.LMS_Cheque_CancelPayment20 -->
