<?xml version="1.0" encoding="UTF-8"?>
<!-- Generated by org.testng.reporters.JUnitReportReporter -->
<testsuite skipped="0" hostname="TESTING-nasr-PC" name="LMS_Scenarios.LMS_Valuedate_PreviousPaymentDate16" tests="7" failures="0" timestamp="08 May 2020 03:40:19 GMT" time="1270.188" errors="0">
  <testcase name="TC001_LaunchBrowser" time="4.421" classname="LMS_Scenarios.LMS_Valuedate_PreviousPaymentDate16"/>
  <testcase name="TC001_PaymentVerification_BeforePayment" time="88.100" classname="LMS_Scenarios.LMS_Valuedate_PreviousPaymentDate16"/>
  <testcase name="TC002_ReceiptMaker" time="119.346" classname="LMS_Scenarios.LMS_Valuedate_PreviousPaymentDate16"/>
  <testcase name="TC003_ReceiptApprover" time="58.824" classname="LMS_Scenarios.LMS_Valuedate_PreviousPaymentDate16"/>
  <testcase name="TC004_PaymentVerificatiion" time="100.887" classname="LMS_Scenarios.LMS_Valuedate_PreviousPaymentDate16"/>
  <testcase name="RunEOD" time="829.918" classname="LMS_Scenarios.LMS_Valuedate_PreviousPaymentDate16"/>
  <testcase name="TC006_ReceiptMaker" time="68.692" classname="LMS_Scenarios.LMS_Valuedate_PreviousPaymentDate16"/>
</testsuite> <!-- LMS_Scenarios.LMS_Valuedate_PreviousPaymentDate16 -->
