<?xml version="1.0" encoding="UTF-8"?>
<!-- Generated by org.testng.reporters.JUnitReportReporter -->
<testsuite skipped="0" hostname="TESTING-029" name="BL_main.BL_End2End_82_main" tests="10" failures="0" timestamp="10 Sep 2019 10:28:28 GMT" time="1058.520" errors="0">
  <testcase name="BrowserLaunch" time="5.173" classname="BL_main.BL_End2End_82_main"/>
  <testcase name="LoginApplication" time="392.987" classname="BL_main.BL_End2End_82_main"/>
  <testcase name="TC_QC" time="77.163" classname="BL_main.BL_End2End_82_main"/>
  <testcase name="TC_CRA_1" time="149.286" classname="BL_main.BL_End2End_82_main"/>
  <testcase name="TC_CreditLevels" time="71.970" classname="BL_main.BL_End2End_82_main"/>
  <testcase name="TC_SalesManager" time="55.534" classname="BL_main.BL_End2End_82_main"/>
  <testcase name="TC_PSV" time="114.433" classname="BL_main.BL_End2End_82_main"/>
  <testcase name="TC_PSC" time="47.480" classname="BL_main.BL_End2End_82_main"/>
  <testcase name="TC_Admin" time="87.621" classname="BL_main.BL_End2End_82_main"/>
  <testcase name="TC_PSC2" time="56.873" classname="BL_main.BL_End2End_82_main"/>
</testsuite> <!-- BL_main.BL_End2End_82_main -->
