<?xml version="1.0" encoding="UTF-8"?>
<!-- Generated by org.testng.reporters.JUnitReportReporter -->
<testsuite skipped="0" hostname="TESTING-029" name="Demo.LAEP_End2End_92_main" tests="9" failures="0" timestamp="21 Sep 2019 12:08:24 GMT" time="1166.018" errors="0">
  <testcase name="BrowserLaunch" time="12.291" classname="Demo.LAEP_End2End_92_main"/>
  <testcase name="LoginApplication" time="516.506" classname="Demo.LAEP_End2End_92_main"/>
  <testcase name="TC_QC" time="68.081" classname="Demo.LAEP_End2End_92_main"/>
  <testcase name="TC_CRA_1" time="174.983" classname="Demo.LAEP_End2End_92_main"/>
  <testcase name="TC_CreditLevels" time="85.713" classname="Demo.LAEP_End2End_92_main"/>
  <testcase name="TC_SalesManager" time="56.951" classname="Demo.LAEP_End2End_92_main"/>
  <testcase name="TC_PSV" time="79.133" classname="Demo.LAEP_End2End_92_main"/>
  <testcase name="TC_PSC" time="87.022" classname="Demo.LAEP_End2End_92_main"/>
  <testcase name="TC_OPRMAKER" time="85.338" classname="Demo.LAEP_End2End_92_main"/>
</testsuite> <!-- Demo.LAEP_End2End_92_main -->
