<?xml version="1.0" encoding="UTF-8"?>
<!-- Generated by org.testng.reporters.JUnitReportReporter -->
<testsuite skipped="0" hostname="TESTING-nasr-PC" name="LMS_Scenarios.LMS_Cheque_DepositApprover_TwoRequest11" tests="8" failures="0" timestamp="08 May 2020 11:12:49 GMT" time="516.042" errors="0">
  <testcase name="TC001_LaunchBrowser" time="8.732" classname="LMS_Scenarios.LMS_Cheque_DepositApprover_TwoRequest11"/>
  <testcase name="TC001_PaymentVerification_BeforePayment" time="88.116" classname="LMS_Scenarios.LMS_Cheque_DepositApprover_TwoRequest11"/>
  <testcase name="TC002_ReceiptMaker" time="93.236" classname="LMS_Scenarios.LMS_Cheque_DepositApprover_TwoRequest11"/>
  <testcase name="TC003_DepositMaker" time="63.080" classname="LMS_Scenarios.LMS_Cheque_DepositApprover_TwoRequest11"/>
  <testcase name="TC004_ReceiptMaker" time="93.224" classname="LMS_Scenarios.LMS_Cheque_DepositApprover_TwoRequest11"/>
  <testcase name="TC005_DepositApprover" time="55.120" classname="LMS_Scenarios.LMS_Cheque_DepositApprover_TwoRequest11"/>
  <testcase name="TC005_DepositMaker" time="62.662" classname="LMS_Scenarios.LMS_Cheque_DepositApprover_TwoRequest11"/>
  <testcase name="TC006_DepositApprover02" time="51.872" classname="LMS_Scenarios.LMS_Cheque_DepositApprover_TwoRequest11"/>
</testsuite> <!-- LMS_Scenarios.LMS_Cheque_DepositApprover_TwoRequest11 -->
