<?xml version="1.0" encoding="UTF-8"?>
<!-- Generated by org.testng.reporters.JUnitReportReporter -->
<testsuite skipped="0" hostname="TESTING-029" name="BL_main.BL_End2End_57_main" tests="8" failures="0" timestamp="10 Oct 2019 11:35:29 GMT" time="833.650" errors="0">
  <testcase name="BrowserLaunch" time="2.291" classname="BL_main.BL_End2End_57_main"/>
  <testcase name="LoginApplication" time="332.457" classname="BL_main.BL_End2End_57_main"/>
  <testcase name="TC_QC" time="47.706" classname="BL_main.BL_End2End_57_main"/>
  <testcase name="TC_CRA_1" time="116.872" classname="BL_main.BL_End2End_57_main"/>
  <testcase name="TC_CreditLevels" time="65.425" classname="BL_main.BL_End2End_57_main"/>
  <testcase name="TC_SalesManager" time="35.955" classname="BL_main.BL_End2End_57_main"/>
  <testcase name="TC_PSV" time="179.784" classname="BL_main.BL_End2End_57_main"/>
  <testcase name="TC_PSC" time="53.160" classname="BL_main.BL_End2End_57_main"/>
</testsuite> <!-- BL_main.BL_End2End_57_main -->
