<?xml version="1.0" encoding="UTF-8"?>
<!-- Generated by org.testng.reporters.JUnitReportReporter -->
<testsuite skipped="0" hostname="TESTING-029" name="BL_main.BL_End2End_20_main" tests="5" failures="0" timestamp="30 Aug 2019 09:35:24 GMT" time="647.756" errors="0">
  <testcase name="BrowserLaunch" time="5.769" classname="BL_main.BL_End2End_20_main"/>
  <testcase name="LoginApplication" time="349.406" classname="BL_main.BL_End2End_20_main"/>
  <testcase name="TC_QCstage" time="84.690" classname="BL_main.BL_End2End_20_main"/>
  <testcase name="TC_CRA1st" time="136.601" classname="BL_main.BL_End2End_20_main"/>
  <testcase name="TC_CreditLevels" time="71.290" classname="BL_main.BL_End2End_20_main"/>
</testsuite> <!-- BL_main.BL_End2End_20_main -->
