<?xml version="1.0" encoding="UTF-8"?>
<!-- Generated by org.testng.reporters.JUnitReportReporter -->
<testsuite skipped="0" hostname="TESTING-029" name="BL_main.BL_End2End_86_main" tests="9" failures="0" timestamp="04 Oct 2019 05:14:09 GMT" time="810.713" errors="0">
  <testcase name="BrowserLaunch" time="3.514" classname="BL_main.BL_End2End_86_main"/>
  <testcase name="LoginApplication" time="315.088" classname="BL_main.BL_End2End_86_main"/>
  <testcase name="TC_QCstage" time="54.014" classname="BL_main.BL_End2End_86_main"/>
  <testcase name="TC_CRA1st" time="120.290" classname="BL_main.BL_End2End_86_main"/>
  <testcase name="TC_CreditLevels" time="64.268" classname="BL_main.BL_End2End_86_main"/>
  <testcase name="TC_SalesManager" time="37.969" classname="BL_main.BL_End2End_86_main"/>
  <testcase name="TC_PSV" time="74.914" classname="BL_main.BL_End2End_86_main"/>
  <testcase name="TC_PSC" time="114.175" classname="BL_main.BL_End2End_86_main"/>
  <testcase name="TC_adminVerifyReject" time="26.481" classname="BL_main.BL_End2End_86_main"/>
</testsuite> <!-- BL_main.BL_End2End_86_main -->
