<?xml version="1.0" encoding="UTF-8"?>
<!-- Generated by org.testng.reporters.JUnitReportReporter -->
<testsuite skipped="0" hostname="TESTING-029" name="BL_main.BL_End2End_16_main" tests="6" failures="0" timestamp="30 Aug 2019 07:32:16 GMT" time="658.245" errors="0">
  <testcase name="BrowserLaunch" time="10.723" classname="BL_main.BL_End2End_16_main"/>
  <testcase name="LoginApplication" time="353.291" classname="BL_main.BL_End2End_16_main"/>
  <testcase name="TC_QC" time="62.906" classname="BL_main.BL_End2End_16_main"/>
  <testcase name="TC_CRA_1" time="119.866" classname="BL_main.BL_End2End_16_main"/>
  <testcase name="TC_L2" time="73.580" classname="BL_main.BL_End2End_16_main"/>
  <testcase name="TC_CRA_VerifyCreditLevel" time="37.879" classname="BL_main.BL_End2End_16_main"/>
</testsuite> <!-- BL_main.BL_End2End_16_main -->
