<?xml version="1.0" encoding="UTF-8"?>
<!-- Generated by org.testng.reporters.JUnitReportReporter -->
<testsuite skipped="0" hostname="TESTING-nasr-PC" name="LMS_Scenarios.LMS_Cheque_Bounce" tests="11" failures="0" timestamp="08 May 2020 08:25:06 GMT" time="726.166" errors="0">
  <testcase name="TC001_LaunchBrowser" time="6.779" classname="LMS_Scenarios.LMS_Cheque_Bounce"/>
  <testcase name="TC001_PaymentVerification_BeforePayment" time="87.203" classname="LMS_Scenarios.LMS_Cheque_Bounce"/>
  <testcase name="TC002_ReceiptMaker" time="90.827" classname="LMS_Scenarios.LMS_Cheque_Bounce"/>
  <testcase name="TC003_DepositMaker" time="61.844" classname="LMS_Scenarios.LMS_Cheque_Bounce"/>
  <testcase name="TC004_RealizationMaker" time="58.744" classname="LMS_Scenarios.LMS_Cheque_Bounce"/>
  <testcase name="TC005_DepositMaker_submit" time="54.407" classname="LMS_Scenarios.LMS_Cheque_Bounce"/>
  <testcase name="TC006_DepositAprover_Approve" time="53.591" classname="LMS_Scenarios.LMS_Cheque_Bounce"/>
  <testcase name="TC007_PaymentVerificatiion" time="99.244" classname="LMS_Scenarios.LMS_Cheque_Bounce"/>
  <testcase name="TC008_RealizationMaker" time="68.211" classname="LMS_Scenarios.LMS_Cheque_Bounce"/>
  <testcase name="TC009_RealizationApprover" time="49.196" classname="LMS_Scenarios.LMS_Cheque_Bounce"/>
  <testcase name="TC010_PaymentVerificatiion" time="96.120" classname="LMS_Scenarios.LMS_Cheque_Bounce"/>
</testsuite> <!-- LMS_Scenarios.LMS_Cheque_Bounce -->
