<?xml version="1.0" encoding="UTF-8"?>
<!-- Generated by org.testng.reporters.JUnitReportReporter -->
<testsuite skipped="0" hostname="TESTING-029" name="Demo.LAEP_End2End_56_main" tests="8" failures="0" timestamp="21 Sep 2019 09:38:28 GMT" time="953.070" errors="0">
  <testcase name="BrowserLaunch" time="1.984" classname="Demo.LAEP_End2End_56_main"/>
  <testcase name="LoginApplication" time="444.422" classname="Demo.LAEP_End2End_56_main"/>
  <testcase name="TC_QC" time="64.730" classname="Demo.LAEP_End2End_56_main"/>
  <testcase name="TC_CRA_1" time="156.444" classname="Demo.LAEP_End2End_56_main"/>
  <testcase name="TC_CreditLevels" time="84.101" classname="Demo.LAEP_End2End_56_main"/>
  <testcase name="TC_SalesManager" time="53.394" classname="Demo.LAEP_End2End_56_main"/>
  <testcase name="TC_PSV" time="78.985" classname="Demo.LAEP_End2End_56_main"/>
  <testcase name="TC_PSC" time="69.010" classname="Demo.LAEP_End2End_56_main"/>
</testsuite> <!-- Demo.LAEP_End2End_56_main -->
