<?xml version="1.0" encoding="UTF-8"?>
<!-- Generated by org.testng.reporters.JUnitReportReporter -->
<testsuite skipped="0" hostname="TESTING-nasr-PC" name="LMS_Scenarios.LMS_Online_Positive01" tests="5" failures="0" timestamp="08 May 2020 06:53:28 GMT" time="380.101" errors="0">
  <testcase name="TC001_LaunchBrowser" time="4.438" classname="LMS_Scenarios.LMS_Online_Positive01"/>
  <testcase name="TC001_PaymentVerification_BeforePayment" time="89.104" classname="LMS_Scenarios.LMS_Online_Positive01"/>
  <testcase name="TC002_ReceiptMaker" time="123.286" classname="LMS_Scenarios.LMS_Online_Positive01"/>
  <testcase name="TC003_ReceiptApprover" time="59.339" classname="LMS_Scenarios.LMS_Online_Positive01"/>
  <testcase name="TC004_PaymentVerificatiion" time="103.934" classname="LMS_Scenarios.LMS_Online_Positive01"/>
</testsuite> <!-- LMS_Scenarios.LMS_Online_Positive01 -->
