<?xml version="1.0" encoding="UTF-8"?>
<!-- Generated by org.testng.reporters.JUnitReportReporter -->
<testsuite skipped="0" hostname="TESTING-nasr-PC" name="scenarios.mobileweb.Sprint13" tests="5" failures="0" timestamp="10 Mar 2021 07:38:42 GMT" time="767.639" errors="0">
  <testcase name="TC_C471757" time="132.744" classname="scenarios.mobileweb.Sprint13"/>
  <testcase name="TC_C471805" time="167.357" classname="scenarios.mobileweb.Sprint13"/>
  <testcase name="TC_C471806" time="168.761" classname="scenarios.mobileweb.Sprint13"/>
  <testcase name="TC_C471807" time="194.416" classname="scenarios.mobileweb.Sprint13"/>
  <testcase name="TC_C471804" time="104.361" classname="scenarios.mobileweb.Sprint13"/>
</testsuite> <!-- scenarios.mobileweb.Sprint13 -->
