<?xml version="1.0" encoding="UTF-8"?>
<!-- Generated by org.testng.reporters.JUnitReportReporter -->
<testsuite skipped="0" hostname="TESTING-nasr-PC" name="feewaivers.Scenarios.LMS_FeeWaiver_02" tests="6" failures="0" timestamp="14 Apr 2020 10:34:05 GMT" time="345.777" errors="0">
  <testcase name="TC001_LaunchBrowser" time="10.734" classname="feewaivers.Scenarios.LMS_FeeWaiver_02"/>
  <testcase name="TC001_PaymentVerification_BeforePayment" time="67.384" classname="feewaivers.Scenarios.LMS_FeeWaiver_02"/>
  <testcase name="TC004_PenaltyWaive_FullAmt" time="63.528" classname="feewaivers.Scenarios.LMS_FeeWaiver_02"/>
  <testcase name="TC002_ReceivableCharge" time="99.710" classname="feewaivers.Scenarios.LMS_FeeWaiver_02"/>
  <testcase name="TC005_verifyingFeeEnquiry" time="43.340" classname="feewaivers.Scenarios.LMS_FeeWaiver_02"/>
  <testcase name="TC005_verifying" time="61.081" classname="feewaivers.Scenarios.LMS_FeeWaiver_02"/>
</testsuite> <!-- feewaivers.Scenarios.LMS_FeeWaiver_02 -->
