<?xml version="1.0" encoding="UTF-8"?>
<!-- Generated by org.testng.reporters.JUnitReportReporter -->
<testsuite skipped="0" hostname="TESTING-029" name="Demo.LAEP_End2End_41_main" tests="5" failures="0" timestamp="09 Aug 2019 05:26:02 GMT" time="382.265" errors="0">
  <testcase name="BrowserLaunch" time="7.892" classname="Demo.LAEP_End2End_41_main"/>
  <testcase name="LoginApplication" time="209.926" classname="Demo.LAEP_End2End_41_main"/>
  <testcase name="TC_QC" time="39.662" classname="Demo.LAEP_End2End_41_main"/>
  <testcase name="TC_CRA_1" time="39.110" classname="Demo.LAEP_End2End_41_main"/>
  <testcase name="TC_CRA_2nd" time="85.675" classname="Demo.LAEP_End2End_41_main"/>
</testsuite> <!-- Demo.LAEP_End2End_41_main -->
