<?xml version="1.0" encoding="UTF-8"?>
<!-- Generated by org.testng.reporters.JUnitReportReporter -->
<testsuite skipped="0" hostname="TESTING-nasr-PC" name="loancancellation.scenarios.LMS_LoanCancellation_Resubmit" tests="7" failures="0" timestamp="16 Apr 2020 09:53:00 GMT" time="345.520" errors="0">
  <testcase name="TC001_LaunchBrowser" time="11.054" classname="loancancellation.scenarios.LMS_LoanCancellation_Resubmit"/>
  <testcase name="TC001_PaymentVerification_BeforePayment" time="65.357" classname="loancancellation.scenarios.LMS_LoanCancellation_Resubmit"/>
  <testcase name="TC002_CancelLoanSubmit" time="49.395" classname="loancancellation.scenarios.LMS_LoanCancellation_Resubmit"/>
  <testcase name="TC003_CancelLoanResubmit" time="62.288" classname="loancancellation.scenarios.LMS_LoanCancellation_Resubmit"/>
  <testcase name="TC004_CancelLoanSubmit" time="50.130" classname="loancancellation.scenarios.LMS_LoanCancellation_Resubmit"/>
  <testcase name="TC005_CancelLoanApprove" time="50.821" classname="loancancellation.scenarios.LMS_LoanCancellation_Resubmit"/>
  <testcase name="TC006_verifying" time="56.475" classname="loancancellation.scenarios.LMS_LoanCancellation_Resubmit"/>
</testsuite> <!-- loancancellation.scenarios.LMS_LoanCancellation_Resubmit -->
