<?xml version="1.0" encoding="UTF-8"?>
<!-- Generated by org.testng.reporters.JUnitReportReporter -->
<testsuite skipped="0" hostname="TESTING-029" name="BL_main.BL_End2End_79_main" tests="7" failures="0" timestamp="14 Oct 2019 09:54:44 GMT" time="717.237" errors="0">
  <testcase name="BrowserLaunch" time="3.483" classname="BL_main.BL_End2End_79_main"/>
  <testcase name="LoginApplication" time="316.719" classname="BL_main.BL_End2End_79_main"/>
  <testcase name="TC_QCstage" time="53.028" classname="BL_main.BL_End2End_79_main"/>
  <testcase name="TC_CRA1st" time="131.268" classname="BL_main.BL_End2End_79_main"/>
  <testcase name="TC_CreditLevels" time="66.187" classname="BL_main.BL_End2End_79_main"/>
  <testcase name="TC_SalesManager" time="38.259" classname="BL_main.BL_End2End_79_main"/>
  <testcase name="TC_PSV" time="108.293" classname="BL_main.BL_End2End_79_main"/>
</testsuite> <!-- BL_main.BL_End2End_79_main -->
