<?xml version="1.0" encoding="UTF-8"?>
<!-- Generated by org.testng.reporters.JUnitReportReporter -->
<testsuite skipped="0" hostname="TESTING-54" name="receivable.payable.scenario.LMS_Payable_11" tests="8" failures="0" timestamp="2020-02-17T15:31:07 IST" time="464.739" errors="0">
  <testcase name="TC001_LaunchBrowser" time="3.349" classname="receivable.payable.scenario.LMS_Payable_11"/>
  <testcase name="TC001_PaymentVerification_BeforePayment" time="69.319" classname="receivable.payable.scenario.LMS_Payable_11"/>
  <testcase name="chargesimplement" time="104.154" classname="receivable.payable.scenario.LMS_Payable_11"/>
  <testcase name="TC003_verifyingInManualAdviceEnquiry" time="33.967" classname="receivable.payable.scenario.LMS_Payable_11"/>
  <testcase name="TC003_ReceiptMaker" time="67.465" classname="receivable.payable.scenario.LMS_Payable_11"/>
  <testcase name="TC005_DepositApprover" time="65.835" classname="receivable.payable.scenario.LMS_Payable_11"/>
  <testcase name="TC005_verifying" time="86.703" classname="receivable.payable.scenario.LMS_Payable_11"/>
  <testcase name="TC005_verifyingInManualAdviceEnquiry" time="33.947" classname="receivable.payable.scenario.LMS_Payable_11"/>
</testsuite> <!-- receivable.payable.scenario.LMS_Payable_11 -->
