<?xml version="1.0" encoding="UTF-8"?>
<!-- Generated by org.testng.reporters.JUnitReportReporter -->
<testsuite skipped="0" hostname="TESTING-54" name="receivable.payable.scenario.LMS_Receivable_06" tests="7" failures="0" timestamp="2020-02-12T15:25:45 IST" time="435.117" errors="0">
  <testcase name="TC001_LaunchBrowser" time="2.072" classname="receivable.payable.scenario.LMS_Receivable_06"/>
  <testcase name="TC001_PaymentVerification_BeforePayment" time="66.069" classname="receivable.payable.scenario.LMS_Receivable_06"/>
  <testcase name="chargesimplement" time="101.707" classname="receivable.payable.scenario.LMS_Receivable_06"/>
  <testcase name="TC003_ReceiptMaker" time="82.858" classname="receivable.payable.scenario.LMS_Receivable_06"/>
  <testcase name="TC005_DepositApprover" time="62.368" classname="receivable.payable.scenario.LMS_Receivable_06"/>
  <testcase name="TC005_verifying" time="85.929" classname="receivable.payable.scenario.LMS_Receivable_06"/>
  <testcase name="TC005_verifyingInManualAdviceEnquiry" time="34.114" classname="receivable.payable.scenario.LMS_Receivable_06"/>
</testsuite> <!-- receivable.payable.scenario.LMS_Receivable_06 -->
