<?xml version="1.0" encoding="UTF-8"?>
<!-- Generated by org.testng.reporters.JUnitReportReporter -->
<testsuite skipped="11" hostname="TESTING-29" name="Demo.CLICX_LAEP_FI" tests="14" failures="0" timestamp="05 Jul 2019 10:27:05 GMT" time="253.922" errors="0">
  <testcase name="BrowserLaunch" time="2.846" classname="Demo.CLICX_LAEP_FI"/>
  <testcase name="LoginApplication" time="228.328" classname="Demo.CLICX_LAEP_FI"/>
  <testcase name="TC_QCstage" time="22.748" classname="Demo.CLICX_LAEP_FI"/>
  <testcase name="TC_RSM" classname="Demo.CLICX_LAEP_FI">
    <skipped/>
  </testcase> <!-- TC_RSM -->
  <testcase name="TC_PSC2" classname="Demo.CLICX_LAEP_FI">
    <skipped/>
  </testcase> <!-- TC_PSC2 -->
  <testcase name="TC_admin" classname="Demo.CLICX_LAEP_FI">
    <skipped/>
  </testcase> <!-- TC_admin -->
  <testcase name="TC_CRA_2nd" classname="Demo.CLICX_LAEP_FI">
    <skipped/>
  </testcase> <!-- TC_CRA_2nd -->
  <testcase name="TC_L1" classname="Demo.CLICX_LAEP_FI">
    <skipped/>
  </testcase> <!-- TC_L1 -->
  <testcase name="TC_OPRAPPROVER" classname="Demo.CLICX_LAEP_FI">
    <skipped/>
  </testcase> <!-- TC_OPRAPPROVER -->
  <testcase name="TC_AUTHOR1" classname="Demo.CLICX_LAEP_FI">
    <skipped/>
  </testcase> <!-- TC_AUTHOR1 -->
  <testcase name="TC_PSC" classname="Demo.CLICX_LAEP_FI">
    <skipped/>
  </testcase> <!-- TC_PSC -->
  <testcase name="TC_CRA_1" classname="Demo.CLICX_LAEP_FI">
    <skipped/>
  </testcase> <!-- TC_CRA_1 -->
  <testcase name="TC_PSV" classname="Demo.CLICX_LAEP_FI">
    <skipped/>
  </testcase> <!-- TC_PSV -->
  <testcase name="TC_OPRMAKER" classname="Demo.CLICX_LAEP_FI">
    <skipped/>
  </testcase> <!-- TC_OPRMAKER -->
</testsuite> <!-- Demo.CLICX_LAEP_FI -->
