<?xml version="1.0" encoding="UTF-8"?>
<!-- Generated by org.testng.reporters.JUnitReportReporter -->
<testsuite skipped="0" hostname="TESTING-29" name="Demo.CLIX_LAEP_23rd_main" tests="6" failures="0" timestamp="18 Jul 2019 06:31:41 GMT" time="403.403" errors="0">
  <testcase name="BrowserLaunch" time="3.217" classname="Demo.CLIX_LAEP_23rd_main"/>
  <testcase name="TC_BL_DDE" time="200.983" classname="Demo.CLIX_LAEP_23rd_main"/>
  <testcase name="TC_QCstage" time="52.216" classname="Demo.CLIX_LAEP_23rd_main"/>
  <testcase name="TC_CRA1st" time="51.812" classname="Demo.CLIX_LAEP_23rd_main"/>
  <testcase name="TC_CRA2" time="38.937" classname="Demo.CLIX_LAEP_23rd_main"/>
  <testcase name="TC_L2" time="56.238" classname="Demo.CLIX_LAEP_23rd_main"/>
</testsuite> <!-- Demo.CLIX_LAEP_23rd_main -->
