<?xml version="1.0" encoding="UTF-8"?>
<!-- Generated by org.testng.reporters.JUnitReportReporter -->
<testsuite skipped="0" hostname="TESTING-029" name="Demo.LAEP_End2End_81_main" tests="10" failures="0" timestamp="14 Aug 2019 10:07:07 GMT" time="1058.626" errors="0">
  <testcase name="BrowserLaunch" time="2.975" classname="Demo.LAEP_End2End_81_main"/>
  <testcase name="LoginApplication" time="371.424" classname="Demo.LAEP_End2End_81_main"/>
  <testcase name="TC_QC" time="76.914" classname="Demo.LAEP_End2End_81_main"/>
  <testcase name="TC_CRA_1" time="114.721" classname="Demo.LAEP_End2End_81_main"/>
  <testcase name="TC_L2" time="58.091" classname="Demo.LAEP_End2End_81_main"/>
  <testcase name="TC_ZSM" time="41.323" classname="Demo.LAEP_End2End_81_main"/>
  <testcase name="TC_PSV" time="78.653" classname="Demo.LAEP_End2End_81_main"/>
  <testcase name="TC_PSC" time="90.051" classname="Demo.LAEP_End2End_81_main"/>
  <testcase name="TC_admin" time="156.030" classname="Demo.LAEP_End2End_81_main"/>
  <testcase name="TC_PSC2" time="68.444" classname="Demo.LAEP_End2End_81_main"/>
</testsuite> <!-- Demo.LAEP_End2End_81_main -->
