<?xml version="1.0" encoding="UTF-8"?>
<!-- Generated by org.testng.reporters.JUnitReportReporter -->
<testsuite skipped="0" hostname="TESTING-nasr-PC" name="LMS_Scenarios.LMS_DD_ValueDate_ExcessPayment15" tests="10" failures="0" timestamp="29 Apr 2020 08:09:46 GMT" time="1132.386" errors="0">
  <testcase name="TC001_LaunchBrowser" time="5.302" classname="LMS_Scenarios.LMS_DD_ValueDate_ExcessPayment15"/>
  <testcase name="TC001_PaymentVerification_BeforePayment" time="87.541" classname="LMS_Scenarios.LMS_DD_ValueDate_ExcessPayment15"/>
  <testcase name="TC002_ReceiptMaker" time="99.717" classname="LMS_Scenarios.LMS_DD_ValueDate_ExcessPayment15"/>
  <testcase name="TC003_DepositMaker" time="62.371" classname="LMS_Scenarios.LMS_DD_ValueDate_ExcessPayment15"/>
  <testcase name="TC004_RealizationMaker" time="55.965" classname="LMS_Scenarios.LMS_DD_ValueDate_ExcessPayment15"/>
  <testcase name="TC005_PaymentVerificatiion" time="101.798" classname="LMS_Scenarios.LMS_DD_ValueDate_ExcessPayment15"/>
  <testcase name="RunEOD" time="495.695" classname="LMS_Scenarios.LMS_DD_ValueDate_ExcessPayment15"/>
  <testcase name="TC007_RealizationMaker" time="77.145" classname="LMS_Scenarios.LMS_DD_ValueDate_ExcessPayment15"/>
  <testcase name="TC008_RealizationApprover" time="48.768" classname="LMS_Scenarios.LMS_DD_ValueDate_ExcessPayment15"/>
  <testcase name="TC009_PaymentVerificatiion" time="98.084" classname="LMS_Scenarios.LMS_DD_ValueDate_ExcessPayment15"/>
</testsuite> <!-- LMS_Scenarios.LMS_DD_ValueDate_ExcessPayment15 -->
