<?xml version="1.0" encoding="UTF-8"?>
<!-- Generated by org.testng.reporters.JUnitReportReporter -->
<testsuite skipped="0" hostname="TESTING-029" name="BL_main.LAEP_End2End_12_main" tests="4" failures="0" timestamp="28 Aug 2019 06:23:40 GMT" time="1094.687" errors="0">
  <testcase name="BrowserLaunch" time="4.461" classname="BL_main.LAEP_End2End_12_main"/>
  <testcase name="LoginApplication" time="863.232" classname="BL_main.LAEP_End2End_12_main"/>
  <testcase name="TC_QC" time="127.735" classname="BL_main.LAEP_End2End_12_main"/>
  <testcase name="TC_CRA_1" time="99.259" classname="BL_main.LAEP_End2End_12_main"/>
</testsuite> <!-- BL_main.LAEP_End2End_12_main -->
