<?xml version="1.0" encoding="UTF-8"?>
<!-- Generated by org.testng.reporters.JUnitReportReporter -->
<testsuite skipped="0" hostname="TESTING-029" name="Demo.LAEP_End2End_30_main" tests="14" failures="0" timestamp="24 Jul 2019 13:51:05 GMT" time="956.100" errors="0">
  <testcase name="BrowserLaunch" time="2.511" classname="Demo.LAEP_End2End_30_main"/>
  <testcase name="LoginApplication" time="305.088" classname="Demo.LAEP_End2End_30_main"/>
  <testcase name="TC_QCstage" time="48.187" classname="Demo.LAEP_End2End_30_main"/>
  <testcase name="TC_CRA_1" time="39.003" classname="Demo.LAEP_End2End_30_main"/>
  <testcase name="TC_CRA_2nd" time="36.674" classname="Demo.LAEP_End2End_30_main"/>
  <testcase name="TC_L1" time="46.412" classname="Demo.LAEP_End2End_30_main"/>
  <testcase name="TC_RSM" time="35.282" classname="Demo.LAEP_End2End_30_main"/>
  <testcase name="TC_PSV" time="34.429" classname="Demo.LAEP_End2End_30_main"/>
  <testcase name="TC_PSC" time="36.871" classname="Demo.LAEP_End2End_30_main"/>
  <testcase name="TC_admin" time="73.597" classname="Demo.LAEP_End2End_30_main"/>
  <testcase name="TC_PSC2" time="45.222" classname="Demo.LAEP_End2End_30_main"/>
  <testcase name="TC_OPRMAKER" time="173.086" classname="Demo.LAEP_End2End_30_main"/>
  <testcase name="TC_OPRAPPROVER" time="49.447" classname="Demo.LAEP_End2End_30_main"/>
  <testcase name="TC_AUTHOR1" time="30.291" classname="Demo.LAEP_End2End_30_main"/>
</testsuite> <!-- Demo.LAEP_End2End_30_main -->
