<?xml version="1.0" encoding="UTF-8"?>
<!-- Generated by org.testng.reporters.JUnitReportReporter -->
<testsuite skipped="0" hostname="TESTING-nasr-PC" name="LMS_Scenarios.LMS_DepositApprover_TwoRequest" tests="8" failures="0" timestamp="21 Apr 2020 13:18:09 GMT" time="497.121" errors="0">
  <testcase name="TC001_LaunchBrowser" time="6.354" classname="LMS_Scenarios.LMS_DepositApprover_TwoRequest"/>
  <testcase name="TC001_PaymentVerification_BeforePayment" time="68.448" classname="LMS_Scenarios.LMS_DepositApprover_TwoRequest"/>
  <testcase name="TC002_ReceiptMaker" time="94.171" classname="LMS_Scenarios.LMS_DepositApprover_TwoRequest"/>
  <testcase name="TC003_DepositMaker" time="62.336" classname="LMS_Scenarios.LMS_DepositApprover_TwoRequest"/>
  <testcase name="TC004_ReceiptMaker" time="93.859" classname="LMS_Scenarios.LMS_DepositApprover_TwoRequest"/>
  <testcase name="TC005_DepositApprover" time="58.808" classname="LMS_Scenarios.LMS_DepositApprover_TwoRequest"/>
  <testcase name="TC005_DepositMaker" time="62.165" classname="LMS_Scenarios.LMS_DepositApprover_TwoRequest"/>
  <testcase name="TC006_DepositApprover02" time="50.980" classname="LMS_Scenarios.LMS_DepositApprover_TwoRequest"/>
</testsuite> <!-- LMS_Scenarios.LMS_DepositApprover_TwoRequest -->
