<?xml version="1.0" encoding="UTF-8"?>
<!-- Generated by org.testng.reporters.JUnitReportReporter -->
<testsuite skipped="0" hostname="TESTING-029" name="LMS_Scenarios.LMS_Scenario_14" tests="5" failures="0" timestamp="13 Nov 2019 12:48:44 GMT" time="323.771" errors="0">
  <testcase name="TC001_LaunchBrowser" time="2.985" classname="LMS_Scenarios.LMS_Scenario_14"/>
  <testcase name="TC001_PaymentVerification_BeforePayment" time="88.979" classname="LMS_Scenarios.LMS_Scenario_14"/>
  <testcase name="TC002_ReceiptMaker" time="82.304" classname="LMS_Scenarios.LMS_Scenario_14"/>
  <testcase name="TC003_ReceiptApprover" time="60.365" classname="LMS_Scenarios.LMS_Scenario_14"/>
  <testcase name="TC004_PaymentVerificatiion" time="89.138" classname="LMS_Scenarios.LMS_Scenario_14"/>
</testsuite> <!-- LMS_Scenarios.LMS_Scenario_14 -->
