<?xml version="1.0" encoding="UTF-8"?>
<!-- Generated by org.testng.reporters.JUnitReportReporter -->
<testsuite skipped="0" hostname="TESTING-54" name="earlystatement.scenario.LMS_EarlySettlement_07" tests="7" failures="0" timestamp="2020-02-07T17:44:59 IST" time="430.632" errors="0">
  <testcase name="TC001_LaunchBrowser" time="1.560" classname="earlystatement.scenario.LMS_EarlySettlement_07"/>
  <testcase name="TC001_PaymentVerification_BeforePayment" time="65.603" classname="earlystatement.scenario.LMS_EarlySettlement_07"/>
  <testcase name="TC002_ReceiptMaker" time="104.859" classname="earlystatement.scenario.LMS_EarlySettlement_07"/>
  <testcase name="TC003_DepositMaker" time="68.390" classname="earlystatement.scenario.LMS_EarlySettlement_07"/>
  <testcase name="TC004_DepositApprover" time="55.453" classname="earlystatement.scenario.LMS_EarlySettlement_07"/>
  <testcase name="TC001_PaymentVerification_BeforePayment2" time="64.846" classname="earlystatement.scenario.LMS_EarlySettlement_07"/>
  <testcase name="TC002_ReceiptMaker2" time="69.921" classname="earlystatement.scenario.LMS_EarlySettlement_07"/>
</testsuite> <!-- earlystatement.scenario.LMS_EarlySettlement_07 -->
