<?xml version="1.0" encoding="UTF-8"?>
<!-- Generated by org.testng.reporters.JUnitReportReporter -->
<testsuite skipped="0" hostname="TESTING-029" name="Demo.LAEP_End2End_14_main" tests="6" failures="0" timestamp="13 Aug 2019 07:23:41 GMT" time="1235.335" errors="0">
  <testcase name="BrowserLaunch" time="3.766" classname="Demo.LAEP_End2End_14_main"/>
  <testcase name="LoginApplication" time="629.519" classname="Demo.LAEP_End2End_14_main"/>
  <testcase name="TC_QC" time="87.653" classname="Demo.LAEP_End2End_14_main"/>
  <testcase name="TC_CRA_1" time="237.871" classname="Demo.LAEP_End2End_14_main"/>
  <testcase name="TC_L2" time="151.242" classname="Demo.LAEP_End2End_14_main"/>
  <testcase name="TC_L1" time="125.284" classname="Demo.LAEP_End2End_14_main"/>
</testsuite> <!-- Demo.LAEP_End2End_14_main -->
