<?xml version="1.0" encoding="UTF-8"?>
<!-- Generated by org.testng.reporters.JUnitReportReporter -->
<testsuite skipped="0" hostname="TESTING-17" name="LMS_Scenarios.Knockoffscenario_3" tests="8" failures="0" timestamp="2019-12-16T16:45:52 IST" time="541.904" errors="0">
  <testcase name="TC001_LaunchBrowser" time="1.441" classname="LMS_Scenarios.Knockoffscenario_3"/>
  <testcase name="TC002_PaymentVerification_BeforePayment" time="112.276" classname="LMS_Scenarios.Knockoffscenario_3"/>
  <testcase name="TC003_ReceiptMaker" time="105.647" classname="LMS_Scenarios.Knockoffscenario_3"/>
  <testcase name="TC004_ReceiptApprover" time="60.075" classname="LMS_Scenarios.Knockoffscenario_3"/>
  <testcase name="TC005_PaymentRefund" time="69.373" classname="LMS_Scenarios.Knockoffscenario_3"/>
  <testcase name="TC006_KnockoffApprover" time="60.707" classname="LMS_Scenarios.Knockoffscenario_3"/>
  <testcase name="TC007_verifying" time="62.976" classname="LMS_Scenarios.Knockoffscenario_3"/>
  <testcase name="TC008_PaymentRefund" time="69.409" classname="LMS_Scenarios.Knockoffscenario_3"/>
</testsuite> <!-- LMS_Scenarios.Knockoffscenario_3 -->
