<?xml version="1.0" encoding="UTF-8"?>
<!-- Generated by org.testng.reporters.JUnitReportReporter -->
<testsuite skipped="0" hostname="TESTING-029" name="Demo.CLIX_LAEP_End2End_82_main" tests="11" failures="0" timestamp="22 Jul 2019 14:03:55 GMT" time="660.948" errors="0">
  <testcase name="BrowserLaunch" time="2.987" classname="Demo.CLIX_LAEP_End2End_82_main"/>
  <testcase name="LoginApplication" time="233.498" classname="Demo.CLIX_LAEP_End2End_82_main"/>
  <testcase name="TC_QCstage" time="50.066" classname="Demo.CLIX_LAEP_End2End_82_main"/>
  <testcase name="TC_CRA_1" time="39.577" classname="Demo.CLIX_LAEP_End2End_82_main"/>
  <testcase name="TC_CRA_2nd" time="38.500" classname="Demo.CLIX_LAEP_End2End_82_main"/>
  <testcase name="TC_L1" time="49.404" classname="Demo.CLIX_LAEP_End2End_82_main"/>
  <testcase name="TC_RSM" time="37.600" classname="Demo.CLIX_LAEP_End2End_82_main"/>
  <testcase name="TC_PSV" time="37.064" classname="Demo.CLIX_LAEP_End2End_82_main"/>
  <testcase name="TC_PSC" time="38.875" classname="Demo.CLIX_LAEP_End2End_82_main"/>
  <testcase name="TC_admin" time="75.559" classname="Demo.CLIX_LAEP_End2End_82_main"/>
  <testcase name="TC_PSC2" time="57.818" classname="Demo.CLIX_LAEP_End2End_82_main"/>
</testsuite> <!-- Demo.CLIX_LAEP_End2End_82_main -->
