<?xml version="1.0" encoding="UTF-8"?>
<!-- Generated by org.testng.reporters.JUnitReportReporter -->
<testsuite skipped="0" hostname="TESTING-029" name="BL_main.BL_End2End_64_main" tests="7" failures="0" timestamp="14 Oct 2019 08:56:57 GMT" time="632.366" errors="0">
  <testcase name="BrowserLaunch" time="2.684" classname="BL_main.BL_End2End_64_main"/>
  <testcase name="LoginApplication" time="318.485" classname="BL_main.BL_End2End_64_main"/>
  <testcase name="TC_QC" time="52.928" classname="BL_main.BL_End2End_64_main"/>
  <testcase name="TC_CRA_1" time="119.409" classname="BL_main.BL_End2End_64_main"/>
  <testcase name="TC_CreditLevels" time="63.743" classname="BL_main.BL_End2End_64_main"/>
  <testcase name="TC_SalesManager" time="37.634" classname="BL_main.BL_End2End_64_main"/>
  <testcase name="TC_PSV" time="37.483" classname="BL_main.BL_End2End_64_main"/>
</testsuite> <!-- BL_main.BL_End2End_64_main -->
