<?xml version="1.0" encoding="UTF-8"?>
<!-- Generated by org.testng.reporters.JUnitReportReporter -->
<testsuite skipped="0" hostname="TESTING-029" name="BL_main.BL_End2End_31_main" tests="7" failures="0" timestamp="20 Sep 2019 06:07:19 GMT" time="749.077" errors="0">
  <testcase name="BrowserLaunch" time="4.814" classname="BL_main.BL_End2End_31_main"/>
  <testcase name="LoginApplication" time="338.225" classname="BL_main.BL_End2End_31_main"/>
  <testcase name="TC_QCstage" time="52.194" classname="BL_main.BL_End2End_31_main"/>
  <testcase name="TC_CRA1st" time="131.314" classname="BL_main.BL_End2End_31_main"/>
  <testcase name="TC_CreditLevels" time="79.484" classname="BL_main.BL_End2End_31_main"/>
  <testcase name="TC_SalesManager" time="39.988" classname="BL_main.BL_End2End_31_main"/>
  <testcase name="TC_PSV" time="103.058" classname="BL_main.BL_End2End_31_main"/>
</testsuite> <!-- BL_main.BL_End2End_31_main -->
