<?xml version="1.0" encoding="UTF-8"?>
<!-- Generated by org.testng.reporters.JUnitReportReporter -->
<testsuite skipped="0" hostname="TESTING-17" name="LMS_Scenarios.LMS_Scenario_32" tests="9" failures="0" timestamp="2020-01-31T17:42:23 IST" time="1439.070" errors="0">
  <testcase name="TC001_LaunchBrowser" time="1.310" classname="LMS_Scenarios.LMS_Scenario_32"/>
  <testcase name="TC001_PaymentVerification_BeforePayment" time="64.624" classname="LMS_Scenarios.LMS_Scenario_32"/>
  <testcase name="TC002_ReceiptMaker" time="120.369" classname="LMS_Scenarios.LMS_Scenario_32"/>
  <testcase name="TC003_DepositMaker" time="61.246" classname="LMS_Scenarios.LMS_Scenario_32"/>
  <testcase name="TC004_DepositApprover" time="48.080" classname="LMS_Scenarios.LMS_Scenario_32"/>
  <testcase name="RunEOD" time="951.328" classname="LMS_Scenarios.LMS_Scenario_32"/>
  <testcase name="TC006_RealizationMaker" time="53.803" classname="LMS_Scenarios.LMS_Scenario_32"/>
  <testcase name="TC007_RealizationApprover" time="50.617" classname="LMS_Scenarios.LMS_Scenario_32"/>
  <testcase name="TC008_PaymentVerificatiion" time="87.693" classname="LMS_Scenarios.LMS_Scenario_32"/>
</testsuite> <!-- LMS_Scenarios.LMS_Scenario_32 -->
