<?xml version="1.0" encoding="UTF-8"?>
<!-- Generated by org.testng.reporters.JUnitReportReporter -->
<testsuite skipped="0" hostname="TESTING-029" name="BL_main.BL_End2End_21_main" tests="6" failures="0" timestamp="13 Sep 2019 05:41:24 GMT" time="899.383" errors="0">
  <testcase name="BrowserLaunch" time="14.539" classname="BL_main.BL_End2End_21_main"/>
  <testcase name="TC_DDE" time="381.353" classname="BL_main.BL_End2End_21_main"/>
  <testcase name="TC_QCstage" time="236.744" classname="BL_main.BL_End2End_21_main"/>
  <testcase name="TC_CRA1st" time="150.192" classname="BL_main.BL_End2End_21_main"/>
  <testcase name="TC_CreditLevels" time="70.798" classname="BL_main.BL_End2End_21_main"/>
  <testcase name="TC_SalesManager" time="45.757" classname="BL_main.BL_End2End_21_main"/>
</testsuite> <!-- BL_main.BL_End2End_21_main -->
