<?xml version="1.0" encoding="UTF-8"?>
<!-- Generated by org.testng.reporters.JUnitReportReporter -->
<testsuite skipped="0" hostname="TESTING-029" name="Demo.LAEP_End2End_74_main" tests="11" failures="0" timestamp="03 Aug 2019 11:22:45 GMT" time="911.047" errors="0">
  <testcase name="TC001_LaunchBrowser" time="4.779" classname="Demo.LAEP_End2End_74_main"/>
  <testcase name="TC002_DDE" time="366.912" classname="Demo.LAEP_End2End_74_main"/>
  <testcase name="TC003_QCmovedtoCRA" time="43.274" classname="Demo.LAEP_End2End_74_main"/>
  <testcase name="TC003_CRAmovedtoCreditLevel" time="99.055" classname="Demo.LAEP_End2End_74_main"/>
  <testcase name="TC004_CreditLevel2movedtoSM" time="57.064" classname="Demo.LAEP_End2End_74_main"/>
  <testcase name="TC005_SMmovedtoPSV" time="41.068" classname="Demo.LAEP_End2End_74_main"/>
  <testcase name="TC006_PSVmovedtoPSC" time="42.561" classname="Demo.LAEP_End2End_74_main"/>
  <testcase name="TC007_PSCmovedtoOPRMAKER" time="44.614" classname="Demo.LAEP_End2End_74_main"/>
  <testcase name="TC008_OprMakermovedtoOprApprover" time="98.850" classname="Demo.LAEP_End2End_74_main"/>
  <testcase name="TC009_OprApprovermovedtoAuthor" time="58.743" classname="Demo.LAEP_End2End_74_main"/>
  <testcase name="TC0010_Author" time="54.127" classname="Demo.LAEP_End2End_74_main"/>
</testsuite> <!-- Demo.LAEP_End2End_74_main -->
