<?xml version="1.0" encoding="UTF-8"?>
<!-- Generated by org.testng.reporters.JUnitReportReporter -->
<testsuite skipped="0" hostname="TESTING-nasr-PC" name="LMS_Scenarios.LMS_CashPositive_01" tests="5" failures="0" timestamp="24 Apr 2020 13:21:47 GMT" time="330.148" errors="0">
  <testcase name="TC001_LaunchBrowser" time="6.278" classname="LMS_Scenarios.LMS_CashPositive_01"/>
  <testcase name="TC001_PaymentVerification_BeforePayment" time="86.986" classname="LMS_Scenarios.LMS_CashPositive_01"/>
  <testcase name="TC002_ReceiptMaker" time="76.086" classname="LMS_Scenarios.LMS_CashPositive_01"/>
  <testcase name="TC003_ReceiptApprover" time="62.597" classname="LMS_Scenarios.LMS_CashPositive_01"/>
  <testcase name="TC004_PaymentVerificatiion" time="98.201" classname="LMS_Scenarios.LMS_CashPositive_01"/>
</testsuite> <!-- LMS_Scenarios.LMS_CashPositive_01 -->
