<?xml version="1.0" encoding="UTF-8"?>
<!-- Generated by org.testng.reporters.JUnitReportReporter -->
<testsuite skipped="0" hostname="TESTING-029" name="BL_main.BL_End2End_58_main" tests="8" failures="0" timestamp="14 Oct 2019 08:44:07 GMT" time="768.425" errors="0">
  <testcase name="BrowserLaunch" time="8.134" classname="BL_main.BL_End2End_58_main"/>
  <testcase name="LoginApplication" time="318.709" classname="BL_main.BL_End2End_58_main"/>
  <testcase name="TC_QC" time="56.291" classname="BL_main.BL_End2End_58_main"/>
  <testcase name="TC_CRA_1" time="124.077" classname="BL_main.BL_End2End_58_main"/>
  <testcase name="TC_CreditLevels" time="63.222" classname="BL_main.BL_End2End_58_main"/>
  <testcase name="TC_SalesManager" time="37.928" classname="BL_main.BL_End2End_58_main"/>
  <testcase name="TC_PSV" time="108.282" classname="BL_main.BL_End2End_58_main"/>
  <testcase name="TC_PSC" time="51.782" classname="BL_main.BL_End2End_58_main"/>
</testsuite> <!-- BL_main.BL_End2End_58_main -->
