<?xml version="1.0" encoding="UTF-8"?>
<!-- Generated by org.testng.reporters.JUnitReportReporter -->
<testsuite skipped="0" hostname="TESTING-29" name="Demo.CLIX_LAEP_20th_Main" tests="6" failures="0" timestamp="15 Jul 2019 09:25:59 GMT" time="368.670" errors="0">
  <testcase name="BrowserLaunch" time="3.553" classname="Demo.CLIX_LAEP_20th_Main"/>
  <testcase name="TC_BL_DDE" time="166.854" classname="Demo.CLIX_LAEP_20th_Main"/>
  <testcase name="TC_QCstage" time="50.757" classname="Demo.CLIX_LAEP_20th_Main"/>
  <testcase name="TC_CRA1st" time="50.915" classname="Demo.CLIX_LAEP_20th_Main"/>
  <testcase name="TC_CRA2" time="38.433" classname="Demo.CLIX_LAEP_20th_Main"/>
  <testcase name="TC_L2" time="58.158" classname="Demo.CLIX_LAEP_20th_Main"/>
</testsuite> <!-- Demo.CLIX_LAEP_20th_Main -->
