<?xml version="1.0" encoding="UTF-8"?>
<!-- Generated by org.testng.reporters.JUnitReportReporter -->
<testsuite skipped="0" hostname="TESTING-29" name="Demo.CLICX_1" tests="14" failures="0" timestamp="05 Jul 2019 13:49:55 GMT" time="757.016" errors="0">
  <testcase name="BrowserLaunch" time="4.248" classname="Demo.CLICX_1"/>
  <testcase name="LoginApplication" time="235.371" classname="Demo.CLICX_1"/>
  <testcase name="TC_QCstage" time="41.275" classname="Demo.CLICX_1"/>
  <testcase name="TC_CRA_1" time="36.456" classname="Demo.CLICX_1"/>
  <testcase name="TC_CRA_2nd" time="35.481" classname="Demo.CLICX_1"/>
  <testcase name="TC_L1" time="42.952" classname="Demo.CLICX_1"/>
  <testcase name="TC_RSM" time="32.712" classname="Demo.CLICX_1"/>
  <testcase name="TC_PSV" time="32.998" classname="Demo.CLICX_1"/>
  <testcase name="TC_PSC" time="34.619" classname="Demo.CLICX_1"/>
  <testcase name="TC_admin" time="72.449" classname="Demo.CLICX_1"/>
  <testcase name="TC_PSC2" time="40.887" classname="Demo.CLICX_1"/>
  <testcase name="TC_OPRMAKER" time="75.526" classname="Demo.CLICX_1"/>
  <testcase name="TC_OPRAPPROVER" time="44.302" classname="Demo.CLICX_1"/>
  <testcase name="TC_AUTHOR1" time="27.740" classname="Demo.CLICX_1"/>
</testsuite> <!-- Demo.CLICX_1 -->
