<?xml version="1.0" encoding="UTF-8"?>
<!-- Generated by org.testng.reporters.JUnitReportReporter -->
<testsuite skipped="0" hostname="TESTING-nasr-PC" name="LMS_Scenarios.LMS_DD_Bounce08" tests="11" failures="0" timestamp="28 Apr 2020 10:14:00 GMT" time="744.326" errors="0">
  <testcase name="TC001_LaunchBrowser" time="5.812" classname="LMS_Scenarios.LMS_DD_Bounce08"/>
  <testcase name="TC001_PaymentVerification_BeforePayment" time="92.501" classname="LMS_Scenarios.LMS_DD_Bounce08"/>
  <testcase name="TC002_ReceiptMaker" time="94.689" classname="LMS_Scenarios.LMS_DD_Bounce08"/>
  <testcase name="TC003_DepositMaker" time="62.574" classname="LMS_Scenarios.LMS_DD_Bounce08"/>
  <testcase name="TC004_RealizationMaker" time="60.070" classname="LMS_Scenarios.LMS_DD_Bounce08"/>
  <testcase name="TC005_DepositMaker_submit" time="55.527" classname="LMS_Scenarios.LMS_DD_Bounce08"/>
  <testcase name="TC006_DepositAprover_Approve" time="54.454" classname="LMS_Scenarios.LMS_DD_Bounce08"/>
  <testcase name="TC007_PaymentVerificatiion" time="102.091" classname="LMS_Scenarios.LMS_DD_Bounce08"/>
  <testcase name="TC008_RealizationMaker" time="69.199" classname="LMS_Scenarios.LMS_DD_Bounce08"/>
  <testcase name="TC009_RealizationApprover" time="49.538" classname="LMS_Scenarios.LMS_DD_Bounce08"/>
  <testcase name="TC010_PaymentVerificatiion" time="97.871" classname="LMS_Scenarios.LMS_DD_Bounce08"/>
</testsuite> <!-- LMS_Scenarios.LMS_DD_Bounce08 -->
