<?xml version="1.0" encoding="UTF-8"?>
<!-- Generated by org.testng.reporters.JUnitReportReporter -->
<testsuite skipped="0" hostname="TESTING-029" name="BL_main.BL_End2End_29_main" tests="6" failures="0" timestamp="13 Sep 2019 06:58:43 GMT" time="734.130" errors="0">
  <testcase name="BrowserLaunch" time="8.010" classname="BL_main.BL_End2End_29_main"/>
  <testcase name="LoginApplication" time="364.644" classname="BL_main.BL_End2End_29_main"/>
  <testcase name="TC_QCstage" time="104.717" classname="BL_main.BL_End2End_29_main"/>
  <testcase name="TC_CRA1st" time="135.764" classname="BL_main.BL_End2End_29_main"/>
  <testcase name="TC_CreditLevels" time="65.859" classname="BL_main.BL_End2End_29_main"/>
  <testcase name="TC_SalesManager" time="55.136" classname="BL_main.BL_End2End_29_main"/>
</testsuite> <!-- BL_main.BL_End2End_29_main -->
