<?xml version="1.0" encoding="UTF-8"?>
<!-- Generated by org.testng.reporters.JUnitReportReporter -->
<testsuite skipped="0" hostname="TESTING-029" name="BL_main.BL_End2End_11_main" tests="5" failures="0" timestamp="30 Aug 2019 04:31:36 GMT" time="1171.878" errors="0">
  <testcase name="BrowserLaunch" time="4.900" classname="BL_main.BL_End2End_11_main"/>
  <testcase name="LoginApplication" time="609.060" classname="BL_main.BL_End2End_11_main"/>
  <testcase name="TC_QC" time="122.802" classname="BL_main.BL_End2End_11_main"/>
  <testcase name="TC_CRA_1" time="310.214" classname="BL_main.BL_End2End_11_main"/>
  <testcase name="TC_L1" time="124.902" classname="BL_main.BL_End2End_11_main"/>
</testsuite> <!-- BL_main.BL_End2End_11_main -->
