<?xml version="1.0" encoding="UTF-8"?>
<!-- Generated by org.testng.reporters.JUnitReportReporter -->
<testsuite skipped="0" hostname="TESTING-nasr-PC" name="LMS_Scenarios.LMS_ValuDate_PartialPayment13" tests="5" failures="0" timestamp="24 Apr 2020 07:50:21 GMT" time="360.516" errors="0">
  <testcase name="TC001_LaunchBrowser" time="16.995" classname="LMS_Scenarios.LMS_ValuDate_PartialPayment13"/>
  <testcase name="TC001_PaymentVerification_BeforePayment" time="98.039" classname="LMS_Scenarios.LMS_ValuDate_PartialPayment13"/>
  <testcase name="TC002_ReceiptMaker" time="81.434" classname="LMS_Scenarios.LMS_ValuDate_PartialPayment13"/>
  <testcase name="TC003_ReceiptApprover" time="56.012" classname="LMS_Scenarios.LMS_ValuDate_PartialPayment13"/>
  <testcase name="TC004_PaymentVerificatiion" time="108.036" classname="LMS_Scenarios.LMS_ValuDate_PartialPayment13"/>
</testsuite> <!-- LMS_Scenarios.LMS_ValuDate_PartialPayment13 -->
