<?xml version="1.0" encoding="UTF-8"?>
<!-- Generated by org.testng.reporters.JUnitReportReporter -->
<testsuite skipped="0" hostname="TESTING-029" name="LMS_Scenarios.LMS_Scenario_12" tests="4" failures="0" timestamp="06 Nov 2019 12:12:19 GMT" time="238.140" errors="0">
  <testcase name="TC001_LaunchBrowser" time="3.400" classname="LMS_Scenarios.LMS_Scenario_12"/>
  <testcase name="TC002_ReceiptMaker" time="84.465" classname="LMS_Scenarios.LMS_Scenario_12"/>
  <testcase name="TC002_ReceiptApprover" time="56.094" classname="LMS_Scenarios.LMS_Scenario_12"/>
  <testcase name="TC003_PaymentVerificatiion" time="94.181" classname="LMS_Scenarios.LMS_Scenario_12"/>
</testsuite> <!-- LMS_Scenarios.LMS_Scenario_12 -->
