<?xml version="1.0" encoding="UTF-8"?>
<!-- Generated by org.testng.reporters.JUnitReportReporter -->
<testsuite skipped="0" hostname="TESTING-029" name="Demo.AutoDeviationwithLoanAmount_50L" tests="6" failures="0" timestamp="23 Aug 2019 12:11:17 GMT" time="667.027" errors="0">
  <testcase name="BrowserLaunch" time="3.083" classname="Demo.AutoDeviationwithLoanAmount_50L"/>
  <testcase name="LoginApplication" time="343.116" classname="Demo.AutoDeviationwithLoanAmount_50L"/>
  <testcase name="TC_QCstage" time="78.797" classname="Demo.AutoDeviationwithLoanAmount_50L"/>
  <testcase name="TC_CRA1st" time="132.277" classname="Demo.AutoDeviationwithLoanAmount_50L"/>
  <testcase name="TC_L3" time="70.879" classname="Demo.AutoDeviationwithLoanAmount_50L"/>
  <testcase name="TC_RSM" time="38.875" classname="Demo.AutoDeviationwithLoanAmount_50L"/>
</testsuite> <!-- Demo.AutoDeviationwithLoanAmount_50L -->
