<?xml version="1.0" encoding="UTF-8"?>
<!-- Generated by org.testng.reporters.JUnitReportReporter -->
<testsuite skipped="1" hostname="TESTING-54" name="receivable.payable.scenario.LMS_Receivable_02" tests="7" failures="0" timestamp="2020-02-10T17:20:34 IST" time="343.316" errors="0">
  <testcase name="TC001_LaunchBrowser" time="1.983" classname="receivable.payable.scenario.LMS_Receivable_02"/>
  <testcase name="chargesimplement" time="84.616" classname="receivable.payable.scenario.LMS_Receivable_02"/>
  <testcase name="TC003_ReceiptMaker" time="75.286" classname="receivable.payable.scenario.LMS_Receivable_02"/>
  <testcase name="TC005_DepositApprover" time="61.151" classname="receivable.payable.scenario.LMS_Receivable_02"/>
  <testcase name="TC005_verifying" time="86.182" classname="receivable.payable.scenario.LMS_Receivable_02"/>
  <testcase name="TC005_verifyingInManualAdviceEnquiry" time="34.098" classname="receivable.payable.scenario.LMS_Receivable_02"/>
  <testcase name="TC001_PaymentVerification_BeforePayment" classname="receivable.payable.scenario.LMS_Receivable_02">
    <skipped/>
  </testcase> <!-- TC001_PaymentVerification_BeforePayment -->
</testsuite> <!-- receivable.payable.scenario.LMS_Receivable_02 -->
