<?xml version="1.0" encoding="UTF-8"?>
<!-- Generated by org.testng.reporters.JUnitReportReporter -->
<testsuite skipped="0" hostname="TESTING-029" name="BL_main.BL_End2End_43_main" tests="5" failures="0" timestamp="06 Sep 2019 06:31:05 GMT" time="659.524" errors="0">
  <testcase name="BrowserLaunch" time="3.900" classname="BL_main.BL_End2End_43_main"/>
  <testcase name="LoginApplication" time="359.188" classname="BL_main.BL_End2End_43_main"/>
  <testcase name="TC_QC" time="69.474" classname="BL_main.BL_End2End_43_main"/>
  <testcase name="TC_CRA_1" time="192.587" classname="BL_main.BL_End2End_43_main"/>
  <testcase name="TC_adminVerifyReject" time="34.375" classname="BL_main.BL_End2End_43_main"/>
</testsuite> <!-- BL_main.BL_End2End_43_main -->
