<?xml version="1.0" encoding="UTF-8"?>
<!-- Generated by org.testng.reporters.JUnitReportReporter -->
<testsuite skipped="0" hostname="TESTING-17" name="LMS_Scenarios.LMS_Scenario_4" tests="7" failures="0" timestamp="2019-12-09T15:07:25 IST" time="406.931" errors="0">
  <testcase name="TC001_LaunchBrowser" time="1.285" classname="LMS_Scenarios.LMS_Scenario_4"/>
  <testcase name="TC002_ReceiptMaker" time="96.653" classname="LMS_Scenarios.LMS_Scenario_4"/>
  <testcase name="TC002_ReceiptApprover" time="52.078" classname="LMS_Scenarios.LMS_Scenario_4"/>
  <testcase name="TC003_PaymentVerificatiion" time="73.659" classname="LMS_Scenarios.LMS_Scenario_4"/>
  <testcase name="TC004_ReceiptCancel" time="51.670" classname="LMS_Scenarios.LMS_Scenario_4"/>
  <testcase name="TC005_ApproveCancelledReceipt" time="44.821" classname="LMS_Scenarios.LMS_Scenario_4"/>
  <testcase name="TC006_PaymentVerificatiion" time="86.765" classname="LMS_Scenarios.LMS_Scenario_4"/>
</testsuite> <!-- LMS_Scenarios.LMS_Scenario_4 -->
