<?xml version="1.0" encoding="UTF-8"?>
<!-- Generated by org.testng.reporters.JUnitReportReporter -->
<testsuite skipped="0" hostname="TESTING-029" name="Demo.LAEP_End2End_84_main" tests="9" failures="0" timestamp="04 Oct 2019 07:39:02 GMT" time="840.328" errors="0">
  <testcase name="BrowserLaunch" time="3.495" classname="Demo.LAEP_End2End_84_main"/>
  <testcase name="LoginApplication" time="334.396" classname="Demo.LAEP_End2End_84_main"/>
  <testcase name="TC_QCstage" time="58.460" classname="Demo.LAEP_End2End_84_main"/>
  <testcase name="TC_CRA1st" time="134.359" classname="Demo.LAEP_End2End_84_main"/>
  <testcase name="TC_CreditLevels" time="67.635" classname="Demo.LAEP_End2End_84_main"/>
  <testcase name="TC_SalesManager" time="41.231" classname="Demo.LAEP_End2End_84_main"/>
  <testcase name="TC_PSV" time="88.289" classname="Demo.LAEP_End2End_84_main"/>
  <testcase name="TC_PSC" time="86.631" classname="Demo.LAEP_End2End_84_main"/>
  <testcase name="TC_adminVerifyReject" time="25.832" classname="Demo.LAEP_End2End_84_main"/>
</testsuite> <!-- Demo.LAEP_End2End_84_main -->
