<?xml version="1.0" encoding="UTF-8"?>
<!-- Generated by org.testng.reporters.JUnitReportReporter -->
<testsuite skipped="0" hostname="TESTING-029" name="Demo.LAEP_End2End_25_main" tests="11" failures="0" timestamp="03 Aug 2019 10:19:52 GMT" time="873.995" errors="0">
  <testcase name="TC001_LaunchBrowser" time="3.123" classname="Demo.LAEP_End2End_25_main"/>
  <testcase name="TC002_DDE" time="316.186" classname="Demo.LAEP_End2End_25_main"/>
  <testcase name="TC003_QCmovedtoCRA" time="43.063" classname="Demo.LAEP_End2End_25_main"/>
  <testcase name="TC003_CRAmovedtoCreditlevel" time="133.424" classname="Demo.LAEP_End2End_25_main"/>
  <testcase name="TC003_Creditlevel1movedtoCreditlevel2" time="96.007" classname="Demo.LAEP_End2End_25_main"/>
  <testcase name="TC004_Creditlevel2movedtoSM" time="61.957" classname="Demo.LAEP_End2End_25_main"/>
  <testcase name="TC005_SMmovedtoPSV" time="40.501" classname="Demo.LAEP_End2End_25_main"/>
  <testcase name="TC006_PSVResubmittoCredit" time="52.688" classname="Demo.LAEP_End2End_25_main"/>
  <testcase name="TC007_CRAApproverStage" time="44.299" classname="Demo.LAEP_End2End_25_main"/>
  <testcase name="TC004_CreditlevelmovedtoSM02" time="41.736" classname="Demo.LAEP_End2End_25_main"/>
  <testcase name="TC005_SMmovedtoPSV02" time="41.011" classname="Demo.LAEP_End2End_25_main"/>
</testsuite> <!-- Demo.LAEP_End2End_25_main -->
