<?xml version="1.0" encoding="UTF-8"?>
<!-- Generated by org.testng.reporters.JUnitReportReporter -->
<testsuite skipped="0" hostname="TESTING-17" name="LMS_Scenarios.LMS_Scenario_26" tests="8" failures="0" timestamp="2019-12-11T19:02:04 IST" time="445.174" errors="0">
  <testcase name="TC001_LaunchBrowser" time="1.459" classname="LMS_Scenarios.LMS_Scenario_26"/>
  <testcase name="TC001_PaymentVerification_BeforePayment" time="62.416" classname="LMS_Scenarios.LMS_Scenario_26"/>
  <testcase name="TC002_ReceiptMaker" time="105.053" classname="LMS_Scenarios.LMS_Scenario_26"/>
  <testcase name="TC002_ReceiptApprover" time="57.503" classname="LMS_Scenarios.LMS_Scenario_26"/>
  <testcase name="TC004_PaymentRefund" time="64.636" classname="LMS_Scenarios.LMS_Scenario_26"/>
  <testcase name="TC004_KnockoffApprover" time="61.307" classname="LMS_Scenarios.LMS_Scenario_26"/>
  <testcase name="TC005_ReceiptCancel" time="52.242" classname="LMS_Scenarios.LMS_Scenario_26"/>
  <testcase name="TC006_ApproveCancelledReceipt" time="40.558" classname="LMS_Scenarios.LMS_Scenario_26"/>
</testsuite> <!-- LMS_Scenarios.LMS_Scenario_26 -->
