<?xml version="1.0" encoding="UTF-8"?>
<!-- Generated by org.testng.reporters.JUnitReportReporter -->
<testsuite skipped="0" hostname="TESTING-029" name="BL_main.BL_End2End_19_main" tests="5" failures="0" timestamp="30 Aug 2019 09:10:10 GMT" time="591.852" errors="0">
  <testcase name="BrowserLaunch" time="6.494" classname="BL_main.BL_End2End_19_main"/>
  <testcase name="LoginApplication" time="350.757" classname="BL_main.BL_End2End_19_main"/>
  <testcase name="TC_QC" time="59.222" classname="BL_main.BL_End2End_19_main"/>
  <testcase name="TC_CRA_1" time="116.184" classname="BL_main.BL_End2End_19_main"/>
  <testcase name="TC_L2" time="59.195" classname="BL_main.BL_End2End_19_main"/>
</testsuite> <!-- BL_main.BL_End2End_19_main -->
