<?xml version="1.0" encoding="UTF-8"?>
<!-- Generated by org.testng.reporters.JUnitReportReporter -->
<testsuite skipped="0" hostname="TESTING-54" name="refund.scenarios.LMS_Refund_GS_005" tests="6" failures="0" timestamp="2020-02-19T16:06:56 IST" time="470.534" errors="0">
  <testcase name="TC001_LaunchBrowser" time="3.114" classname="refund.scenarios.LMS_Refund_GS_005"/>
  <testcase name="TC001_PaymentVerification_BeforePayment" time="63.825" classname="refund.scenarios.LMS_Refund_GS_005"/>
  <testcase name="TC002_ReceiptMaker" time="104.058" classname="refund.scenarios.LMS_Refund_GS_005"/>
  <testcase name="TC004_verifying" time="86.381" classname="refund.scenarios.LMS_Refund_GS_005"/>
  <testcase name="TC004_PaymentRefund" time="120.216" classname="refund.scenarios.LMS_Refund_GS_005"/>
  <testcase name="TC005_verifying" time="92.940" classname="refund.scenarios.LMS_Refund_GS_005"/>
</testsuite> <!-- refund.scenarios.LMS_Refund_GS_005 -->
