<?xml version="1.0" encoding="UTF-8"?>
<!-- Generated by org.testng.reporters.JUnitReportReporter -->
<testsuite skipped="0" hostname="TESTING-54" name="earlystatement.scenario.LMS_EarlySettlement_04" tests="8" failures="0" timestamp="2020-02-06T17:06:27 IST" time="519.993" errors="0">
  <testcase name="TC001_LaunchBrowser" time="1.401" classname="earlystatement.scenario.LMS_EarlySettlement_04"/>
  <testcase name="TC001_PaymentVerification_BeforePayment" time="65.999" classname="earlystatement.scenario.LMS_EarlySettlement_04"/>
  <testcase name="TC002_ReceiptMaker" time="77.183" classname="earlystatement.scenario.LMS_EarlySettlement_04"/>
  <testcase name="TC007_RealizationApprover" time="55.246" classname="earlystatement.scenario.LMS_EarlySettlement_04"/>
  <testcase name="TC003_PaymentVerification_BeforePayment" time="64.644" classname="earlystatement.scenario.LMS_EarlySettlement_04"/>
  <testcase name="TC004_ReceiptMaker" time="94.010" classname="earlystatement.scenario.LMS_EarlySettlement_04"/>
  <testcase name="TC004_ReceiptApprover" time="69.959" classname="earlystatement.scenario.LMS_EarlySettlement_04"/>
  <testcase name="TC008_PaymentVerificatiion" time="91.551" classname="earlystatement.scenario.LMS_EarlySettlement_04"/>
</testsuite> <!-- earlystatement.scenario.LMS_EarlySettlement_04 -->
