<?xml version="1.0" encoding="UTF-8"?>
<!-- Generated by org.testng.reporters.JUnitReportReporter -->
<testsuite skipped="0" hostname="TESTING-029" name="LMS_Scenarios.LMS_Scenario_13" tests="4" failures="0" timestamp="12 Nov 2019 12:35:46 GMT" time="256.742" errors="0">
  <testcase name="TC001_LaunchBrowser" time="3.448" classname="LMS_Scenarios.LMS_Scenario_13"/>
  <testcase name="TC002_ReceiptMaker" time="102.906" classname="LMS_Scenarios.LMS_Scenario_13"/>
  <testcase name="TC002_ReceiptApprover" time="55.473" classname="LMS_Scenarios.LMS_Scenario_13"/>
  <testcase name="TC003_PaymentVerificatiion" time="94.915" classname="LMS_Scenarios.LMS_Scenario_13"/>
</testsuite> <!-- LMS_Scenarios.LMS_Scenario_13 -->
