<?xml version="1.0" encoding="UTF-8"?>
<!-- Generated by org.testng.reporters.JUnitReportReporter -->
<testsuite skipped="0" hostname="TESTING-54" name="earlystatement.scenario.LMS_EarlyStatement_01" tests="5" failures="0" timestamp="2020-02-04T13:15:54 IST" time="306.062" errors="0">
  <testcase name="TC001_LaunchBrowser" time="1.737" classname="earlystatement.scenario.LMS_EarlyStatement_01"/>
  <testcase name="TC001_PaymentVerification_BeforePayment" time="66.370" classname="earlystatement.scenario.LMS_EarlyStatement_01"/>
  <testcase name="TC002_ReceiptMaker" time="92.327" classname="earlystatement.scenario.LMS_EarlyStatement_01"/>
  <testcase name="TC002_ReceiptApprover" time="67.182" classname="earlystatement.scenario.LMS_EarlyStatement_01"/>
  <testcase name="TC003_PaymentVerificatiion" time="78.446" classname="earlystatement.scenario.LMS_EarlyStatement_01"/>
</testsuite> <!-- earlystatement.scenario.LMS_EarlyStatement_01 -->
