<?xml version="1.0" encoding="UTF-8"?>
<!-- Generated by org.testng.reporters.JUnitReportReporter -->
<testsuite skipped="0" hostname="TESTING-029" name="Demo.LAEP_End2End_10_main" tests="5" failures="0" timestamp="14 Aug 2019 06:07:42 GMT" time="721.836" errors="0">
  <testcase name="BrowserLaunch" time="4.452" classname="Demo.LAEP_End2End_10_main"/>
  <testcase name="LoginApplication" time="495.221" classname="Demo.LAEP_End2End_10_main"/>
  <testcase name="TC_QC" time="40.440" classname="Demo.LAEP_End2End_10_main"/>
  <testcase name="TC_CRA_1" time="118.345" classname="Demo.LAEP_End2End_10_main"/>
  <testcase name="TC_L1" time="63.378" classname="Demo.LAEP_End2End_10_main"/>
</testsuite> <!-- Demo.LAEP_End2End_10_main -->
