<?xml version="1.0" encoding="UTF-8"?>
<!-- Generated by org.testng.reporters.JUnitReportReporter -->
<testsuite skipped="0" hostname="TESTING-nasr-PC" name="LMS_Scenarios.LMS_Valuedate_PreviousMonthEnd18" tests="5" failures="0" timestamp="05 May 2020 14:05:41 GMT" time="349.955" errors="0">
  <testcase name="TC001_LaunchBrowser" time="5.862" classname="LMS_Scenarios.LMS_Valuedate_PreviousMonthEnd18"/>
  <testcase name="TC001_PaymentVerification_BeforePayment" time="86.171" classname="LMS_Scenarios.LMS_Valuedate_PreviousMonthEnd18"/>
  <testcase name="TC002_ReceiptMaker" time="104.055" classname="LMS_Scenarios.LMS_Valuedate_PreviousMonthEnd18"/>
  <testcase name="TC003_ReceiptApprover" time="54.954" classname="LMS_Scenarios.LMS_Valuedate_PreviousMonthEnd18"/>
  <testcase name="TC004_PaymentVerificatiion" time="98.913" classname="LMS_Scenarios.LMS_Valuedate_PreviousMonthEnd18"/>
</testsuite> <!-- LMS_Scenarios.LMS_Valuedate_PreviousMonthEnd18 -->
