<?xml version="1.0" encoding="UTF-8"?>
<!-- Generated by org.testng.reporters.JUnitReportReporter -->
<testsuite skipped="0" hostname="TESTING-029" name="Demo.LAEP_End2End_08_main" tests="6" failures="0" timestamp="26 Jul 2019 13:21:26 GMT" time="450.140" errors="0">
  <testcase name="BrowserLaunch" time="1.963" classname="Demo.LAEP_End2End_08_main"/>
  <testcase name="TC_BL_DDE" time="223.555" classname="Demo.LAEP_End2End_08_main"/>
  <testcase name="TC_QCstage" time="61.314" classname="Demo.LAEP_End2End_08_main"/>
  <testcase name="TC_CRA1st" time="56.661" classname="Demo.LAEP_End2End_08_main"/>
  <testcase name="TC_CRA2" time="42.752" classname="Demo.LAEP_End2End_08_main"/>
  <testcase name="TC_L5" time="63.895" classname="Demo.LAEP_End2End_08_main"/>
</testsuite> <!-- Demo.LAEP_End2End_08_main -->
