<?xml version="1.0" encoding="UTF-8"?>
<!-- Generated by org.testng.reporters.JUnitReportReporter -->
<testsuite skipped="0" hostname="TESTING-nasr-PC" name="LMS_Scenarios.LMS_Cheque_Reject" tests="6" failures="0" timestamp="08 May 2020 08:06:59 GMT" time="378.015" errors="0">
  <testcase name="TC001_LaunchBrowser" time="5.883" classname="LMS_Scenarios.LMS_Cheque_Reject"/>
  <testcase name="TC001_PaymentVerification_BeforePayment" time="87.760" classname="LMS_Scenarios.LMS_Cheque_Reject"/>
  <testcase name="TC002_ReceiptMaker" time="92.658" classname="LMS_Scenarios.LMS_Cheque_Reject"/>
  <testcase name="TC003_DepositMaker" time="61.626" classname="LMS_Scenarios.LMS_Cheque_Reject"/>
  <testcase name="TC004_RealizationMaker" time="43.653" classname="LMS_Scenarios.LMS_Cheque_Reject"/>
  <testcase name="TC005_PaymentVerificatiion" time="86.435" classname="LMS_Scenarios.LMS_Cheque_Reject"/>
</testsuite> <!-- LMS_Scenarios.LMS_Cheque_Reject -->
