<?xml version="1.0" encoding="UTF-8"?>
<!-- Generated by org.testng.reporters.JUnitReportReporter -->
<testsuite skipped="0" hostname="TESTING-029" name="BL_main.BL_End2End_34_main" tests="13" failures="0" timestamp="20 Sep 2019 06:58:13 GMT" time="1383.723" errors="0">
  <testcase name="BrowserLaunch" time="12.385" classname="BL_main.BL_End2End_34_main"/>
  <testcase name="LoginApplication" time="352.270" classname="BL_main.BL_End2End_34_main"/>
  <testcase name="TC_QC" time="65.320" classname="BL_main.BL_End2End_34_main"/>
  <testcase name="TC_CRA_1" time="135.735" classname="BL_main.BL_End2End_34_main"/>
  <testcase name="TC_CreditLevels" time="69.520" classname="BL_main.BL_End2End_34_main"/>
  <testcase name="TC_SalesManager" time="40.675" classname="BL_main.BL_End2End_34_main"/>
  <testcase name="TC_PSV" time="185.895" classname="BL_main.BL_End2End_34_main"/>
  <testcase name="TC_PSC" time="80.825" classname="BL_main.BL_End2End_34_main"/>
  <testcase name="TC_Admin" time="88.041" classname="BL_main.BL_End2End_34_main"/>
  <testcase name="TC_PSC2" time="59.423" classname="BL_main.BL_End2End_34_main"/>
  <testcase name="TC_OPRMAKER" time="160.821" classname="BL_main.BL_End2End_34_main"/>
  <testcase name="TC_OPRAPPROVER" time="88.840" classname="BL_main.BL_End2End_34_main"/>
  <testcase name="TC_AUTHOR1" time="43.973" classname="BL_main.BL_End2End_34_main"/>
</testsuite> <!-- BL_main.BL_End2End_34_main -->
