<?xml version="1.0" encoding="UTF-8"?>
<!-- Generated by org.testng.reporters.JUnitReportReporter -->
<testsuite skipped="0" hostname="TESTING-nasr-PC" name="LMS_Scenarios.LMS_ValueDate_Positive12" tests="5" failures="0" timestamp="23 Apr 2020 13:28:49 GMT" time="333.514" errors="0">
  <testcase name="TC001_LaunchBrowser" time="0.989" classname="LMS_Scenarios.LMS_ValueDate_Positive12"/>
  <testcase name="TC001_PaymentVerification_BeforePayment" time="93.672" classname="LMS_Scenarios.LMS_ValueDate_Positive12"/>
  <testcase name="TC002_ReceiptMaker" time="78.707" classname="LMS_Scenarios.LMS_ValueDate_Positive12"/>
  <testcase name="TC003_ReceiptApprover" time="56.788" classname="LMS_Scenarios.LMS_ValueDate_Positive12"/>
  <testcase name="TC004_PaymentVerificatiion" time="103.358" classname="LMS_Scenarios.LMS_ValueDate_Positive12"/>
</testsuite> <!-- LMS_Scenarios.LMS_ValueDate_Positive12 -->
