<?xml version="1.0" encoding="UTF-8"?>
<!-- Generated by org.testng.reporters.JUnitReportReporter -->
<testsuite skipped="0" hostname="TESTING-029" name="Demo.LAEP_End2End_67_main" tests="11" failures="0" timestamp="03 Aug 2019 10:37:29 GMT" time="881.749" errors="0">
  <testcase name="TC001_LaunchBrowser" time="3.431" classname="Demo.LAEP_End2End_67_main"/>
  <testcase name="TC002_DDE" time="329.233" classname="Demo.LAEP_End2End_67_main"/>
  <testcase name="TC003_QCmovedtoCRA" time="42.328" classname="Demo.LAEP_End2End_67_main"/>
  <testcase name="TC003_CRAmovedtoCreditLevel" time="133.945" classname="Demo.LAEP_End2End_67_main"/>
  <testcase name="TC003_CreditLevel1movedtoCreditLevel2" time="94.645" classname="Demo.LAEP_End2End_67_main"/>
  <testcase name="TC004_CreditLevel2movedtoSM" time="61.347" classname="Demo.LAEP_End2End_67_main"/>
  <testcase name="TC005_SMmovedtoPSV" time="40.346" classname="Demo.LAEP_End2End_67_main"/>
  <testcase name="TC006_PSVmovedtoPSC" time="41.556" classname="Demo.LAEP_End2End_67_main"/>
  <testcase name="TC007_PSCmovedtoOPRMAKER" time="43.821" classname="Demo.LAEP_End2End_67_main"/>
  <testcase name="TC008_OprMakerResubmittoPSV" time="58.799" classname="Demo.LAEP_End2End_67_main"/>
  <testcase name="TC006_PSVStage" time="32.298" classname="Demo.LAEP_End2End_67_main"/>
</testsuite> <!-- Demo.LAEP_End2End_67_main -->
