<?xml version="1.0" encoding="UTF-8"?>
<!-- Generated by org.testng.reporters.JUnitReportReporter -->
<testsuite skipped="1" hostname="TESTING-nasr-PC" name="LMS_Scenarios.LMS_ValueDate_ExcessPayment15" tests="10" failures="0" timestamp="27 Apr 2020 14:17:01 GMT" time="623.126" errors="0">
  <testcase name="TC001_LaunchBrowser" time="9.884" classname="LMS_Scenarios.LMS_ValueDate_ExcessPayment15"/>
  <testcase name="TC001_PaymentVerification_BeforePayment" time="89.348" classname="LMS_Scenarios.LMS_ValueDate_ExcessPayment15"/>
  <testcase name="TC002_ReceiptMaker" time="95.133" classname="LMS_Scenarios.LMS_ValueDate_ExcessPayment15"/>
  <testcase name="TC003_DepositMaker" time="62.007" classname="LMS_Scenarios.LMS_ValueDate_ExcessPayment15"/>
  <testcase name="TC004_RealizationMaker" time="54.149" classname="LMS_Scenarios.LMS_ValueDate_ExcessPayment15"/>
  <testcase name="TC005_PaymentVerificatiion" time="101.182" classname="LMS_Scenarios.LMS_ValueDate_ExcessPayment15"/>
  <testcase name="TC007_RealizationMaker" time="68.140" classname="LMS_Scenarios.LMS_ValueDate_ExcessPayment15"/>
  <testcase name="TC008_RealizationApprover" time="48.116" classname="LMS_Scenarios.LMS_ValueDate_ExcessPayment15"/>
  <testcase name="TC009_PaymentVerificatiion" time="95.167" classname="LMS_Scenarios.LMS_ValueDate_ExcessPayment15"/>
  <testcase name="RunEOD" classname="LMS_Scenarios.LMS_ValueDate_ExcessPayment15">
    <skipped/>
  </testcase> <!-- RunEOD -->
</testsuite> <!-- LMS_Scenarios.LMS_ValueDate_ExcessPayment15 -->
