<?xml version="1.0" encoding="UTF-8"?>
<!-- Generated by org.testng.reporters.JUnitReportReporter -->
<testsuite skipped="0" hostname="TESTING-029" name="BL_main.BL_End2End_97_main" tests="11" failures="0" timestamp="04 Oct 2019 06:00:07 GMT" time="1103.361" errors="0">
  <testcase name="BrowserLaunch" time="3.840" classname="BL_main.BL_End2End_97_main"/>
  <testcase name="LoginApplication" time="357.785" classname="BL_main.BL_End2End_97_main"/>
  <testcase name="TC_QC" time="52.463" classname="BL_main.BL_End2End_97_main"/>
  <testcase name="TC_CRA_1" time="121.025" classname="BL_main.BL_End2End_97_main"/>
  <testcase name="TC_CreditLevels" time="63.192" classname="BL_main.BL_End2End_97_main"/>
  <testcase name="TC_SalesManager" time="39.328" classname="BL_main.BL_End2End_97_main"/>
  <testcase name="TC_PSV" time="89.877" classname="BL_main.BL_End2End_97_main"/>
  <testcase name="TC_PSC" time="66.056" classname="BL_main.BL_End2End_97_main"/>
  <testcase name="TC_OPRMAKER" time="162.901" classname="BL_main.BL_End2End_97_main"/>
  <testcase name="TC_OPRAPPROVER" time="84.078" classname="BL_main.BL_End2End_97_main"/>
  <testcase name="TC_AUTHOR1" time="62.816" classname="BL_main.BL_End2End_97_main"/>
</testsuite> <!-- BL_main.BL_End2End_97_main -->
