<?xml version="1.0" encoding="UTF-8"?>
<!-- Generated by org.testng.reporters.JUnitReportReporter -->
<testsuite skipped="0" hostname="TESTING-17" name="LMS_Scenarios.LMS_Scenario_11" tests="7" failures="0" timestamp="2019-12-09T20:03:38 IST" time="432.173" errors="0">
  <testcase name="TC001_LaunchBrowser" time="2.833" classname="LMS_Scenarios.LMS_Scenario_11"/>
  <testcase name="TC002_ReceiptMaker" time="95.007" classname="LMS_Scenarios.LMS_Scenario_11"/>
  <testcase name="TC003_DepositMaker" time="63.169" classname="LMS_Scenarios.LMS_Scenario_11"/>
  <testcase name="TC004_ReceiptMaker" time="94.649" classname="LMS_Scenarios.LMS_Scenario_11"/>
  <testcase name="TC005_DepositMaker" time="62.782" classname="LMS_Scenarios.LMS_Scenario_11"/>
  <testcase name="TC005_DepositApprover" time="57.363" classname="LMS_Scenarios.LMS_Scenario_11"/>
  <testcase name="TC006_DepositApprover02" time="56.370" classname="LMS_Scenarios.LMS_Scenario_11"/>
</testsuite> <!-- LMS_Scenarios.LMS_Scenario_11 -->
