<?xml version="1.0" encoding="UTF-8"?>
<!-- Generated by org.testng.reporters.JUnitReportReporter -->
<testsuite skipped="0" hostname="TESTING-29" name="Demo.CLICX_BL_REJECT_main" tests="6" failures="0" timestamp="12 Jul 2019 09:45:42 GMT" time="376.090" errors="0">
  <testcase name="BrowserLaunch" time="4.379" classname="Demo.CLICX_BL_REJECT_main"/>
  <testcase name="TC_BL_DDE" time="176.023" classname="Demo.CLICX_BL_REJECT_main"/>
  <testcase name="TC_QCstage" time="52.610" classname="Demo.CLICX_BL_REJECT_main"/>
  <testcase name="TC_CRA1st" time="51.087" classname="Demo.CLICX_BL_REJECT_main"/>
  <testcase name="TC_CRA2" time="38.622" classname="Demo.CLICX_BL_REJECT_main"/>
  <testcase name="TC_L2" time="53.369" classname="Demo.CLICX_BL_REJECT_main"/>
</testsuite> <!-- Demo.CLICX_BL_REJECT_main -->
