<?xml version="1.0" encoding="UTF-8"?>
<!-- Generated by org.testng.reporters.JUnitReportReporter -->
<testsuite skipped="0" hostname="TESTING-029" name="BL_main.BL_End2End_14_main" tests="5" failures="0" timestamp="30 Aug 2019 06:43:02 GMT" time="1485.314" errors="0">
  <testcase name="BrowserLaunch" time="14.270" classname="BL_main.BL_End2End_14_main"/>
  <testcase name="LoginApplication" time="907.766" classname="BL_main.BL_End2End_14_main"/>
  <testcase name="TC_QC" time="116.408" classname="BL_main.BL_End2End_14_main"/>
  <testcase name="TC_CRA_1" time="284.141" classname="BL_main.BL_End2End_14_main"/>
  <testcase name="TC_L2" time="162.729" classname="BL_main.BL_End2End_14_main"/>
</testsuite> <!-- BL_main.BL_End2End_14_main -->
