<?xml version="1.0" encoding="UTF-8"?>
<!-- Generated by org.testng.reporters.JUnitReportReporter -->
<testsuite skipped="0" hostname="TESTING-29" name="Demo.CLIX_LAEP_29_main" tests="8" failures="0" timestamp="19 Jul 2019 10:32:53 GMT" time="472.136" errors="0">
  <testcase name="BrowserLaunch" time="3.275" classname="Demo.CLIX_LAEP_29_main"/>
  <testcase name="TC_BL_DDE" time="201.923" classname="Demo.CLIX_LAEP_29_main"/>
  <testcase name="TC_QCstage" time="51.276" classname="Demo.CLIX_LAEP_29_main"/>
  <testcase name="TC_CRA1st" time="50.806" classname="Demo.CLIX_LAEP_29_main"/>
  <testcase name="TC_CRA2" time="38.990" classname="Demo.CLIX_LAEP_29_main"/>
  <testcase name="TC_L2" time="57.328" classname="Demo.CLIX_LAEP_29_main"/>
  <testcase name="TC_RSM" time="34.380" classname="Demo.CLIX_LAEP_29_main"/>
  <testcase name="TC_PSV" time="34.158" classname="Demo.CLIX_LAEP_29_main"/>
</testsuite> <!-- Demo.CLIX_LAEP_29_main -->
