<?xml version="1.0" encoding="UTF-8"?>
<!-- Generated by org.testng.reporters.JUnitReportReporter -->
<testsuite skipped="0" hostname="TESTING-17" name="LMS_Scenarios.Knockoff_Scenario2" tests="8" failures="0" timestamp="2019-12-13T15:00:18 IST" time="455.718" errors="0">
  <testcase name="TC001_LaunchBrowser" time="1.295" classname="LMS_Scenarios.Knockoff_Scenario2"/>
  <testcase name="TC002_PaymentVerification_BeforePayment" time="61.953" classname="LMS_Scenarios.Knockoff_Scenario2"/>
  <testcase name="TC003_ReceiptMaker" time="104.329" classname="LMS_Scenarios.Knockoff_Scenario2"/>
  <testcase name="TC004_ReceiptApprover" time="57.026" classname="LMS_Scenarios.Knockoff_Scenario2"/>
  <testcase name="TC005_PaymentRefund" time="64.830" classname="LMS_Scenarios.Knockoff_Scenario2"/>
  <testcase name="TC006_KnockoffApprover" time="60.616" classname="LMS_Scenarios.Knockoff_Scenario2"/>
  <testcase name="TC007_verifying" time="62.487" classname="LMS_Scenarios.Knockoff_Scenario2"/>
  <testcase name="TC008_knockoffpartial" time="43.182" classname="LMS_Scenarios.Knockoff_Scenario2"/>
</testsuite> <!-- LMS_Scenarios.Knockoff_Scenario2 -->
