<?xml version="1.0" encoding="UTF-8"?>
<!-- Generated by org.testng.reporters.JUnitReportReporter -->
<testsuite skipped="0" hostname="TESTING-17" name="LMS_Scenarios.Knockoff_Scenario5" tests="9" failures="0" timestamp="2019-12-18T17:45:15 IST" time="500.883" errors="0">
  <testcase name="TC001_LaunchBrowser" time="1.600" classname="LMS_Scenarios.Knockoff_Scenario5"/>
  <testcase name="TC001_PaymentVerification_BeforePayment" time="62.106" classname="LMS_Scenarios.Knockoff_Scenario5"/>
  <testcase name="TC002_ReceiptMaker" time="106.715" classname="LMS_Scenarios.Knockoff_Scenario5"/>
  <testcase name="TC002_ReceiptApprover" time="57.639" classname="LMS_Scenarios.Knockoff_Scenario5"/>
  <testcase name="TC004_PaymentRefund" time="64.490" classname="LMS_Scenarios.Knockoff_Scenario5"/>
  <testcase name="TC005_KnockoffApprover" time="69.225" classname="LMS_Scenarios.Knockoff_Scenario5"/>
  <testcase name="TC006_ReceiptCancel" time="52.542" classname="LMS_Scenarios.Knockoff_Scenario5"/>
  <testcase name="TC007_ApproveCancelledReceipt" time="43.837" classname="LMS_Scenarios.Knockoff_Scenario5"/>
  <testcase name="TC008_knockoffpartial" time="42.729" classname="LMS_Scenarios.Knockoff_Scenario5"/>
</testsuite> <!-- LMS_Scenarios.Knockoff_Scenario5 -->
