<?xml version="1.0" encoding="UTF-8"?>
<!-- Generated by org.testng.reporters.JUnitReportReporter -->
<testsuite skipped="0" hostname="TESTING-029" name="Demo.LAEP_End2End_26_main" tests="10" failures="0" timestamp="16 Aug 2019 09:58:04 GMT" time="685.881" errors="0">
  <testcase name="BrowserLaunch" time="1.245" classname="Demo.LAEP_End2End_26_main"/>
  <testcase name="BrowserLaunch" time="3.216" classname="Demo.LAEP_End2End_26_main"/>
  <testcase name="BrowserLaunch" time="1.331" classname="Demo.LAEP_End2End_26_main"/>
  <testcase name="LoginApplication" time="321.919" classname="Demo.LAEP_End2End_26_main"/>
  <testcase name="TC_QC" time="41.464" classname="Demo.LAEP_End2End_26_main"/>
  <testcase name="TC_CRA_1" time="107.703" classname="Demo.LAEP_End2End_26_main"/>
  <testcase name="TC_BH" time="54.276" classname="Demo.LAEP_End2End_26_main"/>
  <testcase name="TC_ZSM" time="39.136" classname="Demo.LAEP_End2End_26_main"/>
  <testcase name="TC_PSV" time="82.713" classname="Demo.LAEP_End2End_26_main"/>
  <testcase name="TC_VerifyCRAlevels" time="32.878" classname="Demo.LAEP_End2End_26_main"/>
</testsuite> <!-- Demo.LAEP_End2End_26_main -->
