<?xml version="1.0" encoding="UTF-8"?>
<!-- Generated by org.testng.reporters.JUnitReportReporter -->
<testsuite skipped="0" hostname="TESTING-54" name="refund.scenarios.LMS_Refund_GS_004" tests="6" failures="0" timestamp="2020-02-24T16:49:03 IST" time="473.448" errors="0">
  <testcase name="TC001_LaunchBrowser" time="1.905" classname="refund.scenarios.LMS_Refund_GS_004"/>
  <testcase name="TC001_PaymentVerification_BeforePayment" time="66.656" classname="refund.scenarios.LMS_Refund_GS_004"/>
  <testcase name="TC002_ReceiptMaker" time="106.214" classname="refund.scenarios.LMS_Refund_GS_004"/>
  <testcase name="TC004_verifying" time="86.562" classname="refund.scenarios.LMS_Refund_GS_004"/>
  <testcase name="TC004_PaymentRefund" time="118.940" classname="refund.scenarios.LMS_Refund_GS_004"/>
  <testcase name="TC005_verifying" time="93.171" classname="refund.scenarios.LMS_Refund_GS_004"/>
</testsuite> <!-- refund.scenarios.LMS_Refund_GS_004 -->
