<?xml version="1.0" encoding="UTF-8"?>
<!-- Generated by org.testng.reporters.JUnitReportReporter -->
<testsuite skipped="0" hostname="TESTING-17" name="LMS_Scenarios.LMS_Scenario_20" tests="8" failures="0" timestamp="2020-01-27T11:22:32 IST" time="461.138" errors="0">
  <testcase name="TC001_LaunchBrowser" time="1.378" classname="LMS_Scenarios.LMS_Scenario_20"/>
  <testcase name="TC001_PaymentVerification_BeforePayment" time="67.387" classname="LMS_Scenarios.LMS_Scenario_20"/>
  <testcase name="TC002_ReceiptMaker" time="92.709" classname="LMS_Scenarios.LMS_Scenario_20"/>
  <testcase name="TC003_DepositMaker" time="59.706" classname="LMS_Scenarios.LMS_Scenario_20"/>
  <testcase name="TC004_RealizationMaker" time="54.363" classname="LMS_Scenarios.LMS_Scenario_20"/>
  <testcase name="TC005_RealizationMaker" time="51.834" classname="LMS_Scenarios.LMS_Scenario_20"/>
  <testcase name="TC006_RealizationApprover" time="43.880" classname="LMS_Scenarios.LMS_Scenario_20"/>
  <testcase name="TC006_PaymentVerificatiion" time="89.881" classname="LMS_Scenarios.LMS_Scenario_20"/>
</testsuite> <!-- LMS_Scenarios.LMS_Scenario_20 -->
