<?xml version="1.0" encoding="UTF-8"?>
<!-- Generated by org.testng.reporters.JUnitReportReporter -->
<testsuite skipped="0" hostname="TESTING-029" name="BL_main.BL_End2End_32_main" tests="13" failures="0" timestamp="07 Oct 2019 12:15:07 GMT" time="1245.681" errors="0">
  <testcase name="BrowserLaunch" time="2.716" classname="BL_main.BL_End2End_32_main"/>
  <testcase name="LoginApplication" time="316.473" classname="BL_main.BL_End2End_32_main"/>
  <testcase name="TC_QCstage" time="72.469" classname="BL_main.BL_End2End_32_main"/>
  <testcase name="TC_CRA_1" time="121.399" classname="BL_main.BL_End2End_32_main"/>
  <testcase name="TC_CreditLevels" time="64.251" classname="BL_main.BL_End2End_32_main"/>
  <testcase name="TC_SalesManager" time="38.035" classname="BL_main.BL_End2End_32_main"/>
  <testcase name="TC_PSV" time="89.194" classname="BL_main.BL_End2End_32_main"/>
  <testcase name="TC_PSC" time="44.079" classname="BL_main.BL_End2End_32_main"/>
  <testcase name="TC_Admin" time="132.758" classname="BL_main.BL_End2End_32_main"/>
  <testcase name="TC_PSC2" time="67.335" classname="BL_main.BL_End2End_32_main"/>
  <testcase name="TC_OPRMAKER" time="162.714" classname="BL_main.BL_End2End_32_main"/>
  <testcase name="TC_OPRAPPROVER" time="85.113" classname="BL_main.BL_End2End_32_main"/>
  <testcase name="TC_AUTHOR1" time="49.145" classname="BL_main.BL_End2End_32_main"/>
</testsuite> <!-- BL_main.BL_End2End_32_main -->
