<?xml version="1.0" encoding="UTF-8"?>
<!-- Generated by org.testng.reporters.JUnitReportReporter -->
<testsuite skipped="8" hostname="TESTING-029" name="Demo.LAEP_End2End_96_main" tests="12" failures="0" timestamp="10 Oct 2019 12:37:34 GMT" time="190.298" errors="0">
  <testcase name="BrowserLaunch" time="1.926" classname="Demo.LAEP_End2End_96_main"/>
  <testcase name="TC_OPRAPPROVER" time="65.329" classname="Demo.LAEP_End2End_96_main"/>
  <testcase name="TC_AUTHOR1" time="54.918" classname="Demo.LAEP_End2End_96_main"/>
  <testcase name="TC_AUTHOR2" time="68.125" classname="Demo.LAEP_End2End_96_main"/>
  <testcase name="TC_OPRMAKER" classname="Demo.LAEP_End2End_96_main">
    <skipped/>
  </testcase> <!-- TC_OPRMAKER -->
  <testcase name="TC_SalesManager" classname="Demo.LAEP_End2End_96_main">
    <skipped/>
  </testcase> <!-- TC_SalesManager -->
  <testcase name="TC_QC" classname="Demo.LAEP_End2End_96_main">
    <skipped/>
  </testcase> <!-- TC_QC -->
  <testcase name="LoginApplication" classname="Demo.LAEP_End2End_96_main">
    <skipped/>
  </testcase> <!-- LoginApplication -->
  <testcase name="TC_PSV" classname="Demo.LAEP_End2End_96_main">
    <skipped/>
  </testcase> <!-- TC_PSV -->
  <testcase name="TC_CreditLevels" classname="Demo.LAEP_End2End_96_main">
    <skipped/>
  </testcase> <!-- TC_CreditLevels -->
  <testcase name="TC_PSC" classname="Demo.LAEP_End2End_96_main">
    <skipped/>
  </testcase> <!-- TC_PSC -->
  <testcase name="TC_CRA_1" classname="Demo.LAEP_End2End_96_main">
    <skipped/>
  </testcase> <!-- TC_CRA_1 -->
</testsuite> <!-- Demo.LAEP_End2End_96_main -->
