<?xml version="1.0" encoding="UTF-8"?>
<!-- Generated by org.testng.reporters.JUnitReportReporter -->
<testsuite skipped="0" hostname="TESTING-29" name="Demo.CLIX_LAEP_27_main" tests="7" failures="0" timestamp="18 Jul 2019 08:23:47 GMT" time="450.540" errors="0">
  <testcase name="BrowserLaunch" time="5.019" classname="Demo.CLIX_LAEP_27_main"/>
  <testcase name="TC_BL_DDE" time="205.170" classname="Demo.CLIX_LAEP_27_main"/>
  <testcase name="TC_QCstage" time="52.596" classname="Demo.CLIX_LAEP_27_main"/>
  <testcase name="TC_CRA1st" time="52.781" classname="Demo.CLIX_LAEP_27_main"/>
  <testcase name="TC_CRA2" time="40.155" classname="Demo.CLIX_LAEP_27_main"/>
  <testcase name="TC_L2" time="59.566" classname="Demo.CLIX_LAEP_27_main"/>
  <testcase name="TC_RSM" time="35.253" classname="Demo.CLIX_LAEP_27_main"/>
</testsuite> <!-- Demo.CLIX_LAEP_27_main -->
