<?xml version="1.0" encoding="UTF-8"?>
<!-- Generated by org.testng.reporters.JUnitReportReporter -->
<testsuite skipped="0" hostname="TESTING-nasr-PC" name="loancancellation.scenarios.LMS_LoanCancellation_Positive" tests="5" failures="0" timestamp="15 Apr 2020 11:05:02 GMT" time="224.409" errors="0">
  <testcase name="TC001_LaunchBrowser" time="6.623" classname="loancancellation.scenarios.LMS_LoanCancellation_Positive"/>
  <testcase name="TC001_PaymentVerification_BeforePayment" time="62.947" classname="loancancellation.scenarios.LMS_LoanCancellation_Positive"/>
  <testcase name="TC002_CancelLoanSubmit" time="48.337" classname="loancancellation.scenarios.LMS_LoanCancellation_Positive"/>
  <testcase name="TC003_CancelLoanApprove" time="50.412" classname="loancancellation.scenarios.LMS_LoanCancellation_Positive"/>
  <testcase name="TC004_verifying" time="56.090" classname="loancancellation.scenarios.LMS_LoanCancellation_Positive"/>
</testsuite> <!-- loancancellation.scenarios.LMS_LoanCancellation_Positive -->
