<?xml version="1.0" encoding="UTF-8"?>
<!-- Generated by org.testng.reporters.JUnitReportReporter -->
<testsuite skipped="0" hostname="TESTING-029" name="Demo.LAEP_End2End_19_main" tests="7" failures="0" timestamp="02 Aug 2019 07:07:22 GMT" time="517.476" errors="0">
  <testcase name="BrowserLaunch" time="8.767" classname="Demo.LAEP_End2End_19_main"/>
  <testcase name="TC_Initiation" time="230.503" classname="Demo.LAEP_End2End_19_main"/>
  <testcase name="TC_QCstage" time="60.106" classname="Demo.LAEP_End2End_19_main"/>
  <testcase name="TC_CRA1st" time="62.938" classname="Demo.LAEP_End2End_19_main"/>
  <testcase name="TC_CRA2" time="46.687" classname="Demo.LAEP_End2End_19_main"/>
  <testcase name="TC_L2" time="67.541" classname="Demo.LAEP_End2End_19_main"/>
  <testcase name="TC_RSM" time="40.934" classname="Demo.LAEP_End2End_19_main"/>
</testsuite> <!-- Demo.LAEP_End2End_19_main -->
