<?xml version="1.0" encoding="UTF-8"?>
<!-- Generated by org.testng.reporters.JUnitReportReporter -->
<testsuite skipped="0" hostname="TESTING-029" name="LMS_Scenarios.Scenario_7_ReceiptApprove" tests="7" failures="0" timestamp="31 Oct 2019 07:09:44 GMT" time="434.985" errors="0">
  <testcase name="TC001_LaunchBrowser" time="2.871" classname="LMS_Scenarios.Scenario_7_ReceiptApprove"/>
  <testcase name="TC002_ReceiptMaker" time="98.573" classname="LMS_Scenarios.Scenario_7_ReceiptApprove"/>
  <testcase name="TC003_DepositMaker" time="69.049" classname="LMS_Scenarios.Scenario_7_ReceiptApprove"/>
  <testcase name="TC004_RealizationMaker" time="61.693" classname="LMS_Scenarios.Scenario_7_ReceiptApprove"/>
  <testcase name="TC005_RealizationMaker" time="62.241" classname="LMS_Scenarios.Scenario_7_ReceiptApprove"/>
  <testcase name="TC006_RealizationApprover" time="48.580" classname="LMS_Scenarios.Scenario_7_ReceiptApprove"/>
  <testcase name="TC003_PaymentVerificatiion" time="91.978" classname="LMS_Scenarios.Scenario_7_ReceiptApprove"/>
</testsuite> <!-- LMS_Scenarios.Scenario_7_ReceiptApprove -->
