<?xml version="1.0" encoding="UTF-8"?>
<!-- Generated by org.testng.reporters.JUnitReportReporter -->
<testsuite skipped="2" hostname="TESTING-029" name="Demo.LAEP_End2End_76_main" tests="9" failures="0" timestamp="03 Aug 2019 11:56:06 GMT" time="351.882" errors="0">
  <testcase name="TC001_LaunchBrowser" time="3.829" classname="Demo.LAEP_End2End_76_main"/>
  <testcase name="TC003_CRAmovedtoCreditLevel" time="101.356" classname="Demo.LAEP_End2End_76_main"/>
  <testcase name="TC004_CreditLevel2movedtoSM" time="58.473" classname="Demo.LAEP_End2End_76_main"/>
  <testcase name="TC005_SMmovedtoPSV" time="40.917" classname="Demo.LAEP_End2End_76_main"/>
  <testcase name="TC006_PSVmovedtoPSC" time="42.624" classname="Demo.LAEP_End2End_76_main"/>
  <testcase name="TC007_PSCmovedtoOPRMAKER" time="44.527" classname="Demo.LAEP_End2End_76_main"/>
  <testcase name="TC008_OprMakerResubmittoPSC" time="60.156" classname="Demo.LAEP_End2End_76_main"/>
  <testcase name="TC002_DDE" classname="Demo.LAEP_End2End_76_main">
    <skipped/>
  </testcase> <!-- TC002_DDE -->
  <testcase name="TC003_QCmovedtoCRA" classname="Demo.LAEP_End2End_76_main">
    <skipped/>
  </testcase> <!-- TC003_QCmovedtoCRA -->
</testsuite> <!-- Demo.LAEP_End2End_76_main -->
