<?xml version="1.0" encoding="UTF-8"?>
<!-- Generated by org.testng.reporters.JUnitReportReporter -->
<testsuite skipped="5" hostname="TESTING-029" name="Demo.LAEP_End2End_52_main" tests="7" failures="0" timestamp="21 Sep 2019 08:57:06 GMT" time="62.169" errors="0">
  <testcase name="BrowserLaunch" time="1.726" classname="Demo.LAEP_End2End_52_main"/>
  <testcase name="TC_PSV" time="60.443" classname="Demo.LAEP_End2End_52_main"/>
  <testcase name="TC_CreditLevels" classname="Demo.LAEP_End2End_52_main">
    <skipped/>
  </testcase> <!-- TC_CreditLevels -->
  <testcase name="TC_CRA_1" classname="Demo.LAEP_End2End_52_main">
    <skipped/>
  </testcase> <!-- TC_CRA_1 -->
  <testcase name="TC_SalesManager" classname="Demo.LAEP_End2End_52_main">
    <skipped/>
  </testcase> <!-- TC_SalesManager -->
  <testcase name="TC_QC" classname="Demo.LAEP_End2End_52_main">
    <skipped/>
  </testcase> <!-- TC_QC -->
  <testcase name="LoginApplication" classname="Demo.LAEP_End2End_52_main">
    <skipped/>
  </testcase> <!-- LoginApplication -->
</testsuite> <!-- Demo.LAEP_End2End_52_main -->
