<?xml version="1.0" encoding="UTF-8"?>
<!-- Generated by org.testng.reporters.JUnitReportReporter -->
<testsuite skipped="1" hostname="TESTING-nasr-PC" name="LMS_Scenarios.LMS_Cancel_AfterGracePeriod_22" tests="10" failures="0" timestamp="06 May 2020 12:50:48 GMT" time="1516.323" errors="0">
  <testcase name="TC001_LaunchBrowser" time="0.828" classname="LMS_Scenarios.LMS_Cancel_AfterGracePeriod_22"/>
  <testcase name="TC001_PaymentVerification_BeforePayment" time="87.842" classname="LMS_Scenarios.LMS_Cancel_AfterGracePeriod_22"/>
  <testcase name="TC002_ReceiptMaker" time="117.717" classname="LMS_Scenarios.LMS_Cancel_AfterGracePeriod_22"/>
  <testcase name="TC003_ReceiptApprover" time="55.430" classname="LMS_Scenarios.LMS_Cancel_AfterGracePeriod_22"/>
  <testcase name="TC004_PaymentVerification" time="98.945" classname="LMS_Scenarios.LMS_Cancel_AfterGracePeriod_22"/>
  <testcase name="RunEOD" time="981.864" classname="LMS_Scenarios.LMS_Cancel_AfterGracePeriod_22"/>
  <testcase name="TC007_ReceiptCancel" time="59.894" classname="LMS_Scenarios.LMS_Cancel_AfterGracePeriod_22"/>
  <testcase name="TC008_ApproveCancelledReceipt" time="43.854" classname="LMS_Scenarios.LMS_Cancel_AfterGracePeriod_22"/>
  <testcase name="TC006_PaymentVerificatiion" time="69.949" classname="LMS_Scenarios.LMS_Cancel_AfterGracePeriod_22"/>
  <testcase name="PenaltyCheck" classname="LMS_Scenarios.LMS_Cancel_AfterGracePeriod_22">
    <skipped/>
  </testcase> <!-- PenaltyCheck -->
</testsuite> <!-- LMS_Scenarios.LMS_Cancel_AfterGracePeriod_22 -->
