<?xml version="1.0" encoding="UTF-8"?>
<!-- Generated by org.testng.reporters.JUnitReportReporter -->
<testsuite skipped="0" hostname="TESTING-029" name="Demo.LAEP_End2End_24_main" tests="9" failures="0" timestamp="03 Aug 2019 09:58:30 GMT" time="782.372" errors="0">
  <testcase name="TC001_LaunchBrowser" time="2.881" classname="Demo.LAEP_End2End_24_main"/>
  <testcase name="TC002_DDE" time="320.435" classname="Demo.LAEP_End2End_24_main"/>
  <testcase name="TC003_QCmovedtoCRA" time="42.438" classname="Demo.LAEP_End2End_24_main"/>
  <testcase name="TC003_CRAmovedtoCreditLevel" time="133.933" classname="Demo.LAEP_End2End_24_main"/>
  <testcase name="TC003_CreditLevel1movedtoCreditLevel2" time="96.956" classname="Demo.LAEP_End2End_24_main"/>
  <testcase name="TC004_CreditLevel2movedtoSM" time="61.482" classname="Demo.LAEP_End2End_24_main"/>
  <testcase name="TC005_SMmovedtoPSV" time="40.213" classname="Demo.LAEP_End2End_24_main"/>
  <testcase name="TC006_PSVResubmittoCredit" time="52.759" classname="Demo.LAEP_End2End_24_main"/>
  <testcase name="TC007_CRAApproverStage" time="31.275" classname="Demo.LAEP_End2End_24_main"/>
</testsuite> <!-- Demo.LAEP_End2End_24_main -->
