<?xml version="1.0" encoding="UTF-8"?>
<!-- Generated by org.testng.reporters.JUnitReportReporter -->
<testsuite skipped="0" hostname="TESTING-54" name="refund.scenarios.LMS_Refund_GS_003" tests="6" failures="0" timestamp="2020-02-25T17:25:27 IST" time="436.830" errors="0">
  <testcase name="TC001_LaunchBrowser" time="3.471" classname="refund.scenarios.LMS_Refund_GS_003"/>
  <testcase name="TC001_PaymentVerification_BeforePayment" time="70.569" classname="refund.scenarios.LMS_Refund_GS_003"/>
  <testcase name="TC002_ReceiptMaker" time="104.826" classname="refund.scenarios.LMS_Refund_GS_003"/>
  <testcase name="TC004_verifying" time="46.422" classname="refund.scenarios.LMS_Refund_GS_003"/>
  <testcase name="TC004_PaymentRefund" time="119.237" classname="refund.scenarios.LMS_Refund_GS_003"/>
  <testcase name="TC005_verifying" time="92.305" classname="refund.scenarios.LMS_Refund_GS_003"/>
</testsuite> <!-- refund.scenarios.LMS_Refund_GS_003 -->
