<?xml version="1.0" encoding="UTF-8"?>
<!-- Generated by org.testng.reporters.JUnitReportReporter -->
<testsuite skipped="0" hostname="TESTING-029" name="Demo.CLICX_LAEP_Approve_Main" tests="6" failures="0" timestamp="23 Jul 2019 12:46:42 GMT" time="506.454" errors="0">
  <testcase name="BrowserLaunch" time="2.111" classname="Demo.CLICX_LAEP_Approve_Main"/>
  <testcase name="TC_BL_DDE" time="284.102" classname="Demo.CLICX_LAEP_Approve_Main"/>
  <testcase name="TC_QCstage" time="58.800" classname="Demo.CLICX_LAEP_Approve_Main"/>
  <testcase name="TC_CRA1st" time="57.100" classname="Demo.CLICX_LAEP_Approve_Main"/>
  <testcase name="TC_CRA2" time="42.077" classname="Demo.CLICX_LAEP_Approve_Main"/>
  <testcase name="TC_L2" time="62.264" classname="Demo.CLICX_LAEP_Approve_Main"/>
</testsuite> <!-- Demo.CLICX_LAEP_Approve_Main -->
