<?xml version="1.0" encoding="UTF-8"?>
<!-- Generated by org.testng.reporters.JUnitReportReporter -->
<testsuite skipped="0" hostname="TESTING-54" name="refund.scenarios.LMS_Refund_GS_001" tests="7" failures="0" timestamp="2020-02-28T15:27:31 IST" time="494.253" errors="0">
  <testcase name="TC001_LaunchBrowser" time="1.970" classname="refund.scenarios.LMS_Refund_GS_001"/>
  <testcase name="TC001_PaymentVerification_BeforePayment" time="65.288" classname="refund.scenarios.LMS_Refund_GS_001"/>
  <testcase name="TC002_ReceiptMaker" time="75.947" classname="refund.scenarios.LMS_Refund_GS_001"/>
  <testcase name="TC002_ReceiptApprover" time="57.893" classname="refund.scenarios.LMS_Refund_GS_001"/>
  <testcase name="TC004_verifying" time="83.452" classname="refund.scenarios.LMS_Refund_GS_001"/>
  <testcase name="TC004_PaymentRefund" time="118.433" classname="refund.scenarios.LMS_Refund_GS_001"/>
  <testcase name="TC005_verifying" time="91.270" classname="refund.scenarios.LMS_Refund_GS_001"/>
</testsuite> <!-- refund.scenarios.LMS_Refund_GS_001 -->
