<?xml version="1.0" encoding="UTF-8"?>
<!-- Generated by org.testng.reporters.JUnitReportReporter -->
<testsuite skipped="0" hostname="TESTING-nasr-PC" name="loancancellation.scenarios.LMS_LoanCancellation_Reject" tests="5" failures="0" timestamp="16 Apr 2020 05:37:50 GMT" time="251.480" errors="0">
  <testcase name="TC001_LaunchBrowser" time="7.023" classname="loancancellation.scenarios.LMS_LoanCancellation_Reject"/>
  <testcase name="TC001_PaymentVerification_BeforePayment" time="76.881" classname="loancancellation.scenarios.LMS_LoanCancellation_Reject"/>
  <testcase name="TC002_CancelLoanSubmit" time="48.754" classname="loancancellation.scenarios.LMS_LoanCancellation_Reject"/>
  <testcase name="TC003_CancelLoanReject" time="62.379" classname="loancancellation.scenarios.LMS_LoanCancellation_Reject"/>
  <testcase name="TC004_verifying" time="56.443" classname="loancancellation.scenarios.LMS_LoanCancellation_Reject"/>
</testsuite> <!-- loancancellation.scenarios.LMS_LoanCancellation_Reject -->
