<?xml version="1.0" encoding="UTF-8"?>
<!-- Generated by org.testng.reporters.JUnitReportReporter -->
<testsuite skipped="0" hostname="TESTING-17" name="LMS_Scenarios.Knockoff_Scenario7" tests="7" failures="0" timestamp="2019-12-20T19:18:24 IST" time="427.797" errors="0">
  <testcase name="TC001_LaunchBrowser" time="1.692" classname="LMS_Scenarios.Knockoff_Scenario7"/>
  <testcase name="TC001_PaymentVerification_BeforePayment" time="68.382" classname="LMS_Scenarios.Knockoff_Scenario7"/>
  <testcase name="TC002_ReceiptMaker" time="106.542" classname="LMS_Scenarios.Knockoff_Scenario7"/>
  <testcase name="TC002_ReceiptApprover" time="56.406" classname="LMS_Scenarios.Knockoff_Scenario7"/>
  <testcase name="TC004_PaymentRefund" time="69.559" classname="LMS_Scenarios.Knockoff_Scenario7"/>
  <testcase name="TC004_KnockoffApprover" time="60.046" classname="LMS_Scenarios.Knockoff_Scenario7"/>
  <testcase name="TC005_verifying" time="65.170" classname="LMS_Scenarios.Knockoff_Scenario7"/>
</testsuite> <!-- LMS_Scenarios.Knockoff_Scenario7 -->
