<?xml version="1.0" encoding="UTF-8"?>
<!-- Generated by org.testng.reporters.JUnitReportReporter -->
<testsuite skipped="0" hostname="TESTING-029" name="BL_main.BL_End2End_84_main" tests="10" failures="0" timestamp="16 Oct 2019 10:58:11 GMT" time="1588.090" errors="0">
  <testcase name="BrowserLaunch" time="9.391" classname="BL_main.BL_End2End_84_main"/>
  <testcase name="LoginApplication" time="472.248" classname="BL_main.BL_End2End_84_main"/>
  <testcase name="TC_QCstage" time="144.747" classname="BL_main.BL_End2End_84_main"/>
  <testcase name="TC_CRA_1" time="238.218" classname="BL_main.BL_End2End_84_main"/>
  <testcase name="TC_CreditLevels" time="146.921" classname="BL_main.BL_End2End_84_main"/>
  <testcase name="TC_SalesManager" time="68.697" classname="BL_main.BL_End2End_84_main"/>
  <testcase name="TC_PSV" time="173.761" classname="BL_main.BL_End2End_84_main"/>
  <testcase name="TC_PSC" time="98.015" classname="BL_main.BL_End2End_84_main"/>
  <testcase name="TC_admin" time="132.409" classname="BL_main.BL_End2End_84_main"/>
  <testcase name="TC_PSC2" time="103.683" classname="BL_main.BL_End2End_84_main"/>
</testsuite> <!-- BL_main.BL_End2End_84_main -->
