<?xml version="1.0" encoding="UTF-8"?>
<!-- Generated by org.testng.reporters.JUnitReportReporter -->
<testsuite skipped="0" hostname="TESTING-nasr-PC" name="LMS_Scenarios.LMS_DepositMaker_TwoRequest" tests="5" failures="0" timestamp="20 Apr 2020 14:06:12 GMT" time="301.870" errors="0">
  <testcase name="TC001_LaunchBrowser" time="9.042" classname="LMS_Scenarios.LMS_DepositMaker_TwoRequest"/>
  <testcase name="TC001_PaymentVerification_BeforePayment" time="67.416" classname="LMS_Scenarios.LMS_DepositMaker_TwoRequest"/>
  <testcase name="TC002_ReceiptMaker" time="97.237" classname="LMS_Scenarios.LMS_DepositMaker_TwoRequest"/>
  <testcase name="TC003_ReceiptMaker" time="96.257" classname="LMS_Scenarios.LMS_DepositMaker_TwoRequest"/>
  <testcase name="TC004_DepositMaker" time="31.918" classname="LMS_Scenarios.LMS_DepositMaker_TwoRequest"/>
</testsuite> <!-- LMS_Scenarios.LMS_DepositMaker_TwoRequest -->
