<?xml version="1.0" encoding="UTF-8"?>
<!-- Generated by org.testng.reporters.JUnitReportReporter -->
<testsuite skipped="0" hostname="TESTING-nasr-PC" name="LMS_Scenarios.LMS_Valuedate_PreviousDueDate17" tests="3" failures="0" timestamp="05 May 2020 12:44:02 GMT" time="158.591" errors="0">
  <testcase name="TC001_LaunchBrowser" time="6.231" classname="LMS_Scenarios.LMS_Valuedate_PreviousDueDate17"/>
  <testcase name="TC001_PaymentVerification_BeforePayment" time="85.783" classname="LMS_Scenarios.LMS_Valuedate_PreviousDueDate17"/>
  <testcase name="TC002_ReceiptMaker" time="66.577" classname="LMS_Scenarios.LMS_Valuedate_PreviousDueDate17"/>
</testsuite> <!-- LMS_Scenarios.LMS_Valuedate_PreviousDueDate17 -->
