<?xml version="1.0" encoding="UTF-8"?>
<!-- Generated by org.testng.reporters.JUnitReportReporter -->
<testsuite skipped="0" hostname="TESTING-nasr-PC" name="LMS_Scenarios.LMS_OnlinePositive_Cancel19" tests="8" failures="0" timestamp="08 May 2020 12:27:51 GMT" time="551.365" errors="0">
  <testcase name="TC001_LaunchBrowser" time="5.552" classname="LMS_Scenarios.LMS_OnlinePositive_Cancel19"/>
  <testcase name="TC001_PaymentVerification_BeforePayment" time="88.430" classname="LMS_Scenarios.LMS_OnlinePositive_Cancel19"/>
  <testcase name="TC002_ReceiptMaker" time="100.564" classname="LMS_Scenarios.LMS_OnlinePositive_Cancel19"/>
  <testcase name="TC003_ReceiptApprover" time="58.683" classname="LMS_Scenarios.LMS_OnlinePositive_Cancel19"/>
  <testcase name="TC004_PaymentVerificatiion" time="101.728" classname="LMS_Scenarios.LMS_OnlinePositive_Cancel19"/>
  <testcase name="TC005_ReceiptCancel" time="55.348" classname="LMS_Scenarios.LMS_OnlinePositive_Cancel19"/>
  <testcase name="TC006_ApproveCancelledReceipt" time="52.780" classname="LMS_Scenarios.LMS_OnlinePositive_Cancel19"/>
  <testcase name="TC007_PaymentVerificatiion" time="88.280" classname="LMS_Scenarios.LMS_OnlinePositive_Cancel19"/>
</testsuite> <!-- LMS_Scenarios.LMS_OnlinePositive_Cancel19 -->
