<?xml version="1.0" encoding="UTF-8"?>
<!-- Generated by org.testng.reporters.JUnitReportReporter -->
<testsuite skipped="0" hostname="TESTING-029" name="Demo.LAEP_End2End_49_4_main" tests="6" failures="0" timestamp="12 Aug 2019 08:21:47 GMT" time="681.719" errors="0">
  <testcase name="BrowserLaunch" time="3.313" classname="Demo.LAEP_End2End_49_4_main"/>
  <testcase name="LoginApplication" time="371.783" classname="Demo.LAEP_End2End_49_4_main"/>
  <testcase name="TC_QC" time="55.519" classname="Demo.LAEP_End2End_49_4_main"/>
  <testcase name="TC_CRA_1" time="106.182" classname="Demo.LAEP_End2End_49_4_main"/>
  <testcase name="TC_L2" time="55.066" classname="Demo.LAEP_End2End_49_4_main"/>
  <testcase name="TC_BH" time="89.856" classname="Demo.LAEP_End2End_49_4_main"/>
</testsuite> <!-- Demo.LAEP_End2End_49_4_main -->
