<?xml version="1.0" encoding="UTF-8"?>
<!-- Generated by org.testng.reporters.JUnitReportReporter -->
<testsuite skipped="0" hostname="TESTING-29" name="Demo.LAEP_AutoDev_gtr_15L_main" tests="7" failures="0" timestamp="12 Jul 2019 10:11:28 GMT" time="434.463" errors="0">
  <testcase name="BrowserLaunch" time="3.498" classname="Demo.LAEP_AutoDev_gtr_15L_main"/>
  <testcase name="TC_BL_DDE" time="184.425" classname="Demo.LAEP_AutoDev_gtr_15L_main"/>
  <testcase name="TC_QCstage" time="51.707" classname="Demo.LAEP_AutoDev_gtr_15L_main"/>
  <testcase name="TC_CRA1st" time="51.734" classname="Demo.LAEP_AutoDev_gtr_15L_main"/>
  <testcase name="TC_CRA2" time="38.866" classname="Demo.LAEP_AutoDev_gtr_15L_main"/>
  <testcase name="TC_L2" time="60.702" classname="Demo.LAEP_AutoDev_gtr_15L_main"/>
  <testcase name="TC_ZSM" time="43.531" classname="Demo.LAEP_AutoDev_gtr_15L_main"/>
</testsuite> <!-- Demo.LAEP_AutoDev_gtr_15L_main -->
