<?xml version="1.0" encoding="UTF-8"?>
<!-- Generated by org.testng.reporters.JUnitReportReporter -->
<testsuite skipped="1" hostname="TESTING-029" name="LMS_Scenarios.LMS_Scenario_15" tests="10" failures="0" timestamp="22 Nov 2019 12:19:29 GMT" time="596.376" errors="0">
  <testcase name="TC001_LaunchBrowser" time="2.698" classname="LMS_Scenarios.LMS_Scenario_15"/>
  <testcase name="TC001_PaymentVerification_BeforePayment" time="65.915" classname="LMS_Scenarios.LMS_Scenario_15"/>
  <testcase name="TC002_ReceiptMaker" time="107.612" classname="LMS_Scenarios.LMS_Scenario_15"/>
  <testcase name="TC003_DepositMaker" time="62.407" classname="LMS_Scenarios.LMS_Scenario_15"/>
  <testcase name="TC004_RealizationMaker" time="58.888" classname="LMS_Scenarios.LMS_Scenario_15"/>
  <testcase name="TC004_PaymentVerificatiion" time="91.230" classname="LMS_Scenarios.LMS_Scenario_15"/>
  <testcase name="TC005_RealizationMaker" time="66.636" classname="LMS_Scenarios.LMS_Scenario_15"/>
  <testcase name="TC006_RealizationApprover" time="49.772" classname="LMS_Scenarios.LMS_Scenario_15"/>
  <testcase name="TC003_PaymentVerificatiion" time="91.218" classname="LMS_Scenarios.LMS_Scenario_15"/>
  <testcase name="RunEOD" classname="LMS_Scenarios.LMS_Scenario_15">
    <skipped/>
  </testcase> <!-- RunEOD -->
</testsuite> <!-- LMS_Scenarios.LMS_Scenario_15 -->
