<?xml version="1.0" encoding="UTF-8"?>
<!-- Generated by org.testng.reporters.JUnitReportReporter -->
<testsuite skipped="0" hostname="TESTING-029" name="Demo.LAEP_End2End_27_main" tests="7" failures="0" timestamp="02 Aug 2019 05:12:30 GMT" time="504.092" errors="0">
  <testcase name="BrowserLaunch" time="3.766" classname="Demo.LAEP_End2End_27_main"/>
  <testcase name="TC_Initiation" time="229.737" classname="Demo.LAEP_End2End_27_main"/>
  <testcase name="TC_QCstage" time="59.373" classname="Demo.LAEP_End2End_27_main"/>
  <testcase name="TC_CRA1st" time="62.357" classname="Demo.LAEP_End2End_27_main"/>
  <testcase name="TC_CRA2" time="45.508" classname="Demo.LAEP_End2End_27_main"/>
  <testcase name="TC_L2" time="66.997" classname="Demo.LAEP_End2End_27_main"/>
  <testcase name="TC_RSM" time="36.354" classname="Demo.LAEP_End2End_27_main"/>
</testsuite> <!-- Demo.LAEP_End2End_27_main -->
