<?xml version="1.0" encoding="UTF-8"?>
<!-- Generated by org.testng.reporters.JUnitReportReporter -->
<testsuite skipped="0" hostname="TESTING-029" name="BL_main.BL_End2End_07_main" tests="5" failures="0" timestamp="06 Sep 2019 06:03:26 GMT" time="623.368" errors="0">
  <testcase name="BrowserLaunch" time="3.596" classname="BL_main.BL_End2End_07_main"/>
  <testcase name="LoginApplication" time="356.621" classname="BL_main.BL_End2End_07_main"/>
  <testcase name="TC_QC" time="84.231" classname="BL_main.BL_End2End_07_main"/>
  <testcase name="TC_CRA1st" time="120.086" classname="BL_main.BL_End2End_07_main"/>
  <testcase name="TC_L2" time="58.834" classname="BL_main.BL_End2End_07_main"/>
</testsuite> <!-- BL_main.BL_End2End_07_main -->
