<?xml version="1.0" encoding="UTF-8"?>
<!-- Generated by org.testng.reporters.JUnitReportReporter -->
<testsuite skipped="0" hostname="TESTING-029" name="Demo.LAEP_End2End_16_main" tests="5" failures="0" timestamp="23 Aug 2019 10:28:02 GMT" time="641.995" errors="0">
  <testcase name="BrowserLaunch" time="23.790" classname="Demo.LAEP_End2End_16_main"/>
  <testcase name="LoginApplication" time="400.406" classname="Demo.LAEP_End2End_16_main"/>
  <testcase name="TC_QC" time="57.933" classname="Demo.LAEP_End2End_16_main"/>
  <testcase name="TC_CRA_1" time="113.591" classname="Demo.LAEP_End2End_16_main"/>
  <testcase name="TC_L2" time="46.275" classname="Demo.LAEP_End2End_16_main"/>
</testsuite> <!-- Demo.LAEP_End2End_16_main -->
