<?xml version="1.0" encoding="UTF-8"?>
<!-- Generated by org.testng.reporters.JUnitReportReporter -->
<testsuite skipped="0" hostname="TESTING-029" name="BL_main.BL_End2End_08_main" tests="5" failures="0" timestamp="05 Sep 2019 09:20:55 GMT" time="664.030" errors="0">
  <testcase name="BrowserLaunch" time="4.928" classname="BL_main.BL_End2End_08_main"/>
  <testcase name="LoginApplication" time="362.880" classname="BL_main.BL_End2End_08_main"/>
  <testcase name="TC_QC" time="112.045" classname="BL_main.BL_End2End_08_main"/>
  <testcase name="TC_CRA1st" time="126.716" classname="BL_main.BL_End2End_08_main"/>
  <testcase name="TC_L2" time="57.461" classname="BL_main.BL_End2End_08_main"/>
</testsuite> <!-- BL_main.BL_End2End_08_main -->
