<?xml version="1.0" encoding="UTF-8"?>
<!-- Generated by org.testng.reporters.JUnitReportReporter -->
<testsuite skipped="0" hostname="TESTING-nasr-PC" name="LMS_Scenarios.LMS_Online_ApprovalafterTwodays04" tests="8" failures="0" timestamp="30 Apr 2020 10:05:19 GMT" time="548.670" errors="0">
  <testcase name="TC001_LaunchBrowser" time="5.158" classname="LMS_Scenarios.LMS_Online_ApprovalafterTwodays04"/>
  <testcase name="TC001_PaymentVerification_BeforePayment" time="91.366" classname="LMS_Scenarios.LMS_Online_ApprovalafterTwodays04"/>
  <testcase name="TC002_ReceiptMaker" time="102.185" classname="LMS_Scenarios.LMS_Online_ApprovalafterTwodays04"/>
  <testcase name="TC003_ReceiptApprover" time="58.644" classname="LMS_Scenarios.LMS_Online_ApprovalafterTwodays04"/>
  <testcase name="TC004_PaymentVerificatiion" time="105.001" classname="LMS_Scenarios.LMS_Online_ApprovalafterTwodays04"/>
  <testcase name="TC005_ReceiptCancel" time="52.504" classname="LMS_Scenarios.LMS_Online_ApprovalafterTwodays04"/>
  <testcase name="TC006_ApproveCancelledReceipt" time="45.384" classname="LMS_Scenarios.LMS_Online_ApprovalafterTwodays04"/>
  <testcase name="TC007_PaymentVerificatiion" time="88.428" classname="LMS_Scenarios.LMS_Online_ApprovalafterTwodays04"/>
</testsuite> <!-- LMS_Scenarios.LMS_Online_ApprovalafterTwodays04 -->
