<?xml version="1.0" encoding="UTF-8"?>
<!-- Generated by org.testng.reporters.JUnitReportReporter -->
<testsuite skipped="0" hostname="TESTING-029" name="Demo.LAEP_End2End_04_main" tests="6" failures="0" timestamp="29 Jul 2019 06:27:13 GMT" time="452.815" errors="0">
  <testcase name="BrowserLaunch" time="3.274" classname="Demo.LAEP_End2End_04_main"/>
  <testcase name="TC_BL_DDE" time="223.532" classname="Demo.LAEP_End2End_04_main"/>
  <testcase name="TC_QCstage" time="63.807" classname="Demo.LAEP_End2End_04_main"/>
  <testcase name="TC_CRA1st" time="62.456" classname="Demo.LAEP_End2End_04_main"/>
  <testcase name="TC_CRA2" time="43.993" classname="Demo.LAEP_End2End_04_main"/>
  <testcase name="TC_L2" time="55.753" classname="Demo.LAEP_End2End_04_main"/>
</testsuite> <!-- Demo.LAEP_End2End_04_main -->
