<?xml version="1.0" encoding="UTF-8"?>
<!-- Generated by org.testng.reporters.JUnitReportReporter -->
<testsuite skipped="0" hostname="TESTING-029" name="Demo.LAEP_End2End_28_main" tests="11" failures="0" timestamp="02 Aug 2019 05:42:54 GMT" time="661.988" errors="0">
  <testcase name="BrowserLaunch" time="3.698" classname="Demo.LAEP_End2End_28_main"/>
  <testcase name="TC_Initiation" time="228.616" classname="Demo.LAEP_End2End_28_main"/>
  <testcase name="TC_QCstage" time="59.621" classname="Demo.LAEP_End2End_28_main"/>
  <testcase name="TC_CRA1st" time="63.685" classname="Demo.LAEP_End2End_28_main"/>
  <testcase name="TC_CRA2" time="46.200" classname="Demo.LAEP_End2End_28_main"/>
  <testcase name="TC_L2" time="67.837" classname="Demo.LAEP_End2End_28_main"/>
  <testcase name="TC_RSM" time="37.455" classname="Demo.LAEP_End2End_28_main"/>
  <testcase name="TC_PSV" time="49.512" classname="Demo.LAEP_End2End_28_main"/>
  <testcase name="TC_VerifyCRA2" time="37.615" classname="Demo.LAEP_End2End_28_main"/>
  <testcase name="TC_VerifyL2" time="38.033" classname="Demo.LAEP_End2End_28_main"/>
  <testcase name="TC_VerifyRSM" time="29.716" classname="Demo.LAEP_End2End_28_main"/>
</testsuite> <!-- Demo.LAEP_End2End_28_main -->
