<?xml version="1.0" encoding="UTF-8"?>
<!-- Generated by org.testng.reporters.JUnitReportReporter -->
<testsuite skipped="0" hostname="TESTING-029" name="Demo.LAEP_End2End_13_main" tests="5" failures="0" timestamp="16 Aug 2019 06:31:49 GMT" time="534.011" errors="0">
  <testcase name="BrowserLaunch" time="3.154" classname="Demo.LAEP_End2End_13_main"/>
  <testcase name="LoginApplication" time="321.836" classname="Demo.LAEP_End2End_13_main"/>
  <testcase name="TC_QC" time="41.746" classname="Demo.LAEP_End2End_13_main"/>
  <testcase name="TC_CRA_1" time="108.408" classname="Demo.LAEP_End2End_13_main"/>
  <testcase name="TC_L2" time="58.867" classname="Demo.LAEP_End2End_13_main"/>
</testsuite> <!-- Demo.LAEP_End2End_13_main -->
