<?xml version="1.0" encoding="UTF-8"?>
<!-- Generated by org.testng.reporters.JUnitReportReporter -->
<testsuite skipped="0" hostname="TESTING-029" name="BL_main.BL_End2End_05_main" tests="5" failures="0" timestamp="06 Sep 2019 05:38:01 GMT" time="693.846" errors="0">
  <testcase name="BrowserLaunch" time="6.675" classname="BL_main.BL_End2End_05_main"/>
  <testcase name="LoginApplication" time="378.866" classname="BL_main.BL_End2End_05_main"/>
  <testcase name="TC_QC" time="115.634" classname="BL_main.BL_End2End_05_main"/>
  <testcase name="TC_CRA1st" time="135.494" classname="BL_main.BL_End2End_05_main"/>
  <testcase name="TC_L2" time="57.177" classname="BL_main.BL_End2End_05_main"/>
</testsuite> <!-- BL_main.BL_End2End_05_main -->
