<?xml version="1.0" encoding="UTF-8"?>
<!-- Generated by org.testng.reporters.JUnitReportReporter -->
<testsuite skipped="0" hostname="TESTING-29" name="Demo.CLIX_LAEP_26_main" tests="9" failures="0" timestamp="18 Jul 2019 10:10:51 GMT" time="538.263" errors="0">
  <testcase name="BrowserLaunch" time="3.260" classname="Demo.CLIX_LAEP_26_main"/>
  <testcase name="TC_BL_DDE" time="207.071" classname="Demo.CLIX_LAEP_26_main"/>
  <testcase name="TC_QCstage" time="55.286" classname="Demo.CLIX_LAEP_26_main"/>
  <testcase name="TC_CRA1st" time="52.709" classname="Demo.CLIX_LAEP_26_main"/>
  <testcase name="TC_CRA2" time="41.536" classname="Demo.CLIX_LAEP_26_main"/>
  <testcase name="TC_L2" time="63.303" classname="Demo.CLIX_LAEP_26_main"/>
  <testcase name="TC_RSM" time="36.788" classname="Demo.CLIX_LAEP_26_main"/>
  <testcase name="TC_PSV" time="48.953" classname="Demo.CLIX_LAEP_26_main"/>
  <testcase name="TC_VerifyCRAlevels" time="29.357" classname="Demo.CLIX_LAEP_26_main"/>
</testsuite> <!-- Demo.CLIX_LAEP_26_main -->
