<?xml version="1.0" encoding="UTF-8"?>
<!-- Generated by org.testng.reporters.JUnitReportReporter -->
<testsuite skipped="0" hostname="TESTING-029" name="Demo.LAEP_End2End_17_main" tests="5" failures="0" timestamp="23 Aug 2019 10:45:00 GMT" time="660.854" errors="0">
  <testcase name="BrowserLaunch" time="14.432" classname="Demo.LAEP_End2End_17_main"/>
  <testcase name="LoginApplication" time="356.800" classname="Demo.LAEP_End2End_17_main"/>
  <testcase name="TC_QC" time="90.294" classname="Demo.LAEP_End2End_17_main"/>
  <testcase name="TC_CRA_1" time="137.669" classname="Demo.LAEP_End2End_17_main"/>
  <testcase name="TC_L2" time="61.659" classname="Demo.LAEP_End2End_17_main"/>
</testsuite> <!-- Demo.LAEP_End2End_17_main -->
