<?xml version="1.0" encoding="UTF-8"?>
<!-- Generated by org.testng.reporters.JUnitReportReporter -->
<testsuite skipped="0" hostname="TESTING-17" name="LMS_Scenarios.Knockoff_Scenario8" tests="7" failures="0" timestamp="2019-12-24T20:28:46 IST" time="417.857" errors="0">
  <testcase name="TC001_LaunchBrowser" time="1.389" classname="LMS_Scenarios.Knockoff_Scenario8"/>
  <testcase name="TC001_PaymentVerification_BeforePayment" time="63.410" classname="LMS_Scenarios.Knockoff_Scenario8"/>
  <testcase name="TC002_ReceiptMaker" time="104.965" classname="LMS_Scenarios.Knockoff_Scenario8"/>
  <testcase name="TC002_ReceiptApprover" time="56.665" classname="LMS_Scenarios.Knockoff_Scenario8"/>
  <testcase name="TC004_PaymentRefund" time="65.276" classname="LMS_Scenarios.Knockoff_Scenario8"/>
  <testcase name="TC004_KnockoffApprover" time="60.709" classname="LMS_Scenarios.Knockoff_Scenario8"/>
  <testcase name="TC005_verifying" time="65.443" classname="LMS_Scenarios.Knockoff_Scenario8"/>
</testsuite> <!-- LMS_Scenarios.Knockoff_Scenario8 -->
