<?xml version="1.0" encoding="UTF-8"?>
<!-- Generated by org.testng.reporters.JUnitReportReporter -->
<testsuite skipped="0" hostname="TESTING-029" name="BL_main.BL_End2End_94_main" tests="9" failures="0" timestamp="14 Oct 2019 10:09:59 GMT" time="826.577" errors="0">
  <testcase name="BrowserLaunch" time="3.266" classname="BL_main.BL_End2End_94_main"/>
  <testcase name="LoginApplication" time="319.143" classname="BL_main.BL_End2End_94_main"/>
  <testcase name="TC_QC" time="52.670" classname="BL_main.BL_End2End_94_main"/>
  <testcase name="TC_CRA_1" time="119.384" classname="BL_main.BL_End2End_94_main"/>
  <testcase name="TC_CreditLevels" time="64.046" classname="BL_main.BL_End2End_94_main"/>
  <testcase name="TC_SalesManager" time="37.525" classname="BL_main.BL_End2End_94_main"/>
  <testcase name="TC_PSV" time="108.436" classname="BL_main.BL_End2End_94_main"/>
  <testcase name="TC_PSC" time="65.859" classname="BL_main.BL_End2End_94_main"/>
  <testcase name="TC_OPRMAKER" time="56.248" classname="BL_main.BL_End2End_94_main"/>
</testsuite> <!-- BL_main.BL_End2End_94_main -->
