<?xml version="1.0" encoding="UTF-8"?>
<!-- Generated by org.testng.reporters.JUnitReportReporter -->
<testsuite skipped="0" hostname="TESTING-54" name="receivable.payable.scenario.LMS_Payable_09" tests="7" failures="0" timestamp="2020-02-14T15:10:26 IST" time="388.774" errors="0">
  <testcase name="TC001_LaunchBrowser" time="2.685" classname="receivable.payable.scenario.LMS_Payable_09"/>
  <testcase name="TC001_PaymentVerification_BeforePayment" time="66.077" classname="receivable.payable.scenario.LMS_Payable_09"/>
  <testcase name="chargesimplement" time="103.174" classname="receivable.payable.scenario.LMS_Payable_09"/>
  <testcase name="TC003_ReceiptMaker" time="69.370" classname="receivable.payable.scenario.LMS_Payable_09"/>
  <testcase name="TC005_DepositApprover" time="65.832" classname="receivable.payable.scenario.LMS_Payable_09"/>
  <testcase name="TC005_verifying" time="47.007" classname="receivable.payable.scenario.LMS_Payable_09"/>
  <testcase name="TC005_verifyingInManualAdviceEnquiry" time="34.629" classname="receivable.payable.scenario.LMS_Payable_09"/>
</testsuite> <!-- receivable.payable.scenario.LMS_Payable_09 -->
