<?xml version="1.0" encoding="UTF-8"?>
<!-- Generated by org.testng.reporters.JUnitReportReporter -->
<testsuite skipped="0" hostname="TESTING-029" name="Demo.LAEP_End2End_34_main" tests="13" failures="0" timestamp="26 Sep 2019 09:49:59 GMT" time="1718.235" errors="0">
  <testcase name="BrowserLaunch" time="1.619" classname="Demo.LAEP_End2End_34_main"/>
  <testcase name="LoginApplication" time="448.606" classname="Demo.LAEP_End2End_34_main"/>
  <testcase name="TC_QCstage" time="100.890" classname="Demo.LAEP_End2End_34_main"/>
  <testcase name="TC_CRA_1" time="170.509" classname="Demo.LAEP_End2End_34_main"/>
  <testcase name="TC_CreditLevels" time="104.125" classname="Demo.LAEP_End2End_34_main"/>
  <testcase name="TC_SalesManager" time="72.971" classname="Demo.LAEP_End2End_34_main"/>
  <testcase name="TC_PSV" time="85.563" classname="Demo.LAEP_End2End_34_main"/>
  <testcase name="TC_PSC" time="77.096" classname="Demo.LAEP_End2End_34_main"/>
  <testcase name="TC_Admin" time="180.894" classname="Demo.LAEP_End2End_34_main"/>
  <testcase name="TC_PSC2" time="110.619" classname="Demo.LAEP_End2End_34_main"/>
  <testcase name="TC_OPRMAKER" time="202.253" classname="Demo.LAEP_End2End_34_main"/>
  <testcase name="TC_OPRAPPROVER" time="94.767" classname="Demo.LAEP_End2End_34_main"/>
  <testcase name="TC_AUTHOR1" time="68.323" classname="Demo.LAEP_End2End_34_main"/>
</testsuite> <!-- Demo.LAEP_End2End_34_main -->
