<?xml version="1.0" encoding="UTF-8"?>
<!-- Generated by org.testng.reporters.JUnitReportReporter -->
<testsuite skipped="0" hostname="TESTING-54" name="refund.scenarios.LMS_Refund_GS_002" tests="6" failures="0" timestamp="2020-02-28T15:44:30 IST" time="463.317" errors="0">
  <testcase name="TC001_LaunchBrowser" time="3.518" classname="refund.scenarios.LMS_Refund_GS_002"/>
  <testcase name="TC001_PaymentVerification_BeforePayment" time="72.442" classname="refund.scenarios.LMS_Refund_GS_002"/>
  <testcase name="TC002_ReceiptMaker" time="106.702" classname="refund.scenarios.LMS_Refund_GS_002"/>
  <testcase name="TC004_verifying" time="46.767" classname="refund.scenarios.LMS_Refund_GS_002"/>
  <testcase name="TC004_PaymentRefund" time="141.143" classname="refund.scenarios.LMS_Refund_GS_002"/>
  <testcase name="TC005_verifying" time="92.745" classname="refund.scenarios.LMS_Refund_GS_002"/>
</testsuite> <!-- refund.scenarios.LMS_Refund_GS_002 -->
