<?xml version="1.0" encoding="UTF-8"?>
<!-- Generated by org.testng.reporters.JUnitReportReporter -->
<testsuite skipped="0" hostname="TESTING-029" name="Demo.LAEP_End2End_18_main" tests="6" failures="0" timestamp="02 Aug 2019 06:57:23 GMT" time="470.788" errors="0">
  <testcase name="BrowserLaunch" time="3.172" classname="Demo.LAEP_End2End_18_main"/>
  <testcase name="TC_Initiation" time="230.139" classname="Demo.LAEP_End2End_18_main"/>
  <testcase name="TC_QCstage" time="59.289" classname="Demo.LAEP_End2End_18_main"/>
  <testcase name="TC_CRA1st" time="62.184" classname="Demo.LAEP_End2End_18_main"/>
  <testcase name="TC_CRA2" time="47.546" classname="Demo.LAEP_End2End_18_main"/>
  <testcase name="TC_L2" time="68.458" classname="Demo.LAEP_End2End_18_main"/>
</testsuite> <!-- Demo.LAEP_End2End_18_main -->
