<?xml version="1.0" encoding="UTF-8"?>
<!-- Generated by org.testng.reporters.JUnitReportReporter -->
<testsuite hostname="DESKTOP-SA53JDE" failures="0" tests="1" name="Reliance_Suites.TW_Module" time="25.309" errors="0" timestamp="2023-03-15T12:35:50 IST" skipped="0">
  <testcase classname="Reliance_Suites.TW_Module" name="Credential" time="25.309"/>
  <system-out/>
</testsuite> <!-- Reliance_Suites.TW_Module -->
