<?xml version="1.0" encoding="UTF-8"?>
<!-- Generated by org.testng.reporters.JUnitReportReporter -->
<testsuite skipped="0" hostname="TESTING-54" name="earlystatement.scenario.LMS_EarlySettlement_02" tests="9" failures="0" timestamp="2020-02-05T17:26:31 IST" time="1208.070" errors="0">
  <testcase name="TC001_LaunchBrowser" time="2.796" classname="earlystatement.scenario.LMS_EarlySettlement_02"/>
  <testcase name="TC001_PaymentVerification_BeforePayment" time="62.850" classname="earlystatement.scenario.LMS_EarlySettlement_02"/>
  <testcase name="TC002_ReceiptMaker" time="104.948" classname="earlystatement.scenario.LMS_EarlySettlement_02"/>
  <testcase name="TC003_DepositMaker" time="67.027" classname="earlystatement.scenario.LMS_EarlySettlement_02"/>
  <testcase name="TC004_DepositApprover" time="54.121" classname="earlystatement.scenario.LMS_EarlySettlement_02"/>
  <testcase name="RunEOD" time="709.227" classname="earlystatement.scenario.LMS_EarlySettlement_02"/>
  <testcase name="TC006_RealizationMaker" time="61.097" classname="earlystatement.scenario.LMS_EarlySettlement_02"/>
  <testcase name="TC007_RealizationApprover" time="61.132" classname="earlystatement.scenario.LMS_EarlySettlement_02"/>
  <testcase name="TC008_PaymentVerificatiion" time="84.872" classname="earlystatement.scenario.LMS_EarlySettlement_02"/>
</testsuite> <!-- earlystatement.scenario.LMS_EarlySettlement_02 -->
