<?xml version="1.0" encoding="UTF-8"?>
<!-- Generated by org.testng.reporters.JUnitReportReporter -->
<testsuite skipped="0" hostname="TESTING-029" name="Demo.LAEP_End2End_07_Main" tests="6" failures="0" timestamp="26 Jul 2019 12:20:23 GMT" time="567.693" errors="0">
  <testcase name="BrowserLaunch" time="2.401" classname="Demo.LAEP_End2End_07_Main"/>
  <testcase name="TC_BL_DDE" time="348.935" classname="Demo.LAEP_End2End_07_Main"/>
  <testcase name="TC_QCstage" time="60.102" classname="Demo.LAEP_End2End_07_Main"/>
  <testcase name="TC_CRA1st" time="54.682" classname="Demo.LAEP_End2End_07_Main"/>
  <testcase name="TC_CRA2" time="41.276" classname="Demo.LAEP_End2End_07_Main"/>
  <testcase name="TC_L3" time="60.297" classname="Demo.LAEP_End2End_07_Main"/>
</testsuite> <!-- Demo.LAEP_End2End_07_Main -->
