<?xml version="1.0" encoding="UTF-8"?>
<!-- Generated by org.testng.reporters.JUnitReportReporter -->
<testsuite skipped="0" hostname="TESTING-29" name="Demo.LAEP_AutoDev_gtr_30L_Main" tests="6" failures="0" timestamp="12 Jul 2019 10:28:13 GMT" time="378.874" errors="0">
  <testcase name="BrowserLaunch" time="3.091" classname="Demo.LAEP_AutoDev_gtr_30L_Main"/>
  <testcase name="TC_BL_DDE" time="177.545" classname="Demo.LAEP_AutoDev_gtr_30L_Main"/>
  <testcase name="TC_QCstage" time="53.435" classname="Demo.LAEP_AutoDev_gtr_30L_Main"/>
  <testcase name="TC_CRA1st" time="51.127" classname="Demo.LAEP_AutoDev_gtr_30L_Main"/>
  <testcase name="TC_CRA2" time="38.648" classname="Demo.LAEP_AutoDev_gtr_30L_Main"/>
  <testcase name="TC_L3" time="55.028" classname="Demo.LAEP_AutoDev_gtr_30L_Main"/>
</testsuite> <!-- Demo.LAEP_AutoDev_gtr_30L_Main -->
