<?xml version="1.0" encoding="UTF-8"?>
<!-- Generated by org.testng.reporters.JUnitReportReporter -->
<testsuite skipped="0" hostname="TESTING-029" name="BL_main.BL_End2End_13_main" tests="6" failures="0" timestamp="30 Aug 2019 06:17:25 GMT" time="725.012" errors="0">
  <testcase name="BrowserLaunch" time="6.995" classname="BL_main.BL_End2End_13_main"/>
  <testcase name="LoginApplication" time="351.141" classname="BL_main.BL_End2End_13_main"/>
  <testcase name="TC_QC" time="91.713" classname="BL_main.BL_End2End_13_main"/>
  <testcase name="TC_CRA_1" time="116.976" classname="BL_main.BL_End2End_13_main"/>
  <testcase name="TC_L2" time="59.488" classname="BL_main.BL_End2End_13_main"/>
  <testcase name="TC_CreditLevels" time="98.699" classname="BL_main.BL_End2End_13_main"/>
</testsuite> <!-- BL_main.BL_End2End_13_main -->
