<?xml version="1.0" encoding="UTF-8"?>
<!-- Generated by org.testng.reporters.JUnitReportReporter -->
<testsuite skipped="0" hostname="TESTING-029" name="Demo.LAEP_End2End_66_main" tests="8" failures="0" timestamp="21 Sep 2019 10:51:18 GMT" time="973.672" errors="0">
  <testcase name="BrowserLaunch" time="1.576" classname="Demo.LAEP_End2End_66_main"/>
  <testcase name="LoginApplication" time="453.432" classname="Demo.LAEP_End2End_66_main"/>
  <testcase name="TC_QC" time="63.834" classname="Demo.LAEP_End2End_66_main"/>
  <testcase name="TC_CRA_1" time="155.646" classname="Demo.LAEP_End2End_66_main"/>
  <testcase name="TC_CreditLevels" time="86.467" classname="Demo.LAEP_End2End_66_main"/>
  <testcase name="TC_SalesManager" time="53.262" classname="Demo.LAEP_End2End_66_main"/>
  <testcase name="TC_PSV" time="77.598" classname="Demo.LAEP_End2End_66_main"/>
  <testcase name="TC_PSC" time="81.857" classname="Demo.LAEP_End2End_66_main"/>
</testsuite> <!-- Demo.LAEP_End2End_66_main -->
