<?xml version="1.0" encoding="UTF-8"?>
<!-- Generated by org.testng.reporters.JUnitReportReporter -->
<testsuite skipped="0" hostname="TESTING-029" name="BL_main.BL_End2End_23_main" tests="5" failures="0" timestamp="13 Sep 2019 06:28:33 GMT" time="675.050" errors="0">
  <testcase name="BrowserLaunch" time="5.495" classname="BL_main.BL_End2End_23_main"/>
  <testcase name="TC_Initiation" time="363.056" classname="BL_main.BL_End2End_23_main"/>
  <testcase name="TC_QCstage" time="103.134" classname="BL_main.BL_End2End_23_main"/>
  <testcase name="TC_CRA1st" time="134.900" classname="BL_main.BL_End2End_23_main"/>
  <testcase name="TC_CreditLevels" time="68.465" classname="BL_main.BL_End2End_23_main"/>
</testsuite> <!-- BL_main.BL_End2End_23_main -->
