<?xml version="1.0" encoding="UTF-8"?>
<!-- Generated by org.testng.reporters.JUnitReportReporter -->
<testsuite skipped="0" hostname="TESTING-029" name="BL_main.BL_End2End_28_main" tests="8" failures="0" timestamp="13 Sep 2019 06:45:49 GMT" time="868.882" errors="0">
  <testcase name="BrowserLaunch" time="4.271" classname="BL_main.BL_End2End_28_main"/>
  <testcase name="LoginApplication" time="381.618" classname="BL_main.BL_End2End_28_main"/>
  <testcase name="TC_QC" time="77.148" classname="BL_main.BL_End2End_28_main"/>
  <testcase name="TC_CRA_1" time="139.358" classname="BL_main.BL_End2End_28_main"/>
  <testcase name="TC_CreditLevels" time="69.235" classname="BL_main.BL_End2End_28_main"/>
  <testcase name="TC_SalesManager" time="54.706" classname="BL_main.BL_End2End_28_main"/>
  <testcase name="TC_PSV" time="106.204" classname="BL_main.BL_End2End_28_main"/>
  <testcase name="TC_VerifyCRAlevels" time="36.342" classname="BL_main.BL_End2End_28_main"/>
</testsuite> <!-- BL_main.BL_End2End_28_main -->
