<?xml version="1.0" encoding="UTF-8"?>
<!-- Generated by org.testng.reporters.JUnitReportReporter -->
<testsuite skipped="0" hostname="TESTING-029" name="Demo.LAEP_End2End_05_main" tests="6" failures="0" timestamp="26 Jul 2019 08:42:29 GMT" time="564.979" errors="0">
  <testcase name="BrowserLaunch" time="1.991" classname="Demo.LAEP_End2End_05_main"/>
  <testcase name="TC_BL_DDE" time="317.522" classname="Demo.LAEP_End2End_05_main"/>
  <testcase name="TC_QCstage" time="66.734" classname="Demo.LAEP_End2End_05_main"/>
  <testcase name="TC_CRA1st" time="65.311" classname="Demo.LAEP_End2End_05_main"/>
  <testcase name="TC_CRA2" time="49.406" classname="Demo.LAEP_End2End_05_main"/>
  <testcase name="TC_L2" time="64.015" classname="Demo.LAEP_End2End_05_main"/>
</testsuite> <!-- Demo.LAEP_End2End_05_main -->
