<?xml version="1.0" encoding="UTF-8"?>
<!-- Generated by org.testng.reporters.JUnitReportReporter -->
<testsuite skipped="0" hostname="TESTING-54" name="receivable.payable.scenario.LMS_Receivable_05" tests="8" failures="0" timestamp="2020-02-12T14:58:16 IST" time="507.129" errors="0">
  <testcase name="TC001_LaunchBrowser" time="1.902" classname="receivable.payable.scenario.LMS_Receivable_05"/>
  <testcase name="TC001_PaymentVerification_BeforePayment" time="74.261" classname="receivable.payable.scenario.LMS_Receivable_05"/>
  <testcase name="chargesimplement" time="101.764" classname="receivable.payable.scenario.LMS_Receivable_05"/>
  <testcase name="TC005_verifying2" time="74.178" classname="receivable.payable.scenario.LMS_Receivable_05"/>
  <testcase name="TC003_ReceiptMaker" time="115.646" classname="receivable.payable.scenario.LMS_Receivable_05"/>
  <testcase name="TC005_DepositApprover" time="58.757" classname="receivable.payable.scenario.LMS_Receivable_05"/>
  <testcase name="TC005_verifying3" time="46.424" classname="receivable.payable.scenario.LMS_Receivable_05"/>
  <testcase name="TC005_verifyingInManualAdviceEnquiry" time="34.197" classname="receivable.payable.scenario.LMS_Receivable_05"/>
</testsuite> <!-- receivable.payable.scenario.LMS_Receivable_05 -->
