<?xml version="1.0" encoding="UTF-8"?>
<!-- Generated by org.testng.reporters.JUnitReportReporter -->
<testsuite skipped="0" hostname="TESTING-nasr-PC" name="LMS_Scenarios.LMS_DD_Reject09" tests="6" failures="0" timestamp="28 Apr 2020 10:45:07 GMT" time="380.153" errors="0">
  <testcase name="TC001_LaunchBrowser" time="6.061" classname="LMS_Scenarios.LMS_DD_Reject09"/>
  <testcase name="TC001_PaymentVerification_BeforePayment" time="88.445" classname="LMS_Scenarios.LMS_DD_Reject09"/>
  <testcase name="TC002_ReceiptMaker" time="92.015" classname="LMS_Scenarios.LMS_DD_Reject09"/>
  <testcase name="TC003_DepositMaker" time="61.793" classname="LMS_Scenarios.LMS_DD_Reject09"/>
  <testcase name="TC004_RealizationMaker" time="43.846" classname="LMS_Scenarios.LMS_DD_Reject09"/>
  <testcase name="TC005_PaymentVerificatiion" time="87.993" classname="LMS_Scenarios.LMS_DD_Reject09"/>
</testsuite> <!-- LMS_Scenarios.LMS_DD_Reject09 -->
