<?xml version="1.0" encoding="UTF-8"?>
<!-- Generated by org.testng.reporters.JUnitReportReporter -->
<testsuite skipped="0" hostname="TESTING-17" name="LMS_Scenarios.Knockoff_Scenario4" tests="9" failures="0" timestamp="2019-12-17T16:19:29 IST" time="497.004" errors="0">
  <testcase name="TC001_LaunchBrowser" time="1.357" classname="LMS_Scenarios.Knockoff_Scenario4"/>
  <testcase name="TC001_PaymentVerification_BeforePayment" time="62.591" classname="LMS_Scenarios.Knockoff_Scenario4"/>
  <testcase name="TC002_ReceiptMaker" time="104.988" classname="LMS_Scenarios.Knockoff_Scenario4"/>
  <testcase name="TC002_ReceiptApprover" time="58.866" classname="LMS_Scenarios.Knockoff_Scenario4"/>
  <testcase name="TC004_PaymentRefund" time="68.221" classname="LMS_Scenarios.Knockoff_Scenario4"/>
  <testcase name="TC005_KnockoffApprover" time="61.772" classname="LMS_Scenarios.Knockoff_Scenario4"/>
  <testcase name="TC006_ReceiptCancel" time="51.980" classname="LMS_Scenarios.Knockoff_Scenario4"/>
  <testcase name="TC007_ApproveCancelledReceipt" time="43.378" classname="LMS_Scenarios.Knockoff_Scenario4"/>
  <testcase name="TC008_knockoffpartial" time="43.851" classname="LMS_Scenarios.Knockoff_Scenario4"/>
</testsuite> <!-- LMS_Scenarios.Knockoff_Scenario4 -->
