<?xml version="1.0" encoding="UTF-8"?>
<!-- Generated by org.testng.reporters.JUnitReportReporter -->
<testsuite skipped="0" hostname="TESTING-54" name="earlystatement.scenario.LMS_EarlySettlement_01" tests="5" failures="0" timestamp="2020-02-05T17:01:38 IST" time="313.125" errors="0">
  <testcase name="TC001_LaunchBrowser" time="3.296" classname="earlystatement.scenario.LMS_EarlySettlement_01"/>
  <testcase name="TC001_PaymentVerification_BeforePayment" time="66.509" classname="earlystatement.scenario.LMS_EarlySettlement_01"/>
  <testcase name="TC002_ReceiptMaker" time="89.037" classname="earlystatement.scenario.LMS_EarlySettlement_01"/>
  <testcase name="TC002_ReceiptApprover" time="68.827" classname="earlystatement.scenario.LMS_EarlySettlement_01"/>
  <testcase name="TC003_PaymentVerificatiion" time="85.456" classname="earlystatement.scenario.LMS_EarlySettlement_01"/>
</testsuite> <!-- earlystatement.scenario.LMS_EarlySettlement_01 -->
