<?xml version="1.0" encoding="UTF-8"?>
<!-- Generated by org.testng.reporters.JUnitReportReporter -->
<testsuite skipped="0" hostname="TESTING-029" name="LMS_Scenarios.LMS_Scenario_8" tests="9" failures="0" timestamp="01 Nov 2019 10:15:01 GMT" time="545.456" errors="0">
  <testcase name="TC001_LaunchBrowser" time="6.973" classname="LMS_Scenarios.LMS_Scenario_8"/>
  <testcase name="TC002_ReceiptMaker" time="98.353" classname="LMS_Scenarios.LMS_Scenario_8"/>
  <testcase name="TC003_DepositMaker" time="67.955" classname="LMS_Scenarios.LMS_Scenario_8"/>
  <testcase name="TC004_RealizationMaker" time="64.296" classname="LMS_Scenarios.LMS_Scenario_8"/>
  <testcase name="TC005_DepositMaker_submit" time="54.832" classname="LMS_Scenarios.LMS_Scenario_8"/>
  <testcase name="TC006_RealizationMaker_Approve" time="57.595" classname="LMS_Scenarios.LMS_Scenario_8"/>
  <testcase name="TC007_RealizationMaker" time="63.020" classname="LMS_Scenarios.LMS_Scenario_8"/>
  <testcase name="TC008_RealizationApprover" time="51.003" classname="LMS_Scenarios.LMS_Scenario_8"/>
  <testcase name="TC003_PaymentVerificatiion" time="81.429" classname="LMS_Scenarios.LMS_Scenario_8"/>
</testsuite> <!-- LMS_Scenarios.LMS_Scenario_8 -->
