<?xml version="1.0" encoding="UTF-8"?>
<!-- Generated by org.testng.reporters.JUnitReportReporter -->
<testsuite skipped="0" hostname="TESTING-029" name="Demo.LAEP_End2End_32_main" tests="13" failures="0" timestamp="20 Sep 2019 11:50:53 GMT" time="2438.840" errors="0">
  <testcase name="BrowserLaunch" time="1.617" classname="Demo.LAEP_End2End_32_main"/>
  <testcase name="LoginApplication" time="524.280" classname="Demo.LAEP_End2End_32_main"/>
  <testcase name="TC_QC" time="94.759" classname="Demo.LAEP_End2End_32_main"/>
  <testcase name="TC_CRA_1" time="195.596" classname="Demo.LAEP_End2End_32_main"/>
  <testcase name="TC_CreditLevels" time="101.072" classname="Demo.LAEP_End2End_32_main"/>
  <testcase name="TC_SalesManager" time="59.343" classname="Demo.LAEP_End2End_32_main"/>
  <testcase name="TC_PSV" time="169.007" classname="Demo.LAEP_End2End_32_main"/>
  <testcase name="TC_PSC" time="72.227" classname="Demo.LAEP_End2End_32_main"/>
  <testcase name="TC_Admin" time="119.155" classname="Demo.LAEP_End2End_32_main"/>
  <testcase name="TC_PSC2" time="410.497" classname="Demo.LAEP_End2End_32_main"/>
  <testcase name="TC_OPRMAKER" time="211.317" classname="Demo.LAEP_End2End_32_main"/>
  <testcase name="TC_OPRAPPROVER" time="414.468" classname="Demo.LAEP_End2End_32_main"/>
  <testcase name="TC_AUTHOR1" time="65.502" classname="Demo.LAEP_End2End_32_main"/>
</testsuite> <!-- Demo.LAEP_End2End_32_main -->
