<?xml version="1.0" encoding="UTF-8"?>
<!-- Generated by org.testng.reporters.JUnitReportReporter -->
<testsuite skipped="0" hostname="TESTING-029" name="Demo.LAEP_AutoDev_50L_Main" tests="6" failures="0" timestamp="02 Aug 2019 08:24:24 GMT" time="512.750" errors="0">
  <testcase name="BrowserLaunch" time="4.396" classname="Demo.LAEP_AutoDev_50L_Main"/>
  <testcase name="TC_BL_DDE" time="287.168" classname="Demo.LAEP_AutoDev_50L_Main"/>
  <testcase name="TC_QC" time="59.487" classname="Demo.LAEP_AutoDev_50L_Main"/>
  <testcase name="TC_CRA1st" time="64.029" classname="Demo.LAEP_AutoDev_50L_Main"/>
  <testcase name="TC_CRA2" time="39.815" classname="Demo.LAEP_AutoDev_50L_Main"/>
  <testcase name="TC_L5" time="57.855" classname="Demo.LAEP_AutoDev_50L_Main"/>
</testsuite> <!-- Demo.LAEP_AutoDev_50L_Main -->
