<?xml version="1.0" encoding="UTF-8"?>
<!-- Generated by org.testng.reporters.JUnitReportReporter -->
<testsuite skipped="0" hostname="TESTING-029" name="Demo.LAEP_End2End_75_main" tests="12" failures="0" timestamp="03 Aug 2019 11:40:00 GMT" time="937.872" errors="0">
  <testcase name="TC001_LaunchBrowser" time="3.851" classname="Demo.LAEP_End2End_75_main"/>
  <testcase name="TC002_DDE" time="349.388" classname="Demo.LAEP_End2End_75_main"/>
  <testcase name="TC003_QCmovedtoCRA" time="44.044" classname="Demo.LAEP_End2End_75_main"/>
  <testcase name="TC003_CRAmovedtoCreditLevel" time="95.983" classname="Demo.LAEP_End2End_75_main"/>
  <testcase name="TC004_CreditLevel2movedtoSM" time="56.341" classname="Demo.LAEP_End2End_75_main"/>
  <testcase name="TC005_SMmovedtoPSV" time="40.553" classname="Demo.LAEP_End2End_75_main"/>
  <testcase name="TC006_PSVmovedtoPSC" time="41.727" classname="Demo.LAEP_End2End_75_main"/>
  <testcase name="TC007_PSCmovedtoOPRMAKER" time="44.340" classname="Demo.LAEP_End2End_75_main"/>
  <testcase name="TC008_OprMakermovedtoOprApprover" time="98.268" classname="Demo.LAEP_End2End_75_main"/>
  <testcase name="TC009_OprApprovermovedtoAuthor" time="68.243" classname="Demo.LAEP_End2End_75_main"/>
  <testcase name="TC0010_Author" time="41.539" classname="Demo.LAEP_End2End_75_main"/>
  <testcase name="TC0011_Author2" time="53.595" classname="Demo.LAEP_End2End_75_main"/>
</testsuite> <!-- Demo.LAEP_End2End_75_main -->
