<?xml version="1.0" encoding="UTF-8"?>
<!-- Generated by org.testng.reporters.JUnitReportReporter -->
<testsuite skipped="0" hostname="TESTING-029" name="BL_main.BL_End2End_22_main" tests="6" failures="0" timestamp="13 Sep 2019 06:16:28 GMT" time="717.449" errors="0">
  <testcase name="BrowserLaunch" time="4.998" classname="BL_main.BL_End2End_22_main"/>
  <testcase name="TC_DDE" time="358.133" classname="BL_main.BL_End2End_22_main"/>
  <testcase name="TC_QCstage" time="104.222" classname="BL_main.BL_End2End_22_main"/>
  <testcase name="TC_CRA1st" time="130.266" classname="BL_main.BL_End2End_22_main"/>
  <testcase name="TC_CreditLevels" time="67.351" classname="BL_main.BL_End2End_22_main"/>
  <testcase name="TC_SalesManager" time="52.479" classname="BL_main.BL_End2End_22_main"/>
</testsuite> <!-- BL_main.BL_End2End_22_main -->
