<?xml version="1.0" encoding="UTF-8"?>
<!-- Generated by org.testng.reporters.JUnitReportReporter -->
<testsuite skipped="0" hostname="TESTING-029" name="BL_main.BL_End2End_18_main" tests="5" failures="0" timestamp="30 Aug 2019 08:58:59 GMT" time="909.029" errors="0">
  <testcase name="BrowserLaunch" time="8.146" classname="BL_main.BL_End2End_18_main"/>
  <testcase name="LoginApplication" time="535.257" classname="BL_main.BL_End2End_18_main"/>
  <testcase name="TC_QC" time="79.259" classname="BL_main.BL_End2End_18_main"/>
  <testcase name="TC_CRA_1" time="227.027" classname="BL_main.BL_End2End_18_main"/>
  <testcase name="TC_L2" time="59.340" classname="BL_main.BL_End2End_18_main"/>
</testsuite> <!-- BL_main.BL_End2End_18_main -->
