<?xml version="1.0" encoding="UTF-8"?>
<!-- Generated by org.testng.reporters.JUnitReportReporter -->
<testsuite skipped="1" hostname="TESTING-nasr-PC" name="LMS_Scenarios.LMS_Cancel_inGracePeriod_21" tests="9" failures="0" timestamp="06 May 2020 12:08:59 GMT" time="561.936" errors="0">
  <testcase name="TC001_LaunchBrowser" time="7.800" classname="LMS_Scenarios.LMS_Cancel_inGracePeriod_21"/>
  <testcase name="TC001_PaymentVerification_BeforePayment" time="87.304" classname="LMS_Scenarios.LMS_Cancel_inGracePeriod_21"/>
  <testcase name="TC002_ReceiptMaker" time="121.337" classname="LMS_Scenarios.LMS_Cancel_inGracePeriod_21"/>
  <testcase name="TC003_ReceiptApprover" time="56.119" classname="LMS_Scenarios.LMS_Cancel_inGracePeriod_21"/>
  <testcase name="TC004_PaymentVerification" time="101.424" classname="LMS_Scenarios.LMS_Cancel_inGracePeriod_21"/>
  <testcase name="TC006_ReceiptCancel" time="55.164" classname="LMS_Scenarios.LMS_Cancel_inGracePeriod_21"/>
  <testcase name="TC007_ApproveCancelledReceipt" time="45.465" classname="LMS_Scenarios.LMS_Cancel_inGracePeriod_21"/>
  <testcase name="TC008_PaymentVerificatiion" time="87.323" classname="LMS_Scenarios.LMS_Cancel_inGracePeriod_21"/>
  <testcase name="PenaltyCheck" classname="LMS_Scenarios.LMS_Cancel_inGracePeriod_21">
    <skipped/>
  </testcase> <!-- PenaltyCheck -->
</testsuite> <!-- LMS_Scenarios.LMS_Cancel_inGracePeriod_21 -->
