<?xml version="1.0" encoding="UTF-8"?>
<!-- Generated by org.testng.reporters.JUnitReportReporter -->
<testsuite skipped="0" hostname="TESTING-029" name="BL_main.BL_End2End_09_main" tests="5" failures="0" timestamp="06 Sep 2019 06:14:57 GMT" time="643.094" errors="0">
  <testcase name="BrowserLaunch" time="5.508" classname="BL_main.BL_End2End_09_main"/>
  <testcase name="LoginApplication" time="358.830" classname="BL_main.BL_End2End_09_main"/>
  <testcase name="TC_QC" time="88.266" classname="BL_main.BL_End2End_09_main"/>
  <testcase name="TC_CRA1st" time="132.445" classname="BL_main.BL_End2End_09_main"/>
  <testcase name="TC_L2" time="58.045" classname="BL_main.BL_End2End_09_main"/>
</testsuite> <!-- BL_main.BL_End2End_09_main -->
