<?xml version="1.0" encoding="UTF-8"?>
<!-- Generated by org.testng.reporters.JUnitReportReporter -->
<testsuite skipped="0" hostname="TESTING-17" name="LMS_Scenarios.LMS_Scenario_25" tests="8" failures="0" timestamp="2019-12-10T19:25:58 IST" time="514.684" errors="0">
  <testcase name="TC001_LaunchBrowser" time="1.257" classname="LMS_Scenarios.LMS_Scenario_25"/>
  <testcase name="TC001_PaymentVerification_BeforePayment" time="62.112" classname="LMS_Scenarios.LMS_Scenario_25"/>
  <testcase name="TC002_ReceiptMaker" time="94.661" classname="LMS_Scenarios.LMS_Scenario_25"/>
  <testcase name="TC002_ReceiptApprover" time="58.417" classname="LMS_Scenarios.LMS_Scenario_25"/>
  <testcase name="TC005_PaymentVerification" time="89.067" classname="LMS_Scenarios.LMS_Scenario_25"/>
  <testcase name="TC004_PaymentRefund" time="116.262" classname="LMS_Scenarios.LMS_Scenario_25"/>
  <testcase name="TC005_ReceiptCancel" time="51.568" classname="LMS_Scenarios.LMS_Scenario_25"/>
  <testcase name="TC006_ApproveCancelledReceipt" time="41.340" classname="LMS_Scenarios.LMS_Scenario_25"/>
</testsuite> <!-- LMS_Scenarios.LMS_Scenario_25 -->
