<?xml version="1.0" encoding="UTF-8"?>
<!-- Generated by org.testng.reporters.JUnitReportReporter -->
<testsuite skipped="2" hostname="TESTING-17" name="LMS_Scenarios.LMS_Scenario_30" tests="5" failures="0" timestamp="2020-01-30T15:42:49 IST" time="157.362" errors="0">
  <testcase name="TC001_LaunchBrowser" time="1.274" classname="LMS_Scenarios.LMS_Scenario_30"/>
  <testcase name="TC002_ReceiptMaker" time="91.813" classname="LMS_Scenarios.LMS_Scenario_30"/>
  <testcase name="TC003_ReceiptMaker" time="64.275" classname="LMS_Scenarios.LMS_Scenario_30"/>
  <testcase name="TC001_PaymentVerification_BeforePayment" classname="LMS_Scenarios.LMS_Scenario_30">
    <skipped/>
  </testcase> <!-- TC001_PaymentVerification_BeforePayment -->
  <testcase name="TC003_PaymentVerificatiion" classname="LMS_Scenarios.LMS_Scenario_30">
    <skipped/>
  </testcase> <!-- TC003_PaymentVerificatiion -->
</testsuite> <!-- LMS_Scenarios.LMS_Scenario_30 -->
