<?xml version="1.0" encoding="UTF-8"?>
<!-- Generated by org.testng.reporters.JUnitReportReporter -->
<testsuite skipped="0" hostname="TESTING-029" name="LMS_Scenarios.LMS_Scenario_9" tests="5" failures="0" timestamp="06 Nov 2019 12:48:38 GMT" time="329.177" errors="0">
  <testcase name="TC001_LaunchBrowser" time="8.838" classname="LMS_Scenarios.LMS_Scenario_9"/>
  <testcase name="TC002_ReceiptMaker" time="102.821" classname="LMS_Scenarios.LMS_Scenario_9"/>
  <testcase name="TC003_DepositMaker" time="68.354" classname="LMS_Scenarios.LMS_Scenario_9"/>
  <testcase name="TC004_RealizationMaker" time="46.796" classname="LMS_Scenarios.LMS_Scenario_9"/>
  <testcase name="TC006_PaymentVerificatiion" time="102.368" classname="LMS_Scenarios.LMS_Scenario_9"/>
</testsuite> <!-- LMS_Scenarios.LMS_Scenario_9 -->
