<?xml version="1.0" encoding="UTF-8"?>
<!-- Generated by org.testng.reporters.JUnitReportReporter -->
<testsuite skipped="0" hostname="TESTING-nasr-PC" name="LMS_Scenarios.LMS_ValueDate_GracePeriod14" tests="5" failures="0" timestamp="06 May 2020 08:19:08 GMT" time="368.206" errors="0">
  <testcase name="TC001_LaunchBrowser" time="8.552" classname="LMS_Scenarios.LMS_ValueDate_GracePeriod14"/>
  <testcase name="TC001_PaymentVerification_BeforePayment" time="90.510" classname="LMS_Scenarios.LMS_ValueDate_GracePeriod14"/>
  <testcase name="TC002_ReceiptMaker" time="110.699" classname="LMS_Scenarios.LMS_ValueDate_GracePeriod14"/>
  <testcase name="TC003_ReceiptApprover" time="56.714" classname="LMS_Scenarios.LMS_ValueDate_GracePeriod14"/>
  <testcase name="TC004_PaymentVerificatiion" time="101.731" classname="LMS_Scenarios.LMS_ValueDate_GracePeriod14"/>
</testsuite> <!-- LMS_Scenarios.LMS_ValueDate_GracePeriod14 -->
