<?xml version="1.0" encoding="UTF-8"?>
<!-- Generated by org.testng.reporters.JUnitReportReporter -->
<testsuite skipped="4" hostname="TESTING-029" name="BL_main.BL_End2End_99_main" tests="12" failures="0" timestamp="10 Oct 2019 10:30:57 GMT" time="613.501" errors="0">
  <testcase name="BrowserLaunch" time="2.022" classname="BL_main.BL_End2End_99_main"/>
  <testcase name="TC_SalesManager" time="38.257" classname="BL_main.BL_End2End_99_main"/>
  <testcase name="TC_PSV" time="195.012" classname="BL_main.BL_End2End_99_main"/>
  <testcase name="TC_PSC" time="43.091" classname="BL_main.BL_End2End_99_main"/>
  <testcase name="TC_OPRMAKER" time="185.033" classname="BL_main.BL_End2End_99_main"/>
  <testcase name="TC_OPRAPPROVER" time="63.520" classname="BL_main.BL_End2End_99_main"/>
  <testcase name="TC_AUTHOR1" time="35.322" classname="BL_main.BL_End2End_99_main"/>
  <testcase name="TC_AUTHOR2" time="51.244" classname="BL_main.BL_End2End_99_main"/>
  <testcase name="TC_QC" classname="BL_main.BL_End2End_99_main">
    <skipped/>
  </testcase> <!-- TC_QC -->
  <testcase name="TC_CreditLevels" classname="BL_main.BL_End2End_99_main">
    <skipped/>
  </testcase> <!-- TC_CreditLevels -->
  <testcase name="TC_CRA_1" classname="BL_main.BL_End2End_99_main">
    <skipped/>
  </testcase> <!-- TC_CRA_1 -->
  <testcase name="LoginApplication" classname="BL_main.BL_End2End_99_main">
    <skipped/>
  </testcase> <!-- LoginApplication -->
</testsuite> <!-- BL_main.BL_End2End_99_main -->
