<?xml version="1.0" encoding="UTF-8"?>
<!-- Generated by org.testng.reporters.JUnitReportReporter -->
<testsuite skipped="0" hostname="TESTING-29" name="Demo.CLIX_LAEP_21st_Main" tests="7" failures="0" timestamp="15 Jul 2019 12:30:13 GMT" time="403.109" errors="0">
  <testcase name="BrowserLaunch" time="2.992" classname="Demo.CLIX_LAEP_21st_Main"/>
  <testcase name="TC_BL_DDE" time="165.280" classname="Demo.CLIX_LAEP_21st_Main"/>
  <testcase name="TC_QCstage" time="50.923" classname="Demo.CLIX_LAEP_21st_Main"/>
  <testcase name="TC_CRA1st" time="52.325" classname="Demo.CLIX_LAEP_21st_Main"/>
  <testcase name="TC_CRA2" time="38.077" classname="Demo.CLIX_LAEP_21st_Main"/>
  <testcase name="TC_L2" time="57.954" classname="Demo.CLIX_LAEP_21st_Main"/>
  <testcase name="TC_RSM" time="35.558" classname="Demo.CLIX_LAEP_21st_Main"/>
</testsuite> <!-- Demo.CLIX_LAEP_21st_Main -->
