<?xml version="1.0" encoding="UTF-8"?>
<!-- Generated by org.testng.reporters.JUnitReportReporter -->
<testsuite skipped="0" hostname="TESTING-029" name="BL_main.BL_End2End_81_main" tests="10" failures="0" timestamp="14 Oct 2019 10:50:17 GMT" time="1125.155" errors="0">
  <testcase name="BrowserLaunch" time="7.823" classname="BL_main.BL_End2End_81_main"/>
  <testcase name="LoginApplication" time="467.864" classname="BL_main.BL_End2End_81_main"/>
  <testcase name="TC_QC" time="75.386" classname="BL_main.BL_End2End_81_main"/>
  <testcase name="TC_CRA_1" time="120.798" classname="BL_main.BL_End2End_81_main"/>
  <testcase name="TC_CreditLevels" time="63.677" classname="BL_main.BL_End2End_81_main"/>
  <testcase name="TC_SalesManager" time="38.000" classname="BL_main.BL_End2End_81_main"/>
  <testcase name="TC_PSV" time="108.540" classname="BL_main.BL_End2End_81_main"/>
  <testcase name="TC_PSC" time="43.221" classname="BL_main.BL_End2End_81_main"/>
  <testcase name="TC_admin" time="131.711" classname="BL_main.BL_End2End_81_main"/>
  <testcase name="TC_PSC2" time="68.135" classname="BL_main.BL_End2End_81_main"/>
</testsuite> <!-- BL_main.BL_End2End_81_main -->
