<?xml version="1.0" encoding="UTF-8"?>
<!-- Generated by org.testng.reporters.JUnitReportReporter -->
<testsuite skipped="0" hostname="TESTING-029" name="Demo.LAEP_End2End_48_2_main" tests="6" failures="0" timestamp="08 Aug 2019 10:08:06 GMT" time="1203.667" errors="0">
  <testcase name="BrowserLaunch" time="3.150" classname="Demo.LAEP_End2End_48_2_main"/>
  <testcase name="LoginApplication" time="523.993" classname="Demo.LAEP_End2End_48_2_main"/>
  <testcase name="TC_QC" time="88.001" classname="Demo.LAEP_End2End_48_2_main"/>
  <testcase name="TC_CRA_1" time="227.065" classname="Demo.LAEP_End2End_48_2_main"/>
  <testcase name="TC_L2" time="132.635" classname="Demo.LAEP_End2End_48_2_main"/>
  <testcase name="TC_ZSM" time="228.823" classname="Demo.LAEP_End2End_48_2_main"/>
</testsuite> <!-- Demo.LAEP_End2End_48_2_main -->
