<?xml version="1.0" encoding="UTF-8"?>
<!-- Generated by org.testng.reporters.JUnitReportReporter -->
<testsuite skipped="0" hostname="TESTING-17" name="LMS_Scenarios.LMS_Scenario_5" tests="6" failures="0" timestamp="2019-12-09T19:08:39 IST" time="1260.148" errors="0">
  <testcase name="TC001_LaunchBrowser" time="1.349" classname="LMS_Scenarios.LMS_Scenario_5"/>
  <testcase name="TC002_ReceiptMaker" time="75.337" classname="LMS_Scenarios.LMS_Scenario_5"/>
  <testcase name="RunEOD" time="961.122" classname="LMS_Scenarios.LMS_Scenario_5"/>
  <testcase name="TC003_PaymentVerificatiion_afterEOD" time="77.409" classname="LMS_Scenarios.LMS_Scenario_5"/>
  <testcase name="TC002_ReceiptApprover" time="67.016" classname="LMS_Scenarios.LMS_Scenario_5"/>
  <testcase name="TC003_PaymentVerificatiion" time="77.915" classname="LMS_Scenarios.LMS_Scenario_5"/>
</testsuite> <!-- LMS_Scenarios.LMS_Scenario_5 -->
