<?xml version="1.0" encoding="UTF-8"?>
<!-- Generated by org.testng.reporters.JUnitReportReporter -->
<testsuite skipped="0" hostname="TESTING-029" name="BL_main.BL_End2End_12_main" tests="4" failures="0" timestamp="30 Aug 2019 04:55:13 GMT" time="1246.251" errors="0">
  <testcase name="BrowserLaunch" time="4.036" classname="BL_main.BL_End2End_12_main"/>
  <testcase name="LoginApplication" time="899.731" classname="BL_main.BL_End2End_12_main"/>
  <testcase name="TC_QC" time="111.793" classname="BL_main.BL_End2End_12_main"/>
  <testcase name="TC_CRA_1" time="230.691" classname="BL_main.BL_End2End_12_main"/>
</testsuite> <!-- BL_main.BL_End2End_12_main -->
