<?xml version="1.0" encoding="UTF-8"?>
<!-- Generated by org.testng.reporters.JUnitReportReporter -->
<testsuite skipped="0" hostname="TESTING-029" name="BL_main.BL_End2End_17_main" tests="4" failures="0" timestamp="07 Oct 2019 11:19:34 GMT" time="602.202" errors="0">
  <testcase name="BrowserLaunch" time="2.876" classname="BL_main.BL_End2End_17_main"/>
  <testcase name="LoginApplication" time="319.290" classname="BL_main.BL_End2End_17_main"/>
  <testcase name="TC_QC" time="56.863" classname="BL_main.BL_End2End_17_main"/>
  <testcase name="TC_CRA_1" time="223.173" classname="BL_main.BL_End2End_17_main"/>
</testsuite> <!-- BL_main.BL_End2End_17_main -->
