<?xml version="1.0" encoding="UTF-8"?>
<!-- Generated by org.testng.reporters.JUnitReportReporter -->
<testsuite skipped="0" hostname="TESTING-29" name="Demo.End2End_79_main" tests="11" failures="0" timestamp="19 Jul 2019 12:31:47 GMT" time="721.148" errors="0">
  <testcase name="BrowserLaunch" time="4.101" classname="Demo.End2End_79_main"/>
  <testcase name="LoginApplication" time="312.368" classname="Demo.End2End_79_main"/>
  <testcase name="TC_QCstage" time="46.375" classname="Demo.End2End_79_main"/>
  <testcase name="TC_CRA_1" time="38.524" classname="Demo.End2End_79_main"/>
  <testcase name="TC_CRA_2nd" time="38.486" classname="Demo.End2End_79_main"/>
  <testcase name="TC_L1" time="47.173" classname="Demo.End2End_79_main"/>
  <testcase name="TC_RSM" time="35.718" classname="Demo.End2End_79_main"/>
  <testcase name="TC_PSV" time="39.091" classname="Demo.End2End_79_main"/>
  <testcase name="TC_PSC" time="39.193" classname="Demo.End2End_79_main"/>
  <testcase name="TC_admin" time="72.572" classname="Demo.End2End_79_main"/>
  <testcase name="TC_PSC2" time="47.547" classname="Demo.End2End_79_main"/>
</testsuite> <!-- Demo.End2End_79_main -->
