<?xml version="1.0" encoding="UTF-8"?>
<!-- Generated by org.testng.reporters.JUnitReportReporter -->
<testsuite skipped="0" hostname="TESTING-029" name="Demo.LAEP_End2End_06_main" tests="7" failures="0" timestamp="26 Jul 2019 12:09:34 GMT" time="607.215" errors="0">
  <testcase name="BrowserLaunch" time="2.233" classname="Demo.LAEP_End2End_06_main"/>
  <testcase name="TC_BL_DDE" time="320.090" classname="Demo.LAEP_End2End_06_main"/>
  <testcase name="TC_QCstage" time="63.288" classname="Demo.LAEP_End2End_06_main"/>
  <testcase name="TC_CRA1st" time="59.220" classname="Demo.LAEP_End2End_06_main"/>
  <testcase name="TC_CRA2" time="45.027" classname="Demo.LAEP_End2End_06_main"/>
  <testcase name="TC_L2" time="68.935" classname="Demo.LAEP_End2End_06_main"/>
  <testcase name="TC_ZSM" time="48.422" classname="Demo.LAEP_End2End_06_main"/>
</testsuite> <!-- Demo.LAEP_End2End_06_main -->
