<?xml version="1.0" encoding="UTF-8"?>
<!-- Generated by org.testng.reporters.JUnitReportReporter -->
<testsuite skipped="0" hostname="TESTING-029" name="LMS_Scenarios.Scenario_1" tests="3" failures="0" timestamp="15 Oct 2019 10:52:11 GMT" time="132.924" errors="0">
  <testcase name="TC001_LaunchBrowser" time="3.651" classname="LMS_Scenarios.Scenario_1"/>
  <testcase name="TC002_ReceiptMaker" time="73.566" classname="LMS_Scenarios.Scenario_1"/>
  <testcase name="TC002_ReceiptApprover" time="55.707" classname="LMS_Scenarios.Scenario_1"/>
</testsuite> <!-- LMS_Scenarios.Scenario_1 -->
