<?xml version="1.0" encoding="UTF-8"?>
<!-- Generated by org.testng.reporters.JUnitReportReporter -->
<testsuite skipped="0" hostname="TESTING-029" name="Demo.LAEP_End2End_69_main" tests="12" failures="0" timestamp="03 Aug 2019 10:59:09 GMT" time="965.273" errors="0">
  <testcase name="TC001_LaunchBrowser" time="3.321" classname="Demo.LAEP_End2End_69_main"/>
  <testcase name="TC002_DDE" time="315.875" classname="Demo.LAEP_End2End_69_main"/>
  <testcase name="TC003_QCmovedtoCRA" time="43.105" classname="Demo.LAEP_End2End_69_main"/>
  <testcase name="TC003_CRAmovedtoCreditLevel" time="134.536" classname="Demo.LAEP_End2End_69_main"/>
  <testcase name="TC003_CreditLevel1movedtoCreditLevel2" time="97.216" classname="Demo.LAEP_End2End_69_main"/>
  <testcase name="TC004_CreditLevel2movedtoSM" time="61.760" classname="Demo.LAEP_End2End_69_main"/>
  <testcase name="TC005_SMmovedtoPSV" time="41.005" classname="Demo.LAEP_End2End_69_main"/>
  <testcase name="TC006_PSVmovedtoPSC" time="41.972" classname="Demo.LAEP_End2End_69_main"/>
  <testcase name="TC007_PSCmovedtoOPRMAKER" time="44.051" classname="Demo.LAEP_End2End_69_main"/>
  <testcase name="TC008_OprMakermovedtoOprApprover" time="98.516" classname="Demo.LAEP_End2End_69_main"/>
  <testcase name="TC009_OprApprovermovedtoAuthor" time="52.384" classname="Demo.LAEP_End2End_69_main"/>
  <testcase name="TC008_OprMakerVerify" time="31.532" classname="Demo.LAEP_End2End_69_main"/>
</testsuite> <!-- Demo.LAEP_End2End_69_main -->
