<?xml version="1.0" encoding="UTF-8"?>
<!-- Generated by org.testng.reporters.JUnitReportReporter -->
<testsuite skipped="0" hostname="TESTING-029" name="BL_main.BL_End2End_51_1_main" tests="6" failures="0" timestamp="10 Oct 2019 11:00:06 GMT" time="589.867" errors="0">
  <testcase name="BrowserLaunch" time="1.760" classname="BL_main.BL_End2End_51_1_main"/>
  <testcase name="LoginApplication" time="325.492" classname="BL_main.BL_End2End_51_1_main"/>
  <testcase name="TC_QC" time="49.965" classname="BL_main.BL_End2End_51_1_main"/>
  <testcase name="TC_CRA_1" time="111.853" classname="BL_main.BL_End2End_51_1_main"/>
  <testcase name="TC_CreditLevels" time="64.808" classname="BL_main.BL_End2End_51_1_main"/>
  <testcase name="TC_SalesManager" time="35.989" classname="BL_main.BL_End2End_51_1_main"/>
</testsuite> <!-- BL_main.BL_End2End_51_1_main -->
