<?xml version="1.0" encoding="UTF-8"?>
<!-- Generated by org.testng.reporters.JUnitReportReporter -->
<testsuite skipped="0" hostname="TESTING-029" name="LMS_Scenarios.LMS_Scenario_RWFS_7" tests="8" failures="0" timestamp="20 Nov 2019 10:33:09 GMT" time="456.348" errors="0">
  <testcase name="TC001_LaunchBrowser" time="2.810" classname="LMS_Scenarios.LMS_Scenario_RWFS_7"/>
  <testcase name="TC001_PaymentVerification_BeforePayment" time="65.060" classname="LMS_Scenarios.LMS_Scenario_RWFS_7"/>
  <testcase name="TC002_ReceiptMaker" time="78.493" classname="LMS_Scenarios.LMS_Scenario_RWFS_7"/>
  <testcase name="TC003_DepositMaker" time="78.204" classname="LMS_Scenarios.LMS_Scenario_RWFS_7"/>
  <testcase name="TC004_RealizationMaker" time="55.003" classname="LMS_Scenarios.LMS_Scenario_RWFS_7"/>
  <testcase name="TC004_PaymentVerificatiion" time="63.525" classname="LMS_Scenarios.LMS_Scenario_RWFS_7"/>
  <testcase name="TC005_RealizationMaker" time="49.876" classname="LMS_Scenarios.LMS_Scenario_RWFS_7"/>
  <testcase name="TC003_PaymentVerificatiion" time="63.377" classname="LMS_Scenarios.LMS_Scenario_RWFS_7"/>
</testsuite> <!-- LMS_Scenarios.LMS_Scenario_RWFS_7 -->
