<?xml version="1.0" encoding="UTF-8"?>
<!-- Generated by org.testng.reporters.JUnitReportReporter -->
<testsuite skipped="1" hostname="TESTING-nasr-PC" name="LMS_Scenarios.LMS_PartialPayment_ReceiptCancel23" tests="10" failures="0" timestamp="05 May 2020 05:50:31 GMT" time="902.095" errors="0">
  <testcase name="TC001_LaunchBrowser" time="5.082" classname="LMS_Scenarios.LMS_PartialPayment_ReceiptCancel23"/>
  <testcase name="TC001_PaymentVerification_BeforePayment" time="85.953" classname="LMS_Scenarios.LMS_PartialPayment_ReceiptCancel23"/>
  <testcase name="TC002_ReceiptMaker" time="113.468" classname="LMS_Scenarios.LMS_PartialPayment_ReceiptCancel23"/>
  <testcase name="TC003_ReceiptApprover" time="55.759" classname="LMS_Scenarios.LMS_PartialPayment_ReceiptCancel23"/>
  <testcase name="TC004_PaymentVerification" time="71.435" classname="LMS_Scenarios.LMS_PartialPayment_ReceiptCancel23"/>
  <testcase name="RunEOD" time="395.606" classname="LMS_Scenarios.LMS_PartialPayment_ReceiptCancel23"/>
  <testcase name="TC006_ReceiptCancel" time="60.543" classname="LMS_Scenarios.LMS_PartialPayment_ReceiptCancel23"/>
  <testcase name="TC007_ApproveCancelledReceipt" time="43.716" classname="LMS_Scenarios.LMS_PartialPayment_ReceiptCancel23"/>
  <testcase name="TC008_PaymentVerificatiion" time="70.533" classname="LMS_Scenarios.LMS_PartialPayment_ReceiptCancel23"/>
  <testcase name="TC006_PenaltyCheck" classname="LMS_Scenarios.LMS_PartialPayment_ReceiptCancel23">
    <skipped/>
  </testcase> <!-- TC006_PenaltyCheck -->
</testsuite> <!-- LMS_Scenarios.LMS_PartialPayment_ReceiptCancel23 -->
