<?xml version="1.0" encoding="UTF-8"?>
<!-- Generated by org.testng.reporters.JUnitReportReporter -->
<testsuite skipped="0" hostname="TESTING-029" name="Demo.LAEP_End2End_11_main" tests="4" failures="0" timestamp="16 Aug 2019 06:42:05 GMT" time="462.974" errors="0">
  <testcase name="BrowserLaunch" time="2.727" classname="Demo.LAEP_End2End_11_main"/>
  <testcase name="LoginApplication" time="321.653" classname="Demo.LAEP_End2End_11_main"/>
  <testcase name="TC_QC" time="40.866" classname="Demo.LAEP_End2End_11_main"/>
  <testcase name="TC_CRA_1" time="97.728" classname="Demo.LAEP_End2End_11_main"/>
</testsuite> <!-- Demo.LAEP_End2End_11_main -->
