<?xml version="1.0" encoding="UTF-8"?>
<!-- Generated by org.testng.reporters.JUnitReportReporter -->
<testsuite skipped="0" hostname="TESTING-029" name="Demo.LAEP_End2End_12_main" tests="6" failures="0" timestamp="16 Aug 2019 06:56:07 GMT" time="707.016" errors="0">
  <testcase name="BrowserLaunch" time="3.286" classname="Demo.LAEP_End2End_12_main"/>
  <testcase name="LoginApplication" time="406.714" classname="Demo.LAEP_End2End_12_main"/>
  <testcase name="TC_QC" time="41.251" classname="Demo.LAEP_End2End_12_main"/>
  <testcase name="TC_CRA_1" time="108.419" classname="Demo.LAEP_End2End_12_main"/>
  <testcase name="TC_L2" time="55.416" classname="Demo.LAEP_End2End_12_main"/>
  <testcase name="TC_L4" time="91.930" classname="Demo.LAEP_End2End_12_main"/>
</testsuite> <!-- Demo.LAEP_End2End_12_main -->
