<?xml version="1.0" encoding="UTF-8"?>
<!-- Generated by org.testng.reporters.JUnitReportReporter -->
<testsuite skipped="0" hostname="TESTING-029" name="BL_main.BL_End2End_85_main" tests="11" failures="0" timestamp="16 Oct 2019 09:29:51 GMT" time="1297.195" errors="0">
  <testcase name="BrowserLaunch" time="3.566" classname="BL_main.BL_End2End_85_main"/>
  <testcase name="LoginApplication" time="514.907" classname="BL_main.BL_End2End_85_main"/>
  <testcase name="TC_QCstage" time="73.770" classname="BL_main.BL_End2End_85_main"/>
  <testcase name="TC_CRA_1" time="126.381" classname="BL_main.BL_End2End_85_main"/>
  <testcase name="TC_CreditLevels" time="67.595" classname="BL_main.BL_End2End_85_main"/>
  <testcase name="TC_SalesManager" time="45.762" classname="BL_main.BL_End2End_85_main"/>
  <testcase name="TC_PSV" time="122.220" classname="BL_main.BL_End2End_85_main"/>
  <testcase name="TC_PSC" time="47.899" classname="BL_main.BL_End2End_85_main"/>
  <testcase name="TC_admin" time="143.509" classname="BL_main.BL_End2End_85_main"/>
  <testcase name="TC_PSC2" time="125.784" classname="BL_main.BL_End2End_85_main"/>
  <testcase name="TC_adminVerifyReject" time="25.802" classname="BL_main.BL_End2End_85_main"/>
</testsuite> <!-- BL_main.BL_End2End_85_main -->
