<?xml version="1.0" encoding="UTF-8"?>
<!-- Generated by org.testng.reporters.JUnitReportReporter -->
<testsuite skipped="0" hostname="TESTING-nasr-PC" name="LMS_Scenarios.LMS_Online_TwoRequest06" tests="5" failures="0" timestamp="08 May 2020 10:36:42 GMT" time="328.739" errors="0">
  <testcase name="TC001_LaunchBrowser" time="4.954" classname="LMS_Scenarios.LMS_Online_TwoRequest06"/>
  <testcase name="TC001_PaymentVerification_BeforePayment" time="87.027" classname="LMS_Scenarios.LMS_Online_TwoRequest06"/>
  <testcase name="TC002_ReceiptMakerfirst" time="99.717" classname="LMS_Scenarios.LMS_Online_TwoRequest06"/>
  <testcase name="TC003_ReceiptMakersecond" time="100.501" classname="LMS_Scenarios.LMS_Online_TwoRequest06"/>
  <testcase name="TC004_ReceiptApprover" time="36.540" classname="LMS_Scenarios.LMS_Online_TwoRequest06"/>
</testsuite> <!-- LMS_Scenarios.LMS_Online_TwoRequest06 -->
