<?xml version="1.0" encoding="UTF-8"?>
<!-- Generated by org.testng.reporters.JUnitReportReporter -->
<testsuite skipped="0" hostname="TESTING-nasr-PC" name="LMS_Scenarios.LMS_CashResubmit_02" tests="7" failures="0" timestamp="24 Apr 2020 14:24:31 GMT" time="458.012" errors="0">
  <testcase name="TC001_LaunchBrowser" time="14.602" classname="LMS_Scenarios.LMS_CashResubmit_02"/>
  <testcase name="TC001_PaymentVerification_BeforePayment" time="92.151" classname="LMS_Scenarios.LMS_CashResubmit_02"/>
  <testcase name="TC002_ReceiptMaker" time="77.637" classname="LMS_Scenarios.LMS_CashResubmit_02"/>
  <testcase name="TC003_ReceiptApprover" time="61.965" classname="LMS_Scenarios.LMS_CashResubmit_02"/>
  <testcase name="TC004_ReceiptMaker" time="52.688" classname="LMS_Scenarios.LMS_CashResubmit_02"/>
  <testcase name="TC005_ApproveReciept" time="57.315" classname="LMS_Scenarios.LMS_CashResubmit_02"/>
  <testcase name="TC006_PaymentVerificatiion" time="101.654" classname="LMS_Scenarios.LMS_CashResubmit_02"/>
</testsuite> <!-- LMS_Scenarios.LMS_CashResubmit_02 -->
