<?xml version="1.0" encoding="UTF-8"?>
<!-- Generated by org.testng.reporters.JUnitReportReporter -->
<testsuite skipped="94" hostname="infra-lap01" name="scenarios.mobileapp.Scenario_01" tests="95" failures="0" timestamp="2020-07-27T17:40:02 IST" time="196.355" errors="0">
  <testcase name="verifyDeliveryFee_ChangeStore_DeliveryToPickup_C398110" time="196.355" classname="scenarios.mobileapp.Scenario_01"/>
  <system-out/>
  <testcase name="verifyCreateAccount_UpdatedNumber_C398463" classname="scenarios.mobileapp.Scenario_01">
    <skipped/>
  </testcase> <!-- verifyCreateAccount_UpdatedNumber_C398463 -->
  <system-out/>
  <testcase name="verifyTextBeforeCheckBox_C398457" classname="scenarios.mobileapp.Scenario_01">
    <skipped/>
  </testcase> <!-- verifyTextBeforeCheckBox_C398457 -->
  <system-out/>
  <testcase name="verifyNumChangedBanner_NumRemoved_C398562" classname="scenarios.mobileapp.Scenario_01">
    <skipped/>
  </testcase> <!-- verifyNumChangedBanner_NumRemoved_C398562 -->
  <system-out/>
  <testcase name="verifyTextBeforeEmailCheckBox_C398488" classname="scenarios.mobileapp.Scenario_01">
    <skipped/>
  </testcase> <!-- verifyTextBeforeEmailCheckBox_C398488 -->
  <system-out/>
  <testcase name="verifyCaseysCash_DisclaimerRedeem_C405402" classname="scenarios.mobileapp.Scenario_01">
    <skipped/>
  </testcase> <!-- verifyCaseysCash_DisclaimerRedeem_C405402 -->
  <system-out/>
  <testcase name="verifyNewEmail_C398484" classname="scenarios.mobileapp.Scenario_01">
    <skipped/>
  </testcase> <!-- verifyNewEmail_C398484 -->
  <system-out/>
  <testcase name="verifyLandedInsideDeal_AfterSelectingStore_C405405" classname="scenarios.mobileapp.Scenario_01">
    <skipped/>
  </testcase> <!-- verifyLandedInsideDeal_AfterSelectingStore_C405405 -->
  <system-out/>
  <testcase name="VerifyCustomizePersisted_C398410" classname="scenarios.mobileapp.Scenario_01">
    <skipped/>
  </testcase> <!-- VerifyCustomizePersisted_C398410 -->
  <system-out/>
  <testcase name="verifyDelivery_HomepageOrderDetails_C439846" classname="scenarios.mobileapp.Scenario_01">
    <skipped/>
  </testcase> <!-- verifyDelivery_HomepageOrderDetails_C439846 -->
  <system-out/>
  <testcase name="verifyAbletoSee_AccountInfo_Changebutton_C398447" classname="scenarios.mobileapp.Scenario_01">
    <skipped/>
  </testcase> <!-- verifyAbletoSee_AccountInfo_Changebutton_C398447 -->
  <system-out/>
  <testcase name="verifyAbletoPlaceOrder_C398389" classname="scenarios.mobileapp.Scenario_01">
    <skipped/>
  </testcase> <!-- verifyAbletoPlaceOrder_C398389 -->
  <system-out/>
  <testcase name="verifyConfirmMobileNumber_C398450" classname="scenarios.mobileapp.Scenario_01">
    <skipped/>
  </testcase> <!-- verifyConfirmMobileNumber_C398450 -->
  <system-out/>
  <testcase name="verifyLandedInsideDeal_C405404" classname="scenarios.mobileapp.Scenario_01">
    <skipped/>
  </testcase> <!-- verifyLandedInsideDeal_C405404 -->
  <system-out/>
  <testcase name="getDealwithoutStore_C398386" classname="scenarios.mobileapp.Scenario_01">
    <skipped/>
  </testcase> <!-- getDealwithoutStore_C398386 -->
  <system-out/>
  <testcase name="verifyChangeMobileNum_Description_C398452" classname="scenarios.mobileapp.Scenario_01">
    <skipped/>
  </testcase> <!-- verifyChangeMobileNum_Description_C398452 -->
  <system-out/>
  <testcase name="verifySelectFavStore_C439840" classname="scenarios.mobileapp.Scenario_01">
    <skipped/>
  </testcase> <!-- verifySelectFavStore_C439840 -->
  <system-out/>
  <testcase name="verifyEmail_ErrorMessage_C398486" classname="scenarios.mobileapp.Scenario_01">
    <skipped/>
  </testcase> <!-- verifyEmail_ErrorMessage_C398486 -->
  <system-out/>
  <testcase name="verifyAgeLimitationText_C405419" classname="scenarios.mobileapp.Scenario_01">
    <skipped/>
  </testcase> <!-- verifyAgeLimitationText_C405419 -->
  <system-out/>
  <testcase name="verifyCheckbox_SMSsubscription_NumRemoved_C398554" classname="scenarios.mobileapp.Scenario_01">
    <skipped/>
  </testcase> <!-- verifyCheckbox_SMSsubscription_NumRemoved_C398554 -->
  <system-out/>
  <testcase name="verifyErrorMsgChangeMobileNumPopup_NumRemoved_C398553" classname="scenarios.mobileapp.Scenario_01">
    <skipped/>
  </testcase> <!-- verifyErrorMsgChangeMobileNumPopup_NumRemoved_C398553 -->
  <system-out/>
  <testcase name="customizeProduct_PDP_C398391" classname="scenarios.mobileapp.Scenario_01">
    <skipped/>
  </testcase> <!-- customizeProduct_PDP_C398391 -->
  <system-out/>
  <testcase name="verifyCreateAccount_NumberExistMessage_C397995" classname="scenarios.mobileapp.Scenario_01">
    <skipped/>
  </testcase> <!-- verifyCreateAccount_NumberExistMessage_C397995 -->
  <system-out/>
  <testcase name="verifyFuelDiscount_DisclaimerRedeem_C426889" classname="scenarios.mobileapp.Scenario_01">
    <skipped/>
  </testcase> <!-- verifyFuelDiscount_DisclaimerRedeem_C426889 -->
  <system-out/>
  <testcase name="verifySpaceRemoved_PolicyandDot_C405408" classname="scenarios.mobileapp.Scenario_01">
    <skipped/>
  </testcase> <!-- verifySpaceRemoved_PolicyandDot_C405408 -->
  <system-out/>
  <testcase name="customizeProductandAddtoOrdrRedirection_PDP_C398393" classname="scenarios.mobileapp.Scenario_01">
    <skipped/>
  </testcase> <!-- customizeProductandAddtoOrdrRedirection_PDP_C398393 -->
  <system-out/>
  <testcase name="verifySignOutLogout_NumRemoved_C398559" classname="scenarios.mobileapp.Scenario_01">
    <skipped/>
  </testcase> <!-- verifySignOutLogout_NumRemoved_C398559 -->
  <system-out/>
  <testcase name="getDealwithandwithoutStore_C398390" classname="scenarios.mobileapp.Scenario_01">
    <skipped/>
  </testcase> <!-- getDealwithandwithoutStore_C398390 -->
  <system-out/>
  <testcase name="VerifyClubDetails_C398441" classname="scenarios.mobileapp.Scenario_01">
    <skipped/>
  </testcase> <!-- VerifyClubDetails_C398441 -->
  <system-out/>
  <testcase name="verifyChangeMobileNumPopup_NumRemoved_C398552" classname="scenarios.mobileapp.Scenario_01">
    <skipped/>
  </testcase> <!-- verifyChangeMobileNumPopup_NumRemoved_C398552 -->
  <system-out/>
  <testcase name="verifySavedChanges_NumRemoved_C398560" classname="scenarios.mobileapp.Scenario_01">
    <skipped/>
  </testcase> <!-- verifySavedChanges_NumRemoved_C398560 -->
  <system-out/>
  <testcase name="getDealaddProduct_C398388" classname="scenarios.mobileapp.Scenario_01">
    <skipped/>
  </testcase> <!-- getDealaddProduct_C398388 -->
  <system-out/>
  <testcase name="verifyAbletoSee_Phone_Changebutton_C398471" classname="scenarios.mobileapp.Scenario_01">
    <skipped/>
  </testcase> <!-- verifyAbletoSee_Phone_Changebutton_C398471 -->
  <system-out/>
  <testcase name="verifyPasswordChangeButton_C398472" classname="scenarios.mobileapp.Scenario_01">
    <skipped/>
  </testcase> <!-- verifyPasswordChangeButton_C398472 -->
  <system-out/>
  <testcase name="verifyDelivery_HomepageOrderDetails_C439850" classname="scenarios.mobileapp.Scenario_01">
    <skipped/>
  </testcase> <!-- verifyDelivery_HomepageOrderDetails_C439850 -->
  <system-out/>
  <testcase name="verifySMSContentofCheckBox_C398458" classname="scenarios.mobileapp.Scenario_01">
    <skipped/>
  </testcase> <!-- verifySMSContentofCheckBox_C398458 -->
  <system-out/>
  <testcase name="verifyEmailUpdateBanner_C398495" classname="scenarios.mobileapp.Scenario_01">
    <skipped/>
  </testcase> <!-- verifyEmailUpdateBanner_C398495 -->
  <system-out/>
  <testcase name="verifyConfirmNewEmail_C398485" classname="scenarios.mobileapp.Scenario_01">
    <skipped/>
  </testcase> <!-- verifyConfirmNewEmail_C398485 -->
  <system-out/>
  <testcase name="verifyMobileNumber_VerifyFields_C398568" classname="scenarios.mobileapp.Scenario_01">
    <skipped/>
  </testcase> <!-- verifyMobileNumber_VerifyFields_C398568 -->
  <system-out/>
  <testcase name="verifyMobileNumber_VerifyIncorrectCode_C398480" classname="scenarios.mobileapp.Scenario_01">
    <skipped/>
  </testcase> <!-- verifyMobileNumber_VerifyIncorrectCode_C398480 -->
  <system-out/>
  <testcase name="verifyPayAtStoreGuest_CurbsidePickup_C409006" classname="scenarios.mobileapp.Scenario_01">
    <skipped/>
  </testcase> <!-- verifyPayAtStoreGuest_CurbsidePickup_C409006 -->
  <system-out/>
  <testcase name="verifyTextBeforeCheckbox_NumRemoved_C398555" classname="scenarios.mobileapp.Scenario_01">
    <skipped/>
  </testcase> <!-- verifyTextBeforeCheckbox_NumRemoved_C398555 -->
  <system-out/>
  <testcase name="verifyMobileNum_ErrorMessage_C398451" classname="scenarios.mobileapp.Scenario_01">
    <skipped/>
  </testcase> <!-- verifyMobileNum_ErrorMessage_C398451 -->
  <system-out/>
  <testcase name="verifyChangeMobileNum_GoBackPopup_C398473" classname="scenarios.mobileapp.Scenario_01">
    <skipped/>
  </testcase> <!-- verifyChangeMobileNum_GoBackPopup_C398473 -->
  <system-out/>
  <testcase name="verifyPersonalInfo_EmailUpdated_C398491" classname="scenarios.mobileapp.Scenario_01">
    <skipped/>
  </testcase> <!-- verifyPersonalInfo_EmailUpdated_C398491 -->
  <system-out/>
  <testcase name="verifySpaceRemoved_PolicyandDot_C405420" classname="scenarios.mobileapp.Scenario_01">
    <skipped/>
  </testcase> <!-- verifySpaceRemoved_PolicyandDot_C405420 -->
  <system-out/>
  <testcase name="verifyFuelDiscount_DisclaimerCard_C426890" classname="scenarios.mobileapp.Scenario_01">
    <skipped/>
  </testcase> <!-- verifyFuelDiscount_DisclaimerCard_C426890 -->
  <system-out/>
  <testcase name="verifyEmailCheckboxAvailableandSelected_C398487" classname="scenarios.mobileapp.Scenario_01">
    <skipped/>
  </testcase> <!-- verifyEmailCheckboxAvailableandSelected_C398487 -->
  <system-out/>
  <testcase name="verifyPersonalInfo_EmailUpdatedAccount_C398494" classname="scenarios.mobileapp.Scenario_01">
    <skipped/>
  </testcase> <!-- verifyPersonalInfo_EmailUpdatedAccount_C398494 -->
  <system-out/>
  <testcase name="verifyHyperLink_NumRemoved_C398557" classname="scenarios.mobileapp.Scenario_01">
    <skipped/>
  </testcase> <!-- verifyHyperLink_NumRemoved_C398557 -->
  <system-out/>
  <testcase name="verifyEmailChangeButton_C398470" classname="scenarios.mobileapp.Scenario_01">
    <skipped/>
  </testcase> <!-- verifyEmailChangeButton_C398470 -->
  <system-out/>
  <testcase name="verifyDealProductAdded_C398401" classname="scenarios.mobileapp.Scenario_01">
    <skipped/>
  </testcase> <!-- verifyDealProductAdded_C398401 -->
  <system-out/>
  <testcase name="verifyInStore_HomepageOrderDeails_C439844" classname="scenarios.mobileapp.Scenario_01">
    <skipped/>
  </testcase> <!-- verifyInStore_HomepageOrderDeails_C439844 -->
  <system-out/>
  <testcase name="verifyPlacePickupOrder_C409007" classname="scenarios.mobileapp.Scenario_01">
    <skipped/>
  </testcase> <!-- verifyPlacePickupOrder_C409007 -->
  <system-out/>
  <testcase name="verifyChangeCTABehavior_CurbsidePickup_C409011" classname="scenarios.mobileapp.Scenario_01">
    <skipped/>
  </testcase> <!-- verifyChangeCTABehavior_CurbsidePickup_C409011 -->
  <system-out/>
  <testcase name="verifyCurbside_HomepageOrderDeails_C439845" classname="scenarios.mobileapp.Scenario_01">
    <skipped/>
  </testcase> <!-- verifyCurbside_HomepageOrderDeails_C439845 -->
  <system-out/>
  <testcase name="verifyCheckboxDescription_NumRemoved_C398556" classname="scenarios.mobileapp.Scenario_01">
    <skipped/>
  </testcase> <!-- verifyCheckboxDescription_NumRemoved_C398556 -->
  <system-out/>
  <testcase name="verifyPersonalInfoField_C398467" classname="scenarios.mobileapp.Scenario_01">
    <skipped/>
  </testcase> <!-- verifyPersonalInfoField_C398467 -->
  <system-out/>
  <testcase name="verifyLandedInCart_C405406" classname="scenarios.mobileapp.Scenario_01">
    <skipped/>
  </testcase> <!-- verifyLandedInCart_C405406 -->
  <system-out/>
  <testcase name="verifyAbletoSelectProduct_C398401" classname="scenarios.mobileapp.Scenario_01">
    <skipped/>
  </testcase> <!-- verifyAbletoSelectProduct_C398401 -->
  <system-out/>
  <testcase name="customizeProductandAddtoOrdr_PDP_C398392" classname="scenarios.mobileapp.Scenario_01">
    <skipped/>
  </testcase> <!-- customizeProductandAddtoOrdr_PDP_C398392 -->
  <system-out/>
  <testcase name="getDealwithStore_C398385" classname="scenarios.mobileapp.Scenario_01">
    <skipped/>
  </testcase> <!-- getDealwithStore_C398385 -->
  <system-out/>
  <testcase name="verifyPayAtStoreDisable_CurbsidePickup_C409010" classname="scenarios.mobileapp.Scenario_01">
    <skipped/>
  </testcase> <!-- verifyPayAtStoreDisable_CurbsidePickup_C409010 -->
  <system-out/>
  <testcase name="verifyMobileNumber_VerifyFields_C398476" classname="scenarios.mobileapp.Scenario_01">
    <skipped/>
  </testcase> <!-- verifyMobileNumber_VerifyFields_C398476 -->
  <system-out/>
  <testcase name="verifyChangeEmail_Description_C398489" classname="scenarios.mobileapp.Scenario_01">
    <skipped/>
  </testcase> <!-- verifyChangeEmail_Description_C398489 -->
  <system-out/>
  <testcase name="verifySignOut_NumRemoved_C398558" classname="scenarios.mobileapp.Scenario_01">
    <skipped/>
  </testcase> <!-- verifySignOut_NumRemoved_C398558 -->
  <system-out/>
  <testcase name="verifySMSCheckBoxAvailable_C398456" classname="scenarios.mobileapp.Scenario_01">
    <skipped/>
  </testcase> <!-- verifySMSCheckBoxAvailable_C398456 -->
  <system-out/>
  <testcase name="verifyInStore_HomepageOrderSummary_C439848" classname="scenarios.mobileapp.Scenario_01">
    <skipped/>
  </testcase> <!-- verifyInStore_HomepageOrderSummary_C439848 -->
  <system-out/>
  <testcase name="verifyAccountInfoField_C398468" classname="scenarios.mobileapp.Scenario_01">
    <skipped/>
  </testcase> <!-- verifyAccountInfoField_C398468 -->
  <system-out/>
  <testcase name="verifyPersonalInfoBirtdate_C398444" classname="scenarios.mobileapp.Scenario_01">
    <skipped/>
  </testcase> <!-- verifyPersonalInfoBirtdate_C398444 -->
  <system-out/>
  <testcase name="verifyCreateAccount_ExistingNumber_C398462" classname="scenarios.mobileapp.Scenario_01">
    <skipped/>
  </testcase> <!-- verifyCreateAccount_ExistingNumber_C398462 -->
  <system-out/>
  <testcase name="verifyNewMobileNumber_C398449" classname="scenarios.mobileapp.Scenario_01">
    <skipped/>
  </testcase> <!-- verifyNewMobileNumber_C398449 -->
  <system-out/>
  <testcase name="verifyChangeMobileNum_UniqueNum_C398453" classname="scenarios.mobileapp.Scenario_01">
    <skipped/>
  </testcase> <!-- verifyChangeMobileNum_UniqueNum_C398453 -->
  <system-out/>
  <testcase name="verifyAbletoSee_ChangePhoneNumberPopup_C398448" classname="scenarios.mobileapp.Scenario_01">
    <skipped/>
  </testcase> <!-- verifyAbletoSee_ChangePhoneNumberPopup_C398448 -->
  <system-out/>
  <testcase name="verifyChangeMobileNum_VerifyScreen_C398475" classname="scenarios.mobileapp.Scenario_01">
    <skipped/>
  </testcase> <!-- verifyChangeMobileNum_VerifyScreen_C398475 -->
  <system-out/>
  <testcase name="verifyErrorMsg_NumRemoved_C398563" classname="scenarios.mobileapp.Scenario_01">
    <skipped/>
  </testcase> <!-- verifyErrorMsg_NumRemoved_C398563 -->
  <system-out/>
  <testcase name="verifyCreateAccount_ExistingNumber_C398566" classname="scenarios.mobileapp.Scenario_01">
    <skipped/>
  </testcase> <!-- verifyCreateAccount_ExistingNumber_C398566 -->
  <system-out/>
  <testcase name="verifyCurbside_HomepageOrderSummary_C439849" classname="scenarios.mobileapp.Scenario_01">
    <skipped/>
  </testcase> <!-- verifyCurbside_HomepageOrderSummary_C439849 -->
  <system-out/>
  <testcase name="verifySavedChangesRedirection_NumRemoved_C398561" classname="scenarios.mobileapp.Scenario_01">
    <skipped/>
  </testcase> <!-- verifySavedChangesRedirection_NumRemoved_C398561 -->
  <system-out/>
  <testcase name="VerifyNagivationtoGuidedSellingFlow_C398402" classname="scenarios.mobileapp.Scenario_01">
    <skipped/>
  </testcase> <!-- VerifyNagivationtoGuidedSellingFlow_C398402 -->
  <system-out/>
  <testcase name="verifyLeaveDealPopup_C398409" classname="scenarios.mobileapp.Scenario_01">
    <skipped/>
  </testcase> <!-- verifyLeaveDealPopup_C398409 -->
  <system-out/>
  <testcase name="verifyCreateAccountTextMessage_C405409" classname="scenarios.mobileapp.Scenario_01">
    <skipped/>
  </testcase> <!-- verifyCreateAccountTextMessage_C405409 -->
  <system-out/>
  <testcase name="verifyDealNotAvailableMessage_C405407" classname="scenarios.mobileapp.Scenario_01">
    <skipped/>
  </testcase> <!-- verifyDealNotAvailableMessage_C405407 -->
  <system-out/>
  <testcase name="verifyDealProductAdded_C398411" classname="scenarios.mobileapp.Scenario_01">
    <skipped/>
  </testcase> <!-- verifyDealProductAdded_C398411 -->
  <system-out/>
  <testcase name="verifyRedirectedtoPersonalInfo_NumRemoved_C398551" classname="scenarios.mobileapp.Scenario_01">
    <skipped/>
  </testcase> <!-- verifyRedirectedtoPersonalInfo_NumRemoved_C398551 -->
  <system-out/>
  <testcase name="verifyGuest_HomepageOrderDetails_C439854" classname="scenarios.mobileapp.Scenario_01">
    <skipped/>
  </testcase> <!-- verifyGuest_HomepageOrderDetails_C439854 -->
  <system-out/>
  <testcase name="verifyPersonalInfoEdit_C398469" classname="scenarios.mobileapp.Scenario_01">
    <skipped/>
  </testcase> <!-- verifyPersonalInfoEdit_C398469 -->
  <system-out/>
  <testcase name="redirectPLP_C398396" classname="scenarios.mobileapp.Scenario_01">
    <skipped/>
  </testcase> <!-- redirectPLP_C398396 -->
  <system-out/>
  <testcase name="verifyCaseysCash_DisclaimerCard_C405403" classname="scenarios.mobileapp.Scenario_01">
    <skipped/>
  </testcase> <!-- verifyCaseysCash_DisclaimerCard_C405403 -->
  <system-out/>
  <testcase name="verifyContentBlock_CurbsidePickup_C409008" classname="scenarios.mobileapp.Scenario_01">
    <skipped/>
  </testcase> <!-- verifyContentBlock_CurbsidePickup_C409008 -->
  <system-out/>
  <testcase name="verifyCallInitiated_fromErrorMsg_C398455" classname="scenarios.mobileapp.Scenario_01">
    <skipped/>
  </testcase> <!-- verifyCallInitiated_fromErrorMsg_C398455 -->
  <system-out/>
  <testcase name="verifyErrorMessage_UpdatewithExistingNumbr_C398454" classname="scenarios.mobileapp.Scenario_01">
    <skipped/>
  </testcase> <!-- verifyErrorMessage_UpdatewithExistingNumbr_C398454 -->
  <system-out/>
  <testcase name="verifyCartAlertMsg_C398589" classname="scenarios.mobileapp.Scenario_01">
    <skipped/>
  </testcase> <!-- verifyCartAlertMsg_C398589 -->
  <system-out/>
  <testcase name="verifyChangeMobileNum_GoBack_C398474" classname="scenarios.mobileapp.Scenario_01">
    <skipped/>
  </testcase> <!-- verifyChangeMobileNum_GoBack_C398474 -->
  <system-out/>
  <testcase name="verifyPhoneChange_Banner_C398461" classname="scenarios.mobileapp.Scenario_01">
    <skipped/>
  </testcase> <!-- verifyPhoneChange_Banner_C398461 -->
  <system-out/>
</testsuite> <!-- scenarios.mobileapp.Scenario_01 -->
