<?xml version="1.0" encoding="UTF-8"?>
<!-- Generated by org.testng.reporters.JUnitReportReporter -->
<testsuite hostname="LAPTOP-9K3780CP" failures="0" tests="3" name="Reliance_Suites.GCV_Module" time="346.865" errors="0" timestamp="2023-03-08T19:34:04 IST" skipped="0">
  <testcase classname="Reliance_Suites.GCV_Module" name="Login" time="22.835"/>
  <system-out/>
  <testcase classname="Reliance_Suites.GCV_Module" name="A3_Pack_New" time="179.445"/>
  <system-out/>
  <testcase classname="Reliance_Suites.GCV_Module" name="A4_Pack_New" time="144.585"/>
  <system-out/>
</testsuite> <!-- Reliance_Suites.GCV_Module -->
