<?xml version="1.0" encoding="UTF-8"?>
<!-- Generated by org.testng.reporters.JUnitReportReporter -->
<testsuite skipped="0" hostname="TESTING-nasr-PC" name="LMS_Scenarios.test" tests="2" failures="0" timestamp="11 May 2020 04:38:51 GMT" time="43.306" errors="0">
  <testcase name="TC001_LaunchBrowser" time="4.312" classname="LMS_Scenarios.test"/>
  <testcase name="TC001_PaymentVerification_BeforePayment" time="38.994" classname="LMS_Scenarios.test"/>
</testsuite> <!-- LMS_Scenarios.test -->
