<?xml version="1.0" encoding="UTF-8"?>
<!-- Generated by org.testng.reporters.JUnitReportReporter -->
<testsuite skipped="0" hostname="TESTING-nasr-PC" name="LMS_Scenarios.LMS_DD_DepositMaker_TwoRequest11" tests="5" failures="0" timestamp="28 Apr 2020 13:14:19 GMT" time="315.950" errors="0">
  <testcase name="TC001_LaunchBrowser" time="1.207" classname="LMS_Scenarios.LMS_DD_DepositMaker_TwoRequest11"/>
  <testcase name="TC001_PaymentVerification_BeforePayment" time="88.477" classname="LMS_Scenarios.LMS_DD_DepositMaker_TwoRequest11"/>
  <testcase name="TC002_ReceiptMaker" time="96.912" classname="LMS_Scenarios.LMS_DD_DepositMaker_TwoRequest11"/>
  <testcase name="TC003_ReceiptMaker" time="97.051" classname="LMS_Scenarios.LMS_DD_DepositMaker_TwoRequest11"/>
  <testcase name="TC004_DepositMaker" time="32.303" classname="LMS_Scenarios.LMS_DD_DepositMaker_TwoRequest11"/>
</testsuite> <!-- LMS_Scenarios.LMS_DD_DepositMaker_TwoRequest11 -->
