<?xml version="1.0" encoding="UTF-8"?>
<!-- Generated by org.testng.reporters.JUnitReportReporter -->
<testsuite skipped="0" hostname="TESTING-029" name="Demo.LAEP_End2End_47_main" tests="6" failures="0" timestamp="10 Oct 2019 12:55:11 GMT" time="643.596" errors="0">
  <testcase name="BrowserLaunch" time="1.687" classname="Demo.LAEP_End2End_47_main"/>
  <testcase name="LoginApplication" time="366.630" classname="Demo.LAEP_End2End_47_main"/>
  <testcase name="TC_QC" time="51.884" classname="Demo.LAEP_End2End_47_main"/>
  <testcase name="TC_CRA_1" time="111.467" classname="Demo.LAEP_End2End_47_main"/>
  <testcase name="TC_CreditLevels" time="67.288" classname="Demo.LAEP_End2End_47_main"/>
  <testcase name="TC_SalesManager" time="44.640" classname="Demo.LAEP_End2End_47_main"/>
</testsuite> <!-- Demo.LAEP_End2End_47_main -->
