<?xml version="1.0" encoding="UTF-8"?>
<!-- Generated by org.testng.reporters.JUnitReportReporter -->
<testsuite skipped="0" hostname="TESTING-nasr-PC" name="feewaivers.Scenarios.LMS_FeeWaiver_03" tests="6" failures="0" timestamp="14 Apr 2020 12:54:33 GMT" time="334.576" errors="0">
  <testcase name="TC001_LaunchBrowser" time="5.376" classname="feewaivers.Scenarios.LMS_FeeWaiver_03"/>
  <testcase name="TC001_PaymentVerification_BeforePayment" time="63.249" classname="feewaivers.Scenarios.LMS_FeeWaiver_03"/>
  <testcase name="TC004_PenaltyWaive_FullAmt" time="63.041" classname="feewaivers.Scenarios.LMS_FeeWaiver_03"/>
  <testcase name="TC002_ReceivableCharge" time="98.948" classname="feewaivers.Scenarios.LMS_FeeWaiver_03"/>
  <testcase name="TC005_verifyingFeeEnquiry" time="42.937" classname="feewaivers.Scenarios.LMS_FeeWaiver_03"/>
  <testcase name="TC005_verifying" time="61.025" classname="feewaivers.Scenarios.LMS_FeeWaiver_03"/>
</testsuite> <!-- feewaivers.Scenarios.LMS_FeeWaiver_03 -->
