<?xml version="1.0" encoding="UTF-8"?>
<!-- Generated by org.testng.reporters.JUnitReportReporter -->
<testsuite skipped="0" hostname="TESTING-029" name="Demo.LAEP_End2End_15_main" tests="6" failures="0" timestamp="13 Aug 2019 10:48:49 GMT" time="1337.877" errors="0">
  <testcase name="BrowserLaunch" time="3.080" classname="Demo.LAEP_End2End_15_main"/>
  <testcase name="LoginApplication" time="847.639" classname="Demo.LAEP_End2End_15_main"/>
  <testcase name="TC_QC" time="103.490" classname="Demo.LAEP_End2End_15_main"/>
  <testcase name="TC_CRA_1" time="252.758" classname="Demo.LAEP_End2End_15_main"/>
  <testcase name="TC_L2" time="68.630" classname="Demo.LAEP_End2End_15_main"/>
  <testcase name="TC_CRA_VerifyCreditLevel" time="62.280" classname="Demo.LAEP_End2End_15_main"/>
</testsuite> <!-- Demo.LAEP_End2End_15_main -->
