<?xml version="1.0" encoding="UTF-8"?>
<!-- Generated by org.testng.reporters.JUnitReportReporter -->
<testsuite skipped="0" hostname="TESTING-29" name="Demo.CLICX_BL_Approve_Main" tests="6" failures="0" timestamp="12 Jul 2019 09:29:28 GMT" time="377.650" errors="0">
  <testcase name="BrowserLaunch" time="3.294" classname="Demo.CLICX_BL_Approve_Main"/>
  <testcase name="TC_BL_DDE" time="175.981" classname="Demo.CLICX_BL_Approve_Main"/>
  <testcase name="TC_QCstage" time="51.820" classname="Demo.CLICX_BL_Approve_Main"/>
  <testcase name="TC_CRA1st" time="51.248" classname="Demo.CLICX_BL_Approve_Main"/>
  <testcase name="TC_CRA2" time="39.128" classname="Demo.CLICX_BL_Approve_Main"/>
  <testcase name="TC_L2" time="56.179" classname="Demo.CLICX_BL_Approve_Main"/>
</testsuite> <!-- Demo.CLICX_BL_Approve_Main -->
