<?xml version="1.0" encoding="UTF-8"?>
<!-- Generated by org.testng.reporters.JUnitReportReporter -->
<testsuite skipped="0" hostname="TESTING-029" name="BL_main.BL_End2End_54_main" tests="7" failures="0" timestamp="10 Oct 2019 11:16:00 GMT" time="768.870" errors="0">
  <testcase name="BrowserLaunch" time="1.522" classname="BL_main.BL_End2End_54_main"/>
  <testcase name="LoginApplication" time="346.077" classname="BL_main.BL_End2End_54_main"/>
  <testcase name="TC_QC" time="48.702" classname="BL_main.BL_End2End_54_main"/>
  <testcase name="TC_CRA_1" time="107.245" classname="BL_main.BL_End2End_54_main"/>
  <testcase name="TC_CreditLevels" time="64.280" classname="BL_main.BL_End2End_54_main"/>
  <testcase name="TC_SalesManager" time="35.152" classname="BL_main.BL_End2End_54_main"/>
  <testcase name="TC_PSV" time="165.892" classname="BL_main.BL_End2End_54_main"/>
</testsuite> <!-- BL_main.BL_End2End_54_main -->
