<?xml version="1.0" encoding="UTF-8"?>
<!-- Generated by org.testng.reporters.JUnitReportReporter -->
<testsuite skipped="0" hostname="TESTING-nasr-PC" name="LMS_Scenarios.LMS_Cheque_DepositMaker_TwoRequest10" tests="5" failures="0" timestamp="08 May 2020 10:58:20 GMT" time="306.111" errors="0">
  <testcase name="TC001_LaunchBrowser" time="5.028" classname="LMS_Scenarios.LMS_Cheque_DepositMaker_TwoRequest10"/>
  <testcase name="TC001_PaymentVerification_BeforePayment" time="86.076" classname="LMS_Scenarios.LMS_Cheque_DepositMaker_TwoRequest10"/>
  <testcase name="TC002_ReceiptMaker" time="91.913" classname="LMS_Scenarios.LMS_Cheque_DepositMaker_TwoRequest10"/>
  <testcase name="TC003_ReceiptMaker" time="91.132" classname="LMS_Scenarios.LMS_Cheque_DepositMaker_TwoRequest10"/>
  <testcase name="TC004_DepositMaker" time="31.962" classname="LMS_Scenarios.LMS_Cheque_DepositMaker_TwoRequest10"/>
</testsuite> <!-- LMS_Scenarios.LMS_Cheque_DepositMaker_TwoRequest10 -->
