<?xml version="1.0" encoding="UTF-8"?>
<!-- Generated by org.testng.reporters.JUnitReportReporter -->
<testsuite skipped="0" hostname="TESTING-29" name="Demo.CLICX_LAEP_RCU_main" tests="14" failures="0" timestamp="12 Jul 2019 11:55:21 GMT" time="773.908" errors="0">
  <testcase name="BrowserLaunch" time="4.448" classname="Demo.CLICX_LAEP_RCU_main"/>
  <testcase name="LoginApplication" time="179.178" classname="Demo.CLICX_LAEP_RCU_main"/>
  <testcase name="TC_QCstage" time="45.778" classname="Demo.CLICX_LAEP_RCU_main"/>
  <testcase name="TC_CRA_1" time="39.934" classname="Demo.CLICX_LAEP_RCU_main"/>
  <testcase name="TC_CRA_2nd" time="37.960" classname="Demo.CLICX_LAEP_RCU_main"/>
  <testcase name="TC_L1" time="48.217" classname="Demo.CLICX_LAEP_RCU_main"/>
  <testcase name="TC_RSM" time="35.646" classname="Demo.CLICX_LAEP_RCU_main"/>
  <testcase name="TC_PSV" time="35.547" classname="Demo.CLICX_LAEP_RCU_main"/>
  <testcase name="TC_PSC" time="39.789" classname="Demo.CLICX_LAEP_RCU_main"/>
  <testcase name="TC_admin" time="82.361" classname="Demo.CLICX_LAEP_RCU_main"/>
  <testcase name="TC_PSC2" time="44.619" classname="Demo.CLICX_LAEP_RCU_main"/>
  <testcase name="TC_OPRMAKER" time="95.799" classname="Demo.CLICX_LAEP_RCU_main"/>
  <testcase name="TC_OPRAPPROVER" time="54.332" classname="Demo.CLICX_LAEP_RCU_main"/>
  <testcase name="TC_AUTHOR1" time="30.300" classname="Demo.CLICX_LAEP_RCU_main"/>
</testsuite> <!-- Demo.CLICX_LAEP_RCU_main -->
