<?xml version="1.0" encoding="UTF-8"?>
<!-- Generated by org.testng.reporters.JUnitReportReporter -->
<testsuite skipped="0" hostname="TESTING-029" name="Demo.LAEP_End2End_83_main" tests="11" failures="0" timestamp="23 Aug 2019 09:27:23 GMT" time="1066.182" errors="0">
  <testcase name="BrowserLaunch" time="4.394" classname="Demo.LAEP_End2End_83_main"/>
  <testcase name="LoginApplication" time="407.835" classname="Demo.LAEP_End2End_83_main"/>
  <testcase name="TC_QCstage" time="78.762" classname="Demo.LAEP_End2End_83_main"/>
  <testcase name="TC_CRA_1" time="113.850" classname="Demo.LAEP_End2End_83_main"/>
  <testcase name="TC_L2" time="59.450" classname="Demo.LAEP_End2End_83_main"/>
  <testcase name="TC_RSM" time="42.885" classname="Demo.LAEP_End2End_83_main"/>
  <testcase name="TC_PSV" time="72.973" classname="Demo.LAEP_End2End_83_main"/>
  <testcase name="TC_PSC" time="42.973" classname="Demo.LAEP_End2End_83_main"/>
  <testcase name="TC_admin" time="120.948" classname="Demo.LAEP_End2End_83_main"/>
  <testcase name="TC_PSC2" time="97.425" classname="Demo.LAEP_End2End_83_main"/>
  <testcase name="TC_adminVerifyReject" time="24.687" classname="Demo.LAEP_End2End_83_main"/>
</testsuite> <!-- Demo.LAEP_End2End_83_main -->
