<?xml version="1.0" encoding="UTF-8"?>
<!-- Generated by org.testng.reporters.JUnitReportReporter -->
<testsuite skipped="0" hostname="TESTING-29" name="Demo.CLIX_LAEP_28_main" tests="11" failures="0" timestamp="18 Jul 2019 12:03:45 GMT" time="610.168" errors="0">
  <testcase name="BrowserLaunch" time="3.569" classname="Demo.CLIX_LAEP_28_main"/>
  <testcase name="TC_BL_DDE" time="209.974" classname="Demo.CLIX_LAEP_28_main"/>
  <testcase name="TC_QCstage" time="54.613" classname="Demo.CLIX_LAEP_28_main"/>
  <testcase name="TC_CRA1st" time="52.178" classname="Demo.CLIX_LAEP_28_main"/>
  <testcase name="TC_CRA2" time="40.635" classname="Demo.CLIX_LAEP_28_main"/>
  <testcase name="TC_L2" time="60.962" classname="Demo.CLIX_LAEP_28_main"/>
  <testcase name="TC_RSM" time="35.415" classname="Demo.CLIX_LAEP_28_main"/>
  <testcase name="TC_PSV" time="52.401" classname="Demo.CLIX_LAEP_28_main"/>
  <testcase name="TC_VerifyCRA2" time="35.480" classname="Demo.CLIX_LAEP_28_main"/>
  <testcase name="TC_VerifyL2" time="36.229" classname="Demo.CLIX_LAEP_28_main"/>
  <testcase name="TC_VerifyRSM" time="28.712" classname="Demo.CLIX_LAEP_28_main"/>
</testsuite> <!-- Demo.CLIX_LAEP_28_main -->
