<?xml version="1.0" encoding="UTF-8"?>
<!-- Generated by org.testng.reporters.JUnitReportReporter -->
<testsuite skipped="0" hostname="TESTING-029" name="BL_main.BL_End2End_30_main" tests="10" failures="0" timestamp="20 Sep 2019 05:52:51 GMT" time="1183.657" errors="0">
  <testcase name="BrowserLaunch" time="17.203" classname="BL_main.BL_End2End_30_main"/>
  <testcase name="LoginApplication" time="354.461" classname="BL_main.BL_End2End_30_main"/>
  <testcase name="TC_QCstage" time="92.696" classname="BL_main.BL_End2End_30_main"/>
  <testcase name="TC_CRA1st" time="136.249" classname="BL_main.BL_End2End_30_main"/>
  <testcase name="TC_CreditLevels" time="81.559" classname="BL_main.BL_End2End_30_main"/>
  <testcase name="TC_SalesManager" time="40.768" classname="BL_main.BL_End2End_30_main"/>
  <testcase name="TC_PSV" time="172.384" classname="BL_main.BL_End2End_30_main"/>
  <testcase name="TC_VerifyCRA2" time="51.544" classname="BL_main.BL_End2End_30_main"/>
  <testcase name="TC_VerifyCreditLevels" time="170.828" classname="BL_main.BL_End2End_30_main"/>
  <testcase name="TC_VerifySalesManager" time="65.965" classname="BL_main.BL_End2End_30_main"/>
</testsuite> <!-- BL_main.BL_End2End_30_main -->
