<?xml version="1.0" encoding="UTF-8"?>
<!-- Generated by org.testng.reporters.JUnitReportReporter -->
<testsuite skipped="0" hostname="TESTING-029" name="Demo.LAEP_End2End_62_main" tests="7" failures="0" timestamp="21 Sep 2019 10:27:00 GMT" time="977.037" errors="0">
  <testcase name="BrowserLaunch" time="1.591" classname="Demo.LAEP_End2End_62_main"/>
  <testcase name="LoginApplication" time="545.549" classname="Demo.LAEP_End2End_62_main"/>
  <testcase name="TC_QC" time="62.873" classname="Demo.LAEP_End2End_62_main"/>
  <testcase name="TC_CRA_1" time="176.385" classname="Demo.LAEP_End2End_62_main"/>
  <testcase name="TC_CreditLevels" time="84.976" classname="Demo.LAEP_End2End_62_main"/>
  <testcase name="TC_SalesManager" time="53.437" classname="Demo.LAEP_End2End_62_main"/>
  <testcase name="TC_PSV" time="52.226" classname="Demo.LAEP_End2End_62_main"/>
</testsuite> <!-- Demo.LAEP_End2End_62_main -->
