<?xml version="1.0" encoding="UTF-8"?>
<!-- Generated by org.testng.reporters.JUnitReportReporter -->
<testsuite skipped="0" hostname="TESTING-54" name="receivable.payable.scenario.LMS_Receivable_07" tests="7" failures="0" timestamp="2020-02-13T15:09:49 IST" time="437.360" errors="0">
  <testcase name="TC001_LaunchBrowser" time="1.890" classname="receivable.payable.scenario.LMS_Receivable_07"/>
  <testcase name="TC001_PaymentVerification_BeforePayment" time="65.543" classname="receivable.payable.scenario.LMS_Receivable_07"/>
  <testcase name="chargesimplement" time="101.963" classname="receivable.payable.scenario.LMS_Receivable_07"/>
  <testcase name="TC003_ReceiptMaker" time="83.935" classname="receivable.payable.scenario.LMS_Receivable_07"/>
  <testcase name="TC005_DepositApprover" time="63.052" classname="receivable.payable.scenario.LMS_Receivable_07"/>
  <testcase name="TC005_verifying" time="87.116" classname="receivable.payable.scenario.LMS_Receivable_07"/>
  <testcase name="TC005_verifyingInManualAdviceEnquiry" time="33.861" classname="receivable.payable.scenario.LMS_Receivable_07"/>
</testsuite> <!-- receivable.payable.scenario.LMS_Receivable_07 -->
