<?xml version="1.0" encoding="UTF-8"?>
<!-- Generated by org.testng.reporters.JUnitReportReporter -->
<testsuite skipped="0" hostname="TESTING-29" name="Demo.CLIX_LAEP_22nd_main" tests="7" failures="0" timestamp="18 Jul 2019 06:22:23 GMT" time="447.649" errors="0">
  <testcase name="BrowserLaunch" time="3.240" classname="Demo.CLIX_LAEP_22nd_main"/>
  <testcase name="TC_BL_DDE" time="203.225" classname="Demo.CLIX_LAEP_22nd_main"/>
  <testcase name="TC_QCstage" time="51.730" classname="Demo.CLIX_LAEP_22nd_main"/>
  <testcase name="TC_CRA1st" time="50.834" classname="Demo.CLIX_LAEP_22nd_main"/>
  <testcase name="TC_CRA2" time="37.953" classname="Demo.CLIX_LAEP_22nd_main"/>
  <testcase name="TC_L2" time="58.070" classname="Demo.CLIX_LAEP_22nd_main"/>
  <testcase name="TC_RSM" time="42.597" classname="Demo.CLIX_LAEP_22nd_main"/>
</testsuite> <!-- Demo.CLIX_LAEP_22nd_main -->
