<?xml version="1.0" encoding="UTF-8"?>
<!-- Generated by org.testng.reporters.JUnitReportReporter -->
<testsuite skipped="0" hostname="TESTING-029" name="Demo.LAEP_End2End_97_main" tests="12" failures="0" timestamp="23 Sep 2019 08:34:49 GMT" time="1651.130" errors="0">
  <testcase name="BrowserLaunch" time="6.482" classname="Demo.LAEP_End2End_97_main"/>
  <testcase name="LoginApplication" time="504.412" classname="Demo.LAEP_End2End_97_main"/>
  <testcase name="TC_QC" time="79.081" classname="Demo.LAEP_End2End_97_main"/>
  <testcase name="TC_CRA_1" time="184.299" classname="Demo.LAEP_End2End_97_main"/>
  <testcase name="TC_CreditLevels" time="101.867" classname="Demo.LAEP_End2End_97_main"/>
  <testcase name="TC_SalesManager" time="74.687" classname="Demo.LAEP_End2End_97_main"/>
  <testcase name="TC_PSV" time="88.623" classname="Demo.LAEP_End2End_97_main"/>
  <testcase name="TC_PSC" time="95.139" classname="Demo.LAEP_End2End_97_main"/>
  <testcase name="TC_OPRMAKER" time="219.706" classname="Demo.LAEP_End2End_97_main"/>
  <testcase name="TC_OPRAPPROVER" time="137.232" classname="Demo.LAEP_End2End_97_main"/>
  <testcase name="TC_AUTHOR1" time="72.180" classname="Demo.LAEP_End2End_97_main"/>
  <testcase name="TC_AUTHOR2" time="87.422" classname="Demo.LAEP_End2End_97_main"/>
</testsuite> <!-- Demo.LAEP_End2End_97_main -->
