<?xml version="1.0" encoding="UTF-8"?>
<!-- Generated by org.testng.reporters.JUnitReportReporter -->
<testsuite hostname="DESKTOP-SA53JDE" failures="0" tests="3" name="Reliance_Suites.TW_Module" time="362.465" errors="0" timestamp="2023-03-29T19:22:55 IST" skipped="0">
  <testcase classname="Reliance_Suites.TW_Module" name="Credential" time="36.538"/>
  <system-out/>
  <testcase classname="Reliance_Suites.TW_Module" name="TwoWheeler" time="153.901"/>
  <system-out/>
  <testcase classname="Reliance_Suites.TW_Module" name="TwoWheelerLiability" time="172.026"/>
  <system-out/>
</testsuite> <!-- Reliance_Suites.TW_Module -->
