<?xml version="1.0" encoding="UTF-8"?>
<!-- Generated by org.testng.reporters.JUnitReportReporter -->
<testsuite skipped="0" hostname="TESTING-029" name="LMS_Scenarios.LMS_Scenario_2" tests="6" failures="0" timestamp="29 Oct 2019 10:38:00 GMT" time="347.051" errors="0">
  <testcase name="TC001_LaunchBrowser" time="5.249" classname="LMS_Scenarios.LMS_Scenario_2"/>
  <testcase name="TC002_ReceiptMaker" time="79.637" classname="LMS_Scenarios.LMS_Scenario_2"/>
  <testcase name="TC002_ReceiptApprover" time="67.897" classname="LMS_Scenarios.LMS_Scenario_2"/>
  <testcase name="TC003_ReceiptMaker" time="64.727" classname="LMS_Scenarios.LMS_Scenario_2"/>
  <testcase name="TC004_ApproveReciept" time="60.568" classname="LMS_Scenarios.LMS_Scenario_2"/>
  <testcase name="TC005_PaymentVerificatiion" time="68.973" classname="LMS_Scenarios.LMS_Scenario_2"/>
</testsuite> <!-- LMS_Scenarios.LMS_Scenario_2 -->
