<?xml version="1.0" encoding="UTF-8"?>
<!-- Generated by org.testng.reporters.JUnitReportReporter -->
<testsuite skipped="3" hostname="TESTING-029" name="Demo.LAEP_End2End_87_main" tests="11" failures="0" timestamp="19 Sep 2019 06:46:30 GMT" time="1072.809" errors="0">
  <testcase name="BrowserLaunch" time="6.620" classname="Demo.LAEP_End2End_87_main"/>
  <testcase name="TC_CreditLevels" time="131.254" classname="Demo.LAEP_End2End_87_main"/>
  <testcase name="TC_SalesManager" time="110.968" classname="Demo.LAEP_End2End_87_main"/>
  <testcase name="TC_PSV" time="218.848" classname="Demo.LAEP_End2End_87_main"/>
  <testcase name="TC_PSC" time="117.713" classname="Demo.LAEP_End2End_87_main"/>
  <testcase name="TC_OPRMAKER" time="284.577" classname="Demo.LAEP_End2End_87_main"/>
  <testcase name="TC_OPRAPPROVER" time="116.179" classname="Demo.LAEP_End2End_87_main"/>
  <testcase name="TC_AUTHOR1" time="86.650" classname="Demo.LAEP_End2End_87_main"/>
  <testcase name="LoginApplication" classname="Demo.LAEP_End2End_87_main">
    <skipped/>
  </testcase> <!-- LoginApplication -->
  <testcase name="TC_QC" classname="Demo.LAEP_End2End_87_main">
    <skipped/>
  </testcase> <!-- TC_QC -->
  <testcase name="TC_CRA_1" classname="Demo.LAEP_End2End_87_main">
    <skipped/>
  </testcase> <!-- TC_CRA_1 -->
</testsuite> <!-- Demo.LAEP_End2End_87_main -->
