<?xml version="1.0" encoding="UTF-8"?>
<!-- Generated by org.testng.reporters.JUnitReportReporter -->
<testsuite skipped="0" hostname="TESTING-029" name="LMS_Scenarios.Scenario_2" tests="3" failures="0" timestamp="15 Oct 2019 12:58:47 GMT" time="154.277" errors="0">
  <testcase name="TC001_LaunchBrowser" time="6.773" classname="LMS_Scenarios.Scenario_2"/>
  <testcase name="TC002_ReceiptMaker" time="72.655" classname="LMS_Scenarios.Scenario_2"/>
  <testcase name="TC002_ReceiptApprover" time="74.849" classname="LMS_Scenarios.Scenario_2"/>
</testsuite> <!-- LMS_Scenarios.Scenario_2 -->
