<?xml version="1.0" encoding="UTF-8"?>
<!-- Generated by org.testng.reporters.JUnitReportReporter -->
<testsuite skipped="0" hostname="TESTING-029" name="LMS_Scenarios.LMS_Scenario_3" tests="6" failures="0" timestamp="04 Nov 2019 13:48:39 GMT" time="365.783" errors="0">
  <testcase name="TC001_LaunchBrowser" time="3.446" classname="LMS_Scenarios.LMS_Scenario_3"/>
  <testcase name="TC002_ReceiptMaker" time="84.036" classname="LMS_Scenarios.LMS_Scenario_3"/>
  <testcase name="TC002_ReceiptApprover" time="70.566" classname="LMS_Scenarios.LMS_Scenario_3"/>
  <testcase name="TC003_ReceiptMaker" time="64.382" classname="LMS_Scenarios.LMS_Scenario_3"/>
  <testcase name="TC004_ApproveReciept" time="59.019" classname="LMS_Scenarios.LMS_Scenario_3"/>
  <testcase name="TC005_PaymentVerificatiion" time="84.334" classname="LMS_Scenarios.LMS_Scenario_3"/>
</testsuite> <!-- LMS_Scenarios.LMS_Scenario_3 -->
