<?xml version="1.0" encoding="UTF-8"?>
<!-- Generated by org.testng.reporters.JUnitReportReporter -->
<testsuite skipped="0" hostname="TESTING-029" name="BL_main.BL_End2End_15_main" tests="6" failures="0" timestamp="30 Aug 2019 07:10:00 GMT" time="1573.523" errors="0">
  <testcase name="BrowserLaunch" time="12.125" classname="BL_main.BL_End2End_15_main"/>
  <testcase name="LoginApplication" time="897.024" classname="BL_main.BL_End2End_15_main"/>
  <testcase name="TC_QC" time="119.609" classname="BL_main.BL_End2End_15_main"/>
  <testcase name="TC_CRA_1" time="262.866" classname="BL_main.BL_End2End_15_main"/>
  <testcase name="TC_L2" time="151.923" classname="BL_main.BL_End2End_15_main"/>
  <testcase name="TC_L1" time="129.976" classname="BL_main.BL_End2End_15_main"/>
</testsuite> <!-- BL_main.BL_End2End_15_main -->
