<?xml version="1.0" encoding="UTF-8"?>
<!-- Generated by org.testng.reporters.JUnitReportReporter -->
<testsuite skipped="2" hostname="TESTING-029" name="LMS_Scenarios.LMS_Scenario_21" tests="10" failures="0" timestamp="26 Nov 2019 13:30:12 GMT" time="490.352" errors="0">
  <testcase name="TC001_LaunchBrowser" time="6.228" classname="LMS_Scenarios.LMS_Scenario_21"/>
  <testcase name="TC001_PaymentVerification_BeforePayment" time="68.765" classname="LMS_Scenarios.LMS_Scenario_21"/>
  <testcase name="TC002_ReceiptMaker" time="79.256" classname="LMS_Scenarios.LMS_Scenario_21"/>
  <testcase name="TC002_ReceiptApprover" time="54.845" classname="LMS_Scenarios.LMS_Scenario_21"/>
  <testcase name="TC005_PaymentVerification" time="89.279" classname="LMS_Scenarios.LMS_Scenario_21"/>
  <testcase name="TC004_ReceiptCancel" time="54.161" classname="LMS_Scenarios.LMS_Scenario_21"/>
  <testcase name="TC005_ApproveCancelledReceipt" time="47.819" classname="LMS_Scenarios.LMS_Scenario_21"/>
  <testcase name="TC006_PaymentVerificatiion" time="89.999" classname="LMS_Scenarios.LMS_Scenario_21"/>
  <testcase name="RunEOD" classname="LMS_Scenarios.LMS_Scenario_21">
    <skipped/>
  </testcase> <!-- RunEOD -->
  <testcase name="PenaltyCheck" classname="LMS_Scenarios.LMS_Scenario_21">
    <skipped/>
  </testcase> <!-- PenaltyCheck -->
</testsuite> <!-- LMS_Scenarios.LMS_Scenario_21 -->
