<?xml version="1.0" encoding="UTF-8"?>
<!-- Generated by org.testng.reporters.JUnitReportReporter -->
<testsuite skipped="0" hostname="TESTING-029" name="Demo.LAEP_End2End_20_main" tests="7" failures="0" timestamp="03 Aug 2019 07:26:00 GMT" time="508.370" errors="0">
  <testcase name="BrowserLaunch" time="2.603" classname="Demo.LAEP_End2End_20_main"/>
  <testcase name="TC_Initiation" time="213.939" classname="Demo.LAEP_End2End_20_main"/>
  <testcase name="TC_QCstage" time="62.023" classname="Demo.LAEP_End2End_20_main"/>
  <testcase name="TC_CRA1st" time="63.896" classname="Demo.LAEP_End2End_20_main"/>
  <testcase name="TC_CRA2" time="48.975" classname="Demo.LAEP_End2End_20_main"/>
  <testcase name="TC_L2" time="70.094" classname="Demo.LAEP_End2End_20_main"/>
  <testcase name="TC_RSM" time="46.840" classname="Demo.LAEP_End2End_20_main"/>
</testsuite> <!-- Demo.LAEP_End2End_20_main -->
