<?xml version="1.0" encoding="UTF-8"?>
<!-- Generated by org.testng.reporters.JUnitReportReporter -->
<testsuite skipped="0" hostname="TESTING-029" name="LMS_Scenarios.LMS_Scenario_19" tests="7" failures="0" timestamp="30 Oct 2019 10:34:51 GMT" time="423.771" errors="0">
  <testcase name="TC001_LaunchBrowser" time="8.144" classname="LMS_Scenarios.LMS_Scenario_19"/>
  <testcase name="TC002_ReceiptMaker" time="77.219" classname="LMS_Scenarios.LMS_Scenario_19"/>
  <testcase name="TC002_ReceiptApprover" time="55.859" classname="LMS_Scenarios.LMS_Scenario_19"/>
  <testcase name="TC003_PaymentVerificatiion" time="84.995" classname="LMS_Scenarios.LMS_Scenario_19"/>
  <testcase name="TC004_ReceiptCancel" time="59.993" classname="LMS_Scenarios.LMS_Scenario_19"/>
  <testcase name="TC005_ApproveCancelledReceipt" time="54.250" classname="LMS_Scenarios.LMS_Scenario_19"/>
  <testcase name="TC006_PaymentVerificatiion" time="83.311" classname="LMS_Scenarios.LMS_Scenario_19"/>
</testsuite> <!-- LMS_Scenarios.LMS_Scenario_19 -->
