<?xml version="1.0" encoding="UTF-8"?>
<!-- Generated by org.testng.reporters.JUnitReportReporter -->
<testsuite skipped="0" hostname="TESTING-029" name="BL_main.BL_End2End_06_main" tests="5" failures="0" timestamp="06 Sep 2019 05:48:56 GMT" time="613.516" errors="0">
  <testcase name="BrowserLaunch" time="5.119" classname="BL_main.BL_End2End_06_main"/>
  <testcase name="LoginApplication" time="353.646" classname="BL_main.BL_End2End_06_main"/>
  <testcase name="TC_QC" time="85.751" classname="BL_main.BL_End2End_06_main"/>
  <testcase name="TC_CRA1st" time="113.966" classname="BL_main.BL_End2End_06_main"/>
  <testcase name="TC_L2" time="55.034" classname="BL_main.BL_End2End_06_main"/>
</testsuite> <!-- BL_main.BL_End2End_06_main -->
