<?xml version="1.0" encoding="UTF-8"?>
<!-- Generated by org.testng.reporters.JUnitReportReporter -->
<testsuite skipped="0" hostname="TESTING-nasr-PC" name="LMS_Scenarios.LMS_DD_DepositApprover_TwoRequest10" tests="8" failures="0" timestamp="28 Apr 2020 12:51:55 GMT" time="514.798" errors="0">
  <testcase name="TC001_LaunchBrowser" time="6.890" classname="LMS_Scenarios.LMS_DD_DepositApprover_TwoRequest10"/>
  <testcase name="TC001_PaymentVerification_BeforePayment" time="88.679" classname="LMS_Scenarios.LMS_DD_DepositApprover_TwoRequest10"/>
  <testcase name="TC002_ReceiptMaker" time="93.925" classname="LMS_Scenarios.LMS_DD_DepositApprover_TwoRequest10"/>
  <testcase name="TC003_DepositMaker" time="62.822" classname="LMS_Scenarios.LMS_DD_DepositApprover_TwoRequest10"/>
  <testcase name="TC004_ReceiptMaker" time="94.254" classname="LMS_Scenarios.LMS_DD_DepositApprover_TwoRequest10"/>
  <testcase name="TC005_DepositApprover" time="54.387" classname="LMS_Scenarios.LMS_DD_DepositApprover_TwoRequest10"/>
  <testcase name="TC005_DepositMaker" time="62.756" classname="LMS_Scenarios.LMS_DD_DepositApprover_TwoRequest10"/>
  <testcase name="TC006_DepositApprover02" time="51.085" classname="LMS_Scenarios.LMS_DD_DepositApprover_TwoRequest10"/>
</testsuite> <!-- LMS_Scenarios.LMS_DD_DepositApprover_TwoRequest10 -->
