<?xml version="1.0" encoding="UTF-8"?>
<!-- Generated by org.testng.reporters.JUnitReportReporter -->
<testsuite skipped="0" hostname="TESTING-54" name="earlystatement.scenario.LMS_EarlySettlement_03" tests="9" failures="0" timestamp="2020-02-06T16:00:57 IST" time="1531.611" errors="0">
  <testcase name="TC001_LaunchBrowser" time="1.488" classname="earlystatement.scenario.LMS_EarlySettlement_03"/>
  <testcase name="TC001_PaymentVerification_BeforePayment" time="66.577" classname="earlystatement.scenario.LMS_EarlySettlement_03"/>
  <testcase name="TC002_ReceiptMaker" time="105.217" classname="earlystatement.scenario.LMS_EarlySettlement_03"/>
  <testcase name="TC003_DepositMaker" time="68.440" classname="earlystatement.scenario.LMS_EarlySettlement_03"/>
  <testcase name="TC004_DepositApprover" time="55.770" classname="earlystatement.scenario.LMS_EarlySettlement_03"/>
  <testcase name="RunEOD" time="1011.760" classname="earlystatement.scenario.LMS_EarlySettlement_03"/>
  <testcase name="TC006_RealizationMaker" time="83.447" classname="earlystatement.scenario.LMS_EarlySettlement_03"/>
  <testcase name="TC007_RealizationApprover" time="52.824" classname="earlystatement.scenario.LMS_EarlySettlement_03"/>
  <testcase name="TC008_PaymentVerificatiion" time="86.088" classname="earlystatement.scenario.LMS_EarlySettlement_03"/>
</testsuite> <!-- earlystatement.scenario.LMS_EarlySettlement_03 -->
