<?xml version="1.0" encoding="UTF-8"?>
<!-- Generated by org.testng.reporters.JUnitReportReporter -->
<testsuite skipped="0" hostname="TESTING-17" name="LMS_Scenarios.LMS_Scenario_10" tests="4" failures="0" timestamp="2019-12-09T19:28:12 IST" time="223.692" errors="0">
  <testcase name="TC001_LaunchBrowser" time="2.026" classname="LMS_Scenarios.LMS_Scenario_10"/>
  <testcase name="TC002_ReceiptMaker" time="95.280" classname="LMS_Scenarios.LMS_Scenario_10"/>
  <testcase name="TC003_ReceiptMaker" time="94.632" classname="LMS_Scenarios.LMS_Scenario_10"/>
  <testcase name="TC003_DepositMaker" time="31.754" classname="LMS_Scenarios.LMS_Scenario_10"/>
</testsuite> <!-- LMS_Scenarios.LMS_Scenario_10 -->
