<?xml version="1.0" encoding="UTF-8"?>
<!-- Generated by org.testng.reporters.JUnitReportReporter -->
<testsuite skipped="9" hostname="TESTING-029" name="Demo.LAEP_End2End_95_main" tests="11" failures="0" timestamp="21 Sep 2019 12:44:43 GMT" time="69.703" errors="0">
  <testcase name="BrowserLaunch" time="1.956" classname="Demo.LAEP_End2End_95_main"/>
  <testcase name="TC_AUTHOR1" time="67.747" classname="Demo.LAEP_End2End_95_main"/>
  <testcase name="TC_OPRMAKER" classname="Demo.LAEP_End2End_95_main">
    <skipped/>
  </testcase> <!-- TC_OPRMAKER -->
  <testcase name="TC_CreditLevels" classname="Demo.LAEP_End2End_95_main">
    <skipped/>
  </testcase> <!-- TC_CreditLevels -->
  <testcase name="TC_QC" classname="Demo.LAEP_End2End_95_main">
    <skipped/>
  </testcase> <!-- TC_QC -->
  <testcase name="TC_PSC" classname="Demo.LAEP_End2End_95_main">
    <skipped/>
  </testcase> <!-- TC_PSC -->
  <testcase name="TC_CRA_1" classname="Demo.LAEP_End2End_95_main">
    <skipped/>
  </testcase> <!-- TC_CRA_1 -->
  <testcase name="TC_PSV" classname="Demo.LAEP_End2End_95_main">
    <skipped/>
  </testcase> <!-- TC_PSV -->
  <testcase name="LoginApplication" classname="Demo.LAEP_End2End_95_main">
    <skipped/>
  </testcase> <!-- LoginApplication -->
  <testcase name="TC_OPRAPPROVER" classname="Demo.LAEP_End2End_95_main">
    <skipped/>
  </testcase> <!-- TC_OPRAPPROVER -->
  <testcase name="TC_SalesManager" classname="Demo.LAEP_End2End_95_main">
    <skipped/>
  </testcase> <!-- TC_SalesManager -->
</testsuite> <!-- Demo.LAEP_End2End_95_main -->
