<?xml version="1.0" encoding="UTF-8"?>
<!-- Generated by org.testng.reporters.JUnitReportReporter -->
<testsuite skipped="0" hostname="TESTING-029" name="BL_main.BL_End2End_37_main" tests="12" failures="0" timestamp="09 Oct 2019 06:38:54 GMT" time="1198.508" errors="0">
  <testcase name="BrowserLaunch" time="3.170" classname="BL_main.BL_End2End_37_main"/>
  <testcase name="LoginApplication" time="319.203" classname="BL_main.BL_End2End_37_main"/>
  <testcase name="TC_QCstage" time="76.933" classname="BL_main.BL_End2End_37_main"/>
  <testcase name="TC_CRA_1" time="126.716" classname="BL_main.BL_End2End_37_main"/>
  <testcase name="TC_CreditLevels" time="65.509" classname="BL_main.BL_End2End_37_main"/>
  <testcase name="TC_SalesManager" time="39.860" classname="BL_main.BL_End2End_37_main"/>
  <testcase name="TC_PSV" time="92.166" classname="BL_main.BL_End2End_37_main"/>
  <testcase name="TC_PSC" time="45.093" classname="BL_main.BL_End2End_37_main"/>
  <testcase name="TC_admin" time="136.237" classname="BL_main.BL_End2End_37_main"/>
  <testcase name="TC_PSC2" time="119.370" classname="BL_main.BL_End2End_37_main"/>
  <testcase name="TC_CRAtoQC" time="114.513" classname="BL_main.BL_End2End_37_main"/>
  <testcase name="TC_QC_Fraud" time="59.738" classname="BL_main.BL_End2End_37_main"/>
</testsuite> <!-- BL_main.BL_End2End_37_main -->
