<?xml version="1.0" encoding="UTF-8"?>
<!-- Generated by org.testng.reporters.JUnitReportReporter -->
<testsuite skipped="0" hostname="TESTING-029" name="Demo.LAEP_End2End_82_main" tests="11" failures="0" timestamp="03 Aug 2019 09:14:57 GMT" time="662.652" errors="0">
  <testcase name="BrowserLaunch" time="2.395" classname="Demo.LAEP_End2End_82_main"/>
  <testcase name="LoginApplication" time="214.484" classname="Demo.LAEP_End2End_82_main"/>
  <testcase name="TC_QC" time="51.510" classname="Demo.LAEP_End2End_82_main"/>
  <testcase name="TC_CRA_1" time="42.494" classname="Demo.LAEP_End2End_82_main"/>
  <testcase name="TC_CRA_2nd" time="42.081" classname="Demo.LAEP_End2End_82_main"/>
  <testcase name="TC_L1" time="52.957" classname="Demo.LAEP_End2End_82_main"/>
  <testcase name="TC_RSM" time="38.968" classname="Demo.LAEP_End2End_82_main"/>
  <testcase name="TC_PSV" time="38.736" classname="Demo.LAEP_End2End_82_main"/>
  <testcase name="TC_PSC" time="42.158" classname="Demo.LAEP_End2End_82_main"/>
  <testcase name="TC_admin" time="74.952" classname="Demo.LAEP_End2End_82_main"/>
  <testcase name="TC_PSC2" time="61.917" classname="Demo.LAEP_End2End_82_main"/>
</testsuite> <!-- Demo.LAEP_End2End_82_main -->
