<?xml version="1.0" encoding="UTF-8"?>
<!-- Generated by org.testng.reporters.JUnitReportReporter -->
<testsuite skipped="0" hostname="TESTING-029" name="BL_main.BL_End2End_83_main" tests="10" failures="0" timestamp="03 Oct 2019 06:21:21 GMT" time="886.017" errors="0">
  <testcase name="BrowserLaunch" time="3.326" classname="BL_main.BL_End2End_83_main"/>
  <testcase name="LoginApplication" time="314.942" classname="BL_main.BL_End2End_83_main"/>
  <testcase name="TC_QC" time="66.474" classname="BL_main.BL_End2End_83_main"/>
  <testcase name="TC_CRA_1" time="116.532" classname="BL_main.BL_End2End_83_main"/>
  <testcase name="TC_CreditLevels" time="62.811" classname="BL_main.BL_End2End_83_main"/>
  <testcase name="TC_SalesManager" time="37.479" classname="BL_main.BL_End2End_83_main"/>
  <testcase name="TC_PSV" time="87.202" classname="BL_main.BL_End2End_83_main"/>
  <testcase name="TC_PSC" time="43.703" classname="BL_main.BL_End2End_83_main"/>
  <testcase name="TC_Admin" time="84.073" classname="BL_main.BL_End2End_83_main"/>
  <testcase name="TC_PSC2" time="69.475" classname="BL_main.BL_End2End_83_main"/>
</testsuite> <!-- BL_main.BL_End2End_83_main -->
