<?xml version="1.0" encoding="UTF-8"?>
<!-- Generated by org.testng.reporters.JUnitReportReporter -->
<testsuite skipped="0" hostname="TESTING-54" name="receivable.payable.scenario.LMS_Payable_10" tests="7" failures="0" timestamp="2020-02-14T16:52:17 IST" time="430.822" errors="0">
  <testcase name="TC001_LaunchBrowser" time="4.035" classname="receivable.payable.scenario.LMS_Payable_10"/>
  <testcase name="TC001_PaymentVerification_BeforePayment" time="69.384" classname="receivable.payable.scenario.LMS_Payable_10"/>
  <testcase name="chargesimplement" time="102.462" classname="receivable.payable.scenario.LMS_Payable_10"/>
  <testcase name="TC003_ReceiptMaker" time="66.766" classname="receivable.payable.scenario.LMS_Payable_10"/>
  <testcase name="TC005_DepositApprover" time="65.772" classname="receivable.payable.scenario.LMS_Payable_10"/>
  <testcase name="TC005_verifying" time="87.833" classname="receivable.payable.scenario.LMS_Payable_10"/>
  <testcase name="TC005_verifyingInManualAdviceEnquiry" time="34.570" classname="receivable.payable.scenario.LMS_Payable_10"/>
</testsuite> <!-- receivable.payable.scenario.LMS_Payable_10 -->
