<?xml version="1.0" encoding="UTF-8"?>
<!-- Generated by org.testng.reporters.JUnitReportReporter -->
<testsuite skipped="0" hostname="TESTING-nasr-PC" name="scenarios.mobileweb1.HomePageTest" tests="18" failures="0" timestamp="27 Apr 2021 13:50:43 GMT" time="2399.673" errors="0">
  <testcase name="TC_C790389" time="151.602" classname="scenarios.mobileweb1.HomePageTest"/>
  <testcase name="TC_C790390" time="119.461" classname="scenarios.mobileweb1.HomePageTest"/>
  <testcase name="TC_C790391" time="119.746" classname="scenarios.mobileweb1.HomePageTest"/>
  <testcase name="TC_C790392" time="120.376" classname="scenarios.mobileweb1.HomePageTest"/>
  <testcase name="TC_C790395" time="125.668" classname="scenarios.mobileweb1.HomePageTest"/>
  <testcase name="TC_C790397" time="114.642" classname="scenarios.mobileweb1.HomePageTest"/>
  <testcase name="TC_C790398" time="157.406" classname="scenarios.mobileweb1.HomePageTest"/>
  <testcase name="TC_C790399" time="124.421" classname="scenarios.mobileweb1.HomePageTest"/>
  <testcase name="TC_C790400" time="134.310" classname="scenarios.mobileweb1.HomePageTest"/>
  <testcase name="TC_C790401" time="113.427" classname="scenarios.mobileweb1.HomePageTest"/>
  <testcase name="TC_C790402" time="120.975" classname="scenarios.mobileweb1.HomePageTest"/>
  <testcase name="TC_C790403" time="115.260" classname="scenarios.mobileweb1.HomePageTest"/>
  <testcase name="TC_C790404" time="132.372" classname="scenarios.mobileweb1.HomePageTest"/>
  <testcase name="TC_C790405" time="113.828" classname="scenarios.mobileweb1.HomePageTest"/>
  <testcase name="TC_C790406" time="134.944" classname="scenarios.mobileweb1.HomePageTest"/>
  <testcase name="TC_C790394" time="124.369" classname="scenarios.mobileweb1.HomePageTest"/>
  <testcase name="TC_C790396" time="129.797" classname="scenarios.mobileweb1.HomePageTest"/>
  <testcase name="TC_C790393" time="247.069" classname="scenarios.mobileweb1.HomePageTest"/>
</testsuite> <!-- scenarios.mobileweb1.HomePageTest -->
