<?xml version="1.0" encoding="UTF-8"?>
<!-- Generated by org.testng.reporters.JUnitReportReporter -->
<testsuite skipped="0" hostname="TESTING-17" name="LMS_Scenarios.LMS_Scenarios_33" tests="9" failures="0" timestamp="2020-01-31T18:14:14 IST" time="1496.113" errors="0">
  <testcase name="TC001_LaunchBrowser" time="1.228" classname="LMS_Scenarios.LMS_Scenarios_33"/>
  <testcase name="TC001_PaymentVerification_BeforePayment" time="65.862" classname="LMS_Scenarios.LMS_Scenarios_33"/>
  <testcase name="TC002_ReceiptMaker" time="125.032" classname="LMS_Scenarios.LMS_Scenarios_33"/>
  <testcase name="TC003_DepositMaker" time="63.741" classname="LMS_Scenarios.LMS_Scenarios_33"/>
  <testcase name="TC004_DepositApprover" time="48.796" classname="LMS_Scenarios.LMS_Scenarios_33"/>
  <testcase name="RunEOD" time="971.899" classname="LMS_Scenarios.LMS_Scenarios_33"/>
  <testcase name="TC006_RealizationMaker" time="81.259" classname="LMS_Scenarios.LMS_Scenarios_33"/>
  <testcase name="TC007_RealizationApprover" time="48.964" classname="LMS_Scenarios.LMS_Scenarios_33"/>
  <testcase name="TC008_PaymentVerificatiion" time="89.332" classname="LMS_Scenarios.LMS_Scenarios_33"/>
</testsuite> <!-- LMS_Scenarios.LMS_Scenarios_33 -->
