<?xml version="1.0" encoding="UTF-8"?>
<!-- Generated by org.testng.reporters.JUnitReportReporter -->
<testsuite skipped="1" hostname="TESTING-54" name="receivable.payable.scenario.LMS_Receivable_01" tests="7" failures="0" timestamp="2020-02-10T17:07:07 IST" time="308.333" errors="0">
  <testcase name="TC001_LaunchBrowser" time="1.894" classname="receivable.payable.scenario.LMS_Receivable_01"/>
  <testcase name="chargesimplement" time="93.138" classname="receivable.payable.scenario.LMS_Receivable_01"/>
  <testcase name="TC003_ReceiptMaker" time="73.689" classname="receivable.payable.scenario.LMS_Receivable_01"/>
  <testcase name="TC005_DepositApprover" time="59.412" classname="receivable.payable.scenario.LMS_Receivable_01"/>
  <testcase name="TC005_verifying" time="46.396" classname="receivable.payable.scenario.LMS_Receivable_01"/>
  <testcase name="TC005_verifyingInManualAdviceEnquiry" time="33.804" classname="receivable.payable.scenario.LMS_Receivable_01"/>
  <testcase name="TC001_PaymentVerification_BeforePayment" classname="receivable.payable.scenario.LMS_Receivable_01">
    <skipped/>
  </testcase> <!-- TC001_PaymentVerification_BeforePayment -->
</testsuite> <!-- receivable.payable.scenario.LMS_Receivable_01 -->
