<?xml version="1.0" encoding="UTF-8"?>
<!-- Generated by org.testng.reporters.JUnitReportReporter -->
<testsuite skipped="0" hostname="TESTING-029" name="Demo.LAEP_End2End_55_main" tests="8" failures="0" timestamp="21 Sep 2019 09:18:36 GMT" time="1034.321" errors="0">
  <testcase name="BrowserLaunch" time="1.590" classname="Demo.LAEP_End2End_55_main"/>
  <testcase name="LoginApplication" time="472.209" classname="Demo.LAEP_End2End_55_main"/>
  <testcase name="TC_QC" time="66.951" classname="Demo.LAEP_End2End_55_main"/>
  <testcase name="TC_CRA_1" time="170.147" classname="Demo.LAEP_End2End_55_main"/>
  <testcase name="TC_CreditLevels" time="86.571" classname="Demo.LAEP_End2End_55_main"/>
  <testcase name="TC_SalesManager" time="56.642" classname="Demo.LAEP_End2End_55_main"/>
  <testcase name="TC_PSV" time="85.119" classname="Demo.LAEP_End2End_55_main"/>
  <testcase name="TC_PSC" time="95.092" classname="Demo.LAEP_End2End_55_main"/>
</testsuite> <!-- Demo.LAEP_End2End_55_main -->
