<?xml version="1.0" encoding="UTF-8"?>
<!-- Generated by org.testng.reporters.JUnitReportReporter -->
<testsuite skipped="0" hostname="TESTING-nasr-PC" name="feewaivers.Scenarios.LMS_FeeWaiver_04" tests="5" failures="0" timestamp="15 Apr 2020 05:40:59 GMT" time="241.733" errors="0">
  <testcase name="TC001_LaunchBrowser" time="5.208" classname="feewaivers.Scenarios.LMS_FeeWaiver_04"/>
  <testcase name="TC001_PaymentVerification_BeforePayment" time="64.386" classname="feewaivers.Scenarios.LMS_FeeWaiver_04"/>
  <testcase name="TC004_PenaltyWaive_FullAmt" time="64.591" classname="feewaivers.Scenarios.LMS_FeeWaiver_04"/>
  <testcase name="TC005_verifyingFeeEnquiry" time="43.349" classname="feewaivers.Scenarios.LMS_FeeWaiver_04"/>
  <testcase name="TC005_verifying" time="64.199" classname="feewaivers.Scenarios.LMS_FeeWaiver_04"/>
</testsuite> <!-- feewaivers.Scenarios.LMS_FeeWaiver_04 -->
